ARM GAS  C:\Users\pajoh\AppData\Local\Temp\ccRCLU4g.s 			page 1


   1              		.syntax unified
   2              		.cpu cortex-m3
   3              		.fpu softvfp
   4              		.eabi_attribute 20, 1
   5              		.eabi_attribute 21, 1
   6              		.eabi_attribute 23, 3
   7              		.eabi_attribute 24, 1
   8              		.eabi_attribute 25, 1
   9              		.eabi_attribute 26, 1
  10              		.eabi_attribute 30, 6
  11              		.eabi_attribute 34, 1
  12              		.eabi_attribute 18, 4
  13              		.thumb
  14              		.syntax unified
  15              		.file	"Count7_1.c"
  16              		.text
  17              	.Ltext0:
  18              		.cfi_sections	.debug_frame
  19              		.global	Count7_1_initVar
  20              		.bss
  21              		.type	Count7_1_initVar, %object
  22              		.size	Count7_1_initVar, 1
  23              	Count7_1_initVar:
  24 0000 00       		.space	1
  25              		.section	.text.Count7_1_Init,"ax",%progbits
  26              		.align	2
  27              		.global	Count7_1_Init
  28              		.thumb
  29              		.thumb_func
  30              		.type	Count7_1_Init, %function
  31              	Count7_1_Init:
  32              	.LFB0:
  33              		.file 1 "Generated_Source\\PSoC5\\Count7_1.c"
   1:Generated_Source\PSoC5/Count7_1.c **** /*******************************************************************************
   2:Generated_Source\PSoC5/Count7_1.c **** * File Name: Count7_1.c
   3:Generated_Source\PSoC5/Count7_1.c **** * Version 1.0
   4:Generated_Source\PSoC5/Count7_1.c **** *
   5:Generated_Source\PSoC5/Count7_1.c **** * Description:
   6:Generated_Source\PSoC5/Count7_1.c **** *  This file provides source code for the Count7 component's API.
   7:Generated_Source\PSoC5/Count7_1.c **** *
   8:Generated_Source\PSoC5/Count7_1.c **** * Note:
   9:Generated_Source\PSoC5/Count7_1.c **** *
  10:Generated_Source\PSoC5/Count7_1.c **** ********************************************************************************
  11:Generated_Source\PSoC5/Count7_1.c **** * Copyright 2013, Cypress Semiconductor Corporation.  All rights reserved.
  12:Generated_Source\PSoC5/Count7_1.c **** * You may use this file only in accordance with the license, terms, conditions,
  13:Generated_Source\PSoC5/Count7_1.c **** * disclaimers, and limitations in the end user license agreement accompanying
  14:Generated_Source\PSoC5/Count7_1.c **** * the software package with which this file was provided.
  15:Generated_Source\PSoC5/Count7_1.c **** *******************************************************************************/
  16:Generated_Source\PSoC5/Count7_1.c **** 
  17:Generated_Source\PSoC5/Count7_1.c **** #include "Count7_1.h"
  18:Generated_Source\PSoC5/Count7_1.c **** 
  19:Generated_Source\PSoC5/Count7_1.c **** uint8 Count7_1_initVar = 0u;
  20:Generated_Source\PSoC5/Count7_1.c **** 
  21:Generated_Source\PSoC5/Count7_1.c **** 
  22:Generated_Source\PSoC5/Count7_1.c **** /*******************************************************************************
  23:Generated_Source\PSoC5/Count7_1.c **** * Function Name: Count7_1_Init
  24:Generated_Source\PSoC5/Count7_1.c **** ********************************************************************************
ARM GAS  C:\Users\pajoh\AppData\Local\Temp\ccRCLU4g.s 			page 2


  25:Generated_Source\PSoC5/Count7_1.c **** *
  26:Generated_Source\PSoC5/Count7_1.c **** * Summary:
  27:Generated_Source\PSoC5/Count7_1.c **** *  Initializes or restores the component according to the parameter editor
  28:Generated_Source\PSoC5/Count7_1.c **** *  settings.
  29:Generated_Source\PSoC5/Count7_1.c **** *
  30:Generated_Source\PSoC5/Count7_1.c **** * Parameters:
  31:Generated_Source\PSoC5/Count7_1.c **** *  None
  32:Generated_Source\PSoC5/Count7_1.c **** *
  33:Generated_Source\PSoC5/Count7_1.c **** * Return:
  34:Generated_Source\PSoC5/Count7_1.c **** *  None
  35:Generated_Source\PSoC5/Count7_1.c **** *
  36:Generated_Source\PSoC5/Count7_1.c **** * Theory:
  37:Generated_Source\PSoC5/Count7_1.c **** *  It is not necessary to call Count7_Init() because the Count7_Start() API
  38:Generated_Source\PSoC5/Count7_1.c **** *  calls this function and is the preferred method to begin component
  39:Generated_Source\PSoC5/Count7_1.c **** *  operation.
  40:Generated_Source\PSoC5/Count7_1.c **** *
  41:Generated_Source\PSoC5/Count7_1.c **** *******************************************************************************/
  42:Generated_Source\PSoC5/Count7_1.c **** void Count7_1_Init(void) 
  43:Generated_Source\PSoC5/Count7_1.c **** {
  34              		.loc 1 43 0
  35              		.cfi_startproc
  36              		@ args = 0, pretend = 0, frame = 0
  37              		@ frame_needed = 1, uses_anonymous_args = 0
  38              		@ link register save eliminated.
  39 0000 80B4     		push	{r7}
  40              		.cfi_def_cfa_offset 4
  41              		.cfi_offset 7, -4
  42 0002 00AF     		add	r7, sp, #0
  43              		.cfi_def_cfa_register 7
  44:Generated_Source\PSoC5/Count7_1.c ****     /* Set the initial period value from parameter editor */
  45:Generated_Source\PSoC5/Count7_1.c ****     Count7_1_PERIOD_REG = Count7_1_INITIAL_PERIOD;
  44              		.loc 1 45 0
  45 0004 034B     		ldr	r3, .L2
  46 0006 0022     		movs	r2, #0
  47 0008 1A70     		strb	r2, [r3]
  46:Generated_Source\PSoC5/Count7_1.c **** }
  48              		.loc 1 46 0
  49 000a 00BF     		nop
  50 000c BD46     		mov	sp, r7
  51              		.cfi_def_cfa_register 13
  52              		@ sp needed
  53 000e 80BC     		pop	{r7}
  54              		.cfi_restore 7
  55              		.cfi_def_cfa_offset 0
  56 0010 7047     		bx	lr
  57              	.L3:
  58 0012 00BF     		.align	2
  59              	.L2:
  60 0014 80640040 		.word	1073767552
  61              		.cfi_endproc
  62              	.LFE0:
  63              		.size	Count7_1_Init, .-Count7_1_Init
  64              		.section	.text.Count7_1_Enable,"ax",%progbits
  65              		.align	2
  66              		.global	Count7_1_Enable
  67              		.thumb
  68              		.thumb_func
ARM GAS  C:\Users\pajoh\AppData\Local\Temp\ccRCLU4g.s 			page 3


  69              		.type	Count7_1_Enable, %function
  70              	Count7_1_Enable:
  71              	.LFB1:
  47:Generated_Source\PSoC5/Count7_1.c **** 
  48:Generated_Source\PSoC5/Count7_1.c **** 
  49:Generated_Source\PSoC5/Count7_1.c **** /*******************************************************************************
  50:Generated_Source\PSoC5/Count7_1.c **** * Function Name: Count7_1_Enable
  51:Generated_Source\PSoC5/Count7_1.c **** ********************************************************************************
  52:Generated_Source\PSoC5/Count7_1.c **** *
  53:Generated_Source\PSoC5/Count7_1.c **** * Summary:
  54:Generated_Source\PSoC5/Count7_1.c **** *  Enables the software enable of the counter.
  55:Generated_Source\PSoC5/Count7_1.c **** *
  56:Generated_Source\PSoC5/Count7_1.c **** * Parameters:
  57:Generated_Source\PSoC5/Count7_1.c **** *  None
  58:Generated_Source\PSoC5/Count7_1.c **** *
  59:Generated_Source\PSoC5/Count7_1.c **** * Return:
  60:Generated_Source\PSoC5/Count7_1.c **** *  None
  61:Generated_Source\PSoC5/Count7_1.c **** *
  62:Generated_Source\PSoC5/Count7_1.c **** * Theory:
  63:Generated_Source\PSoC5/Count7_1.c **** *  It is not necessary to call Count7_Enable() because the Count7_Start() API
  64:Generated_Source\PSoC5/Count7_1.c **** *  calls this function, which is the preferred method to begin component
  65:Generated_Source\PSoC5/Count7_1.c **** *  operation.
  66:Generated_Source\PSoC5/Count7_1.c **** *  This API performs modification of auxiliary control register which is a
  67:Generated_Source\PSoC5/Count7_1.c **** *  shared resource so it is required to disable interrupts until the
  68:Generated_Source\PSoC5/Count7_1.c **** *  modification will complete.
  69:Generated_Source\PSoC5/Count7_1.c **** *
  70:Generated_Source\PSoC5/Count7_1.c **** *******************************************************************************/
  71:Generated_Source\PSoC5/Count7_1.c **** void Count7_1_Enable(void) 
  72:Generated_Source\PSoC5/Count7_1.c **** {
  72              		.loc 1 72 0
  73              		.cfi_startproc
  74              		@ args = 0, pretend = 0, frame = 8
  75              		@ frame_needed = 1, uses_anonymous_args = 0
  76 0000 80B5     		push	{r7, lr}
  77              		.cfi_def_cfa_offset 8
  78              		.cfi_offset 7, -8
  79              		.cfi_offset 14, -4
  80 0002 82B0     		sub	sp, sp, #8
  81              		.cfi_def_cfa_offset 16
  82 0004 00AF     		add	r7, sp, #0
  83              		.cfi_def_cfa_register 7
  73:Generated_Source\PSoC5/Count7_1.c ****     uint8 interruptState;
  74:Generated_Source\PSoC5/Count7_1.c **** 
  75:Generated_Source\PSoC5/Count7_1.c ****     interruptState = CyEnterCriticalSection();
  84              		.loc 1 75 0
  85 0006 FFF7FEFF 		bl	CyEnterCriticalSection
  86 000a 0346     		mov	r3, r0
  87 000c FB71     		strb	r3, [r7, #7]
  76:Generated_Source\PSoC5/Count7_1.c ****     /* Set the counter start bit in auxiliary control. If routed enable
  77:Generated_Source\PSoC5/Count7_1.c ****     * isn't used then this will immediately star the Count7 operation.
  78:Generated_Source\PSoC5/Count7_1.c ****     */
  79:Generated_Source\PSoC5/Count7_1.c ****     Count7_1_AUX_CONTROL_REG |= Count7_1_COUNTER_START;
  88              		.loc 1 79 0
  89 000e 084A     		ldr	r2, .L5
  90 0010 074B     		ldr	r3, .L5
  91 0012 1B78     		ldrb	r3, [r3]
  92 0014 DBB2     		uxtb	r3, r3
ARM GAS  C:\Users\pajoh\AppData\Local\Temp\ccRCLU4g.s 			page 4


  93 0016 43F02003 		orr	r3, r3, #32
  94 001a DBB2     		uxtb	r3, r3
  95 001c 1370     		strb	r3, [r2]
  80:Generated_Source\PSoC5/Count7_1.c **** 
  81:Generated_Source\PSoC5/Count7_1.c ****     CyExitCriticalSection(interruptState);
  96              		.loc 1 81 0
  97 001e FB79     		ldrb	r3, [r7, #7]	@ zero_extendqisi2
  98 0020 1846     		mov	r0, r3
  99 0022 FFF7FEFF 		bl	CyExitCriticalSection
  82:Generated_Source\PSoC5/Count7_1.c **** }
 100              		.loc 1 82 0
 101 0026 00BF     		nop
 102 0028 0837     		adds	r7, r7, #8
 103              		.cfi_def_cfa_offset 8
 104 002a BD46     		mov	sp, r7
 105              		.cfi_def_cfa_register 13
 106              		@ sp needed
 107 002c 80BD     		pop	{r7, pc}
 108              	.L6:
 109 002e 00BF     		.align	2
 110              	.L5:
 111 0030 90640040 		.word	1073767568
 112              		.cfi_endproc
 113              	.LFE1:
 114              		.size	Count7_1_Enable, .-Count7_1_Enable
 115              		.section	.text.Count7_1_Start,"ax",%progbits
 116              		.align	2
 117              		.global	Count7_1_Start
 118              		.thumb
 119              		.thumb_func
 120              		.type	Count7_1_Start, %function
 121              	Count7_1_Start:
 122              	.LFB2:
  83:Generated_Source\PSoC5/Count7_1.c **** 
  84:Generated_Source\PSoC5/Count7_1.c **** 
  85:Generated_Source\PSoC5/Count7_1.c **** /*******************************************************************************
  86:Generated_Source\PSoC5/Count7_1.c **** * Function Name: Count7_1_Start
  87:Generated_Source\PSoC5/Count7_1.c **** ********************************************************************************
  88:Generated_Source\PSoC5/Count7_1.c **** *
  89:Generated_Source\PSoC5/Count7_1.c **** * Summary:
  90:Generated_Source\PSoC5/Count7_1.c **** *  Performs all of the required initialization for the component and enables
  91:Generated_Source\PSoC5/Count7_1.c **** *  the counter. The first time the routine is executed, the period is set as
  92:Generated_Source\PSoC5/Count7_1.c **** *  configured in the customizer. When called to restart the counter following a
  93:Generated_Source\PSoC5/Count7_1.c **** *  Count7_Stop() call, the current period value is retained.
  94:Generated_Source\PSoC5/Count7_1.c **** *
  95:Generated_Source\PSoC5/Count7_1.c **** * Parameters:
  96:Generated_Source\PSoC5/Count7_1.c **** *  None.
  97:Generated_Source\PSoC5/Count7_1.c **** *
  98:Generated_Source\PSoC5/Count7_1.c **** * Global Variables:
  99:Generated_Source\PSoC5/Count7_1.c **** *  Count7_1_initVar - global variable.
 100:Generated_Source\PSoC5/Count7_1.c **** *
 101:Generated_Source\PSoC5/Count7_1.c **** * Return:
 102:Generated_Source\PSoC5/Count7_1.c **** *  None.
 103:Generated_Source\PSoC5/Count7_1.c **** *
 104:Generated_Source\PSoC5/Count7_1.c **** *******************************************************************************/
 105:Generated_Source\PSoC5/Count7_1.c **** void Count7_1_Start(void) 
 106:Generated_Source\PSoC5/Count7_1.c **** {
ARM GAS  C:\Users\pajoh\AppData\Local\Temp\ccRCLU4g.s 			page 5


 123              		.loc 1 106 0
 124              		.cfi_startproc
 125              		@ args = 0, pretend = 0, frame = 0
 126              		@ frame_needed = 1, uses_anonymous_args = 0
 127 0000 80B5     		push	{r7, lr}
 128              		.cfi_def_cfa_offset 8
 129              		.cfi_offset 7, -8
 130              		.cfi_offset 14, -4
 131 0002 00AF     		add	r7, sp, #0
 132              		.cfi_def_cfa_register 7
 107:Generated_Source\PSoC5/Count7_1.c ****     /* If not initialized then perform initialization */
 108:Generated_Source\PSoC5/Count7_1.c ****     if(Count7_1_initVar == 0u)
 133              		.loc 1 108 0
 134 0004 064B     		ldr	r3, .L9
 135 0006 1B78     		ldrb	r3, [r3]	@ zero_extendqisi2
 136 0008 002B     		cmp	r3, #0
 137 000a 04D1     		bne	.L8
 109:Generated_Source\PSoC5/Count7_1.c ****     {
 110:Generated_Source\PSoC5/Count7_1.c ****         Count7_1_Init();
 138              		.loc 1 110 0
 139 000c FFF7FEFF 		bl	Count7_1_Init
 111:Generated_Source\PSoC5/Count7_1.c ****         Count7_1_initVar = 1u;
 140              		.loc 1 111 0
 141 0010 034B     		ldr	r3, .L9
 142 0012 0122     		movs	r2, #1
 143 0014 1A70     		strb	r2, [r3]
 144              	.L8:
 112:Generated_Source\PSoC5/Count7_1.c ****     }
 113:Generated_Source\PSoC5/Count7_1.c **** 
 114:Generated_Source\PSoC5/Count7_1.c ****     /* Enable Count7 */
 115:Generated_Source\PSoC5/Count7_1.c ****     Count7_1_Enable();
 145              		.loc 1 115 0
 146 0016 FFF7FEFF 		bl	Count7_1_Enable
 116:Generated_Source\PSoC5/Count7_1.c **** }
 147              		.loc 1 116 0
 148 001a 00BF     		nop
 149 001c 80BD     		pop	{r7, pc}
 150              	.L10:
 151 001e 00BF     		.align	2
 152              	.L9:
 153 0020 00000000 		.word	Count7_1_initVar
 154              		.cfi_endproc
 155              	.LFE2:
 156              		.size	Count7_1_Start, .-Count7_1_Start
 157              		.section	.text.Count7_1_Stop,"ax",%progbits
 158              		.align	2
 159              		.global	Count7_1_Stop
 160              		.thumb
 161              		.thumb_func
 162              		.type	Count7_1_Stop, %function
 163              	Count7_1_Stop:
 164              	.LFB3:
 117:Generated_Source\PSoC5/Count7_1.c **** 
 118:Generated_Source\PSoC5/Count7_1.c **** 
 119:Generated_Source\PSoC5/Count7_1.c **** /*******************************************************************************
 120:Generated_Source\PSoC5/Count7_1.c **** * Function Name: Count7_1_Stop
 121:Generated_Source\PSoC5/Count7_1.c **** ********************************************************************************
ARM GAS  C:\Users\pajoh\AppData\Local\Temp\ccRCLU4g.s 			page 6


 122:Generated_Source\PSoC5/Count7_1.c **** *
 123:Generated_Source\PSoC5/Count7_1.c **** * Summary:
 124:Generated_Source\PSoC5/Count7_1.c **** *  Disables the software enable of the counter.
 125:Generated_Source\PSoC5/Count7_1.c **** *
 126:Generated_Source\PSoC5/Count7_1.c **** * Parameters:
 127:Generated_Source\PSoC5/Count7_1.c **** *  None
 128:Generated_Source\PSoC5/Count7_1.c **** *
 129:Generated_Source\PSoC5/Count7_1.c **** * Return:
 130:Generated_Source\PSoC5/Count7_1.c **** *  None
 131:Generated_Source\PSoC5/Count7_1.c **** *
 132:Generated_Source\PSoC5/Count7_1.c **** *******************************************************************************/
 133:Generated_Source\PSoC5/Count7_1.c **** void Count7_1_Stop(void) 
 134:Generated_Source\PSoC5/Count7_1.c **** {
 165              		.loc 1 134 0
 166              		.cfi_startproc
 167              		@ args = 0, pretend = 0, frame = 8
 168              		@ frame_needed = 1, uses_anonymous_args = 0
 169 0000 80B5     		push	{r7, lr}
 170              		.cfi_def_cfa_offset 8
 171              		.cfi_offset 7, -8
 172              		.cfi_offset 14, -4
 173 0002 82B0     		sub	sp, sp, #8
 174              		.cfi_def_cfa_offset 16
 175 0004 00AF     		add	r7, sp, #0
 176              		.cfi_def_cfa_register 7
 135:Generated_Source\PSoC5/Count7_1.c ****     uint8 interruptState;
 136:Generated_Source\PSoC5/Count7_1.c **** 
 137:Generated_Source\PSoC5/Count7_1.c ****     interruptState = CyEnterCriticalSection();
 177              		.loc 1 137 0
 178 0006 FFF7FEFF 		bl	CyEnterCriticalSection
 179 000a 0346     		mov	r3, r0
 180 000c FB71     		strb	r3, [r7, #7]
 138:Generated_Source\PSoC5/Count7_1.c ****     /* Clear the counter start bit in auxiliary control. */
 139:Generated_Source\PSoC5/Count7_1.c ****     Count7_1_AUX_CONTROL_REG &= (uint8) ~((uint8) Count7_1_COUNTER_START);
 181              		.loc 1 139 0
 182 000e 084A     		ldr	r2, .L12
 183 0010 074B     		ldr	r3, .L12
 184 0012 1B78     		ldrb	r3, [r3]
 185 0014 DBB2     		uxtb	r3, r3
 186 0016 23F02003 		bic	r3, r3, #32
 187 001a DBB2     		uxtb	r3, r3
 188 001c 1370     		strb	r3, [r2]
 140:Generated_Source\PSoC5/Count7_1.c **** 
 141:Generated_Source\PSoC5/Count7_1.c ****     CyExitCriticalSection(interruptState);
 189              		.loc 1 141 0
 190 001e FB79     		ldrb	r3, [r7, #7]	@ zero_extendqisi2
 191 0020 1846     		mov	r0, r3
 192 0022 FFF7FEFF 		bl	CyExitCriticalSection
 142:Generated_Source\PSoC5/Count7_1.c **** }
 193              		.loc 1 142 0
 194 0026 00BF     		nop
 195 0028 0837     		adds	r7, r7, #8
 196              		.cfi_def_cfa_offset 8
 197 002a BD46     		mov	sp, r7
 198              		.cfi_def_cfa_register 13
 199              		@ sp needed
 200 002c 80BD     		pop	{r7, pc}
ARM GAS  C:\Users\pajoh\AppData\Local\Temp\ccRCLU4g.s 			page 7


 201              	.L13:
 202 002e 00BF     		.align	2
 203              	.L12:
 204 0030 90640040 		.word	1073767568
 205              		.cfi_endproc
 206              	.LFE3:
 207              		.size	Count7_1_Stop, .-Count7_1_Stop
 208              		.section	.text.Count7_1_WriteCounter,"ax",%progbits
 209              		.align	2
 210              		.global	Count7_1_WriteCounter
 211              		.thumb
 212              		.thumb_func
 213              		.type	Count7_1_WriteCounter, %function
 214              	Count7_1_WriteCounter:
 215              	.LFB4:
 143:Generated_Source\PSoC5/Count7_1.c **** 
 144:Generated_Source\PSoC5/Count7_1.c **** 
 145:Generated_Source\PSoC5/Count7_1.c **** /*******************************************************************************
 146:Generated_Source\PSoC5/Count7_1.c **** * Function Name: Count7_1_WriteCounter
 147:Generated_Source\PSoC5/Count7_1.c **** ********************************************************************************
 148:Generated_Source\PSoC5/Count7_1.c **** *
 149:Generated_Source\PSoC5/Count7_1.c **** * Summary:
 150:Generated_Source\PSoC5/Count7_1.c **** *  This function writes the counter directly. The counter should be disabled
 151:Generated_Source\PSoC5/Count7_1.c **** *  before calling this function.
 152:Generated_Source\PSoC5/Count7_1.c **** *
 153:Generated_Source\PSoC5/Count7_1.c **** * Parameters:
 154:Generated_Source\PSoC5/Count7_1.c **** *  count - Value to be written to counter.
 155:Generated_Source\PSoC5/Count7_1.c **** *
 156:Generated_Source\PSoC5/Count7_1.c **** * Return:
 157:Generated_Source\PSoC5/Count7_1.c **** *  None
 158:Generated_Source\PSoC5/Count7_1.c **** *
 159:Generated_Source\PSoC5/Count7_1.c **** *******************************************************************************/
 160:Generated_Source\PSoC5/Count7_1.c **** void Count7_1_WriteCounter(uint8 count) 
 161:Generated_Source\PSoC5/Count7_1.c **** {
 216              		.loc 1 161 0
 217              		.cfi_startproc
 218              		@ args = 0, pretend = 0, frame = 8
 219              		@ frame_needed = 1, uses_anonymous_args = 0
 220              		@ link register save eliminated.
 221 0000 80B4     		push	{r7}
 222              		.cfi_def_cfa_offset 4
 223              		.cfi_offset 7, -4
 224 0002 83B0     		sub	sp, sp, #12
 225              		.cfi_def_cfa_offset 16
 226 0004 00AF     		add	r7, sp, #0
 227              		.cfi_def_cfa_register 7
 228 0006 0346     		mov	r3, r0
 229 0008 FB71     		strb	r3, [r7, #7]
 162:Generated_Source\PSoC5/Count7_1.c ****     Count7_1_COUNT_REG = (count & Count7_1_COUNT_7BIT_MASK);
 230              		.loc 1 162 0
 231 000a 054A     		ldr	r2, .L15
 232 000c FB79     		ldrb	r3, [r7, #7]
 233 000e 03F07F03 		and	r3, r3, #127
 234 0012 DBB2     		uxtb	r3, r3
 235 0014 1370     		strb	r3, [r2]
 163:Generated_Source\PSoC5/Count7_1.c **** }
 236              		.loc 1 163 0
ARM GAS  C:\Users\pajoh\AppData\Local\Temp\ccRCLU4g.s 			page 8


 237 0016 00BF     		nop
 238 0018 0C37     		adds	r7, r7, #12
 239              		.cfi_def_cfa_offset 4
 240 001a BD46     		mov	sp, r7
 241              		.cfi_def_cfa_register 13
 242              		@ sp needed
 243 001c 80BC     		pop	{r7}
 244              		.cfi_restore 7
 245              		.cfi_def_cfa_offset 0
 246 001e 7047     		bx	lr
 247              	.L16:
 248              		.align	2
 249              	.L15:
 250 0020 70640040 		.word	1073767536
 251              		.cfi_endproc
 252              	.LFE4:
 253              		.size	Count7_1_WriteCounter, .-Count7_1_WriteCounter
 254              		.section	.text.Count7_1_ReadCounter,"ax",%progbits
 255              		.align	2
 256              		.global	Count7_1_ReadCounter
 257              		.thumb
 258              		.thumb_func
 259              		.type	Count7_1_ReadCounter, %function
 260              	Count7_1_ReadCounter:
 261              	.LFB5:
 164:Generated_Source\PSoC5/Count7_1.c **** 
 165:Generated_Source\PSoC5/Count7_1.c **** 
 166:Generated_Source\PSoC5/Count7_1.c **** /*******************************************************************************
 167:Generated_Source\PSoC5/Count7_1.c **** * Function Name: Count7_1_ReadCounter
 168:Generated_Source\PSoC5/Count7_1.c **** ********************************************************************************
 169:Generated_Source\PSoC5/Count7_1.c **** *
 170:Generated_Source\PSoC5/Count7_1.c **** * Summary:
 171:Generated_Source\PSoC5/Count7_1.c **** *  This function reads the counter value.
 172:Generated_Source\PSoC5/Count7_1.c **** *
 173:Generated_Source\PSoC5/Count7_1.c **** * Parameters:
 174:Generated_Source\PSoC5/Count7_1.c **** *  None
 175:Generated_Source\PSoC5/Count7_1.c **** *
 176:Generated_Source\PSoC5/Count7_1.c **** * Return:
 177:Generated_Source\PSoC5/Count7_1.c **** *  None
 178:Generated_Source\PSoC5/Count7_1.c **** *
 179:Generated_Source\PSoC5/Count7_1.c **** *******************************************************************************/
 180:Generated_Source\PSoC5/Count7_1.c **** uint8 Count7_1_ReadCounter(void) 
 181:Generated_Source\PSoC5/Count7_1.c **** {
 262              		.loc 1 181 0
 263              		.cfi_startproc
 264              		@ args = 0, pretend = 0, frame = 0
 265              		@ frame_needed = 1, uses_anonymous_args = 0
 266              		@ link register save eliminated.
 267 0000 80B4     		push	{r7}
 268              		.cfi_def_cfa_offset 4
 269              		.cfi_offset 7, -4
 270 0002 00AF     		add	r7, sp, #0
 271              		.cfi_def_cfa_register 7
 182:Generated_Source\PSoC5/Count7_1.c ****     return(Count7_1_COUNT_REG & Count7_1_COUNT_7BIT_MASK);
 272              		.loc 1 182 0
 273 0004 044B     		ldr	r3, .L19
 274 0006 1B78     		ldrb	r3, [r3]
ARM GAS  C:\Users\pajoh\AppData\Local\Temp\ccRCLU4g.s 			page 9


 275 0008 DBB2     		uxtb	r3, r3
 276 000a 03F07F03 		and	r3, r3, #127
 277 000e DBB2     		uxtb	r3, r3
 183:Generated_Source\PSoC5/Count7_1.c **** }
 278              		.loc 1 183 0
 279 0010 1846     		mov	r0, r3
 280 0012 BD46     		mov	sp, r7
 281              		.cfi_def_cfa_register 13
 282              		@ sp needed
 283 0014 80BC     		pop	{r7}
 284              		.cfi_restore 7
 285              		.cfi_def_cfa_offset 0
 286 0016 7047     		bx	lr
 287              	.L20:
 288              		.align	2
 289              	.L19:
 290 0018 70640040 		.word	1073767536
 291              		.cfi_endproc
 292              	.LFE5:
 293              		.size	Count7_1_ReadCounter, .-Count7_1_ReadCounter
 294              		.section	.text.Count7_1_WritePeriod,"ax",%progbits
 295              		.align	2
 296              		.global	Count7_1_WritePeriod
 297              		.thumb
 298              		.thumb_func
 299              		.type	Count7_1_WritePeriod, %function
 300              	Count7_1_WritePeriod:
 301              	.LFB6:
 184:Generated_Source\PSoC5/Count7_1.c **** 
 185:Generated_Source\PSoC5/Count7_1.c **** 
 186:Generated_Source\PSoC5/Count7_1.c **** /*******************************************************************************
 187:Generated_Source\PSoC5/Count7_1.c **** * Function Name: Count7_1_WritePeriod
 188:Generated_Source\PSoC5/Count7_1.c **** ********************************************************************************
 189:Generated_Source\PSoC5/Count7_1.c **** *
 190:Generated_Source\PSoC5/Count7_1.c **** * Summary:
 191:Generated_Source\PSoC5/Count7_1.c **** *  This function writes the period register. The actual period is one greater
 192:Generated_Source\PSoC5/Count7_1.c **** *  than the value in the period register since the counting sequence starts
 193:Generated_Source\PSoC5/Count7_1.c **** *  with the period register and counts down to 0 inclusive. The period of the
 194:Generated_Source\PSoC5/Count7_1.c **** *  counter output does not change until the counter is reloaded following the
 195:Generated_Source\PSoC5/Count7_1.c **** *  terminal count value of 0 or due to a hardware load signal.
 196:Generated_Source\PSoC5/Count7_1.c **** *
 197:Generated_Source\PSoC5/Count7_1.c **** * Parameters:
 198:Generated_Source\PSoC5/Count7_1.c **** *  period - Period value to be written.
 199:Generated_Source\PSoC5/Count7_1.c **** *
 200:Generated_Source\PSoC5/Count7_1.c **** * Return:
 201:Generated_Source\PSoC5/Count7_1.c **** *  None
 202:Generated_Source\PSoC5/Count7_1.c **** *
 203:Generated_Source\PSoC5/Count7_1.c **** *******************************************************************************/
 204:Generated_Source\PSoC5/Count7_1.c **** void Count7_1_WritePeriod(uint8 period) 
 205:Generated_Source\PSoC5/Count7_1.c **** {
 302              		.loc 1 205 0
 303              		.cfi_startproc
 304              		@ args = 0, pretend = 0, frame = 8
 305              		@ frame_needed = 1, uses_anonymous_args = 0
 306              		@ link register save eliminated.
 307 0000 80B4     		push	{r7}
 308              		.cfi_def_cfa_offset 4
ARM GAS  C:\Users\pajoh\AppData\Local\Temp\ccRCLU4g.s 			page 10


 309              		.cfi_offset 7, -4
 310 0002 83B0     		sub	sp, sp, #12
 311              		.cfi_def_cfa_offset 16
 312 0004 00AF     		add	r7, sp, #0
 313              		.cfi_def_cfa_register 7
 314 0006 0346     		mov	r3, r0
 315 0008 FB71     		strb	r3, [r7, #7]
 206:Generated_Source\PSoC5/Count7_1.c ****     Count7_1_PERIOD_REG = period;
 316              		.loc 1 206 0
 317 000a 044A     		ldr	r2, .L22
 318 000c FB79     		ldrb	r3, [r7, #7]
 319 000e 1370     		strb	r3, [r2]
 207:Generated_Source\PSoC5/Count7_1.c **** }
 320              		.loc 1 207 0
 321 0010 00BF     		nop
 322 0012 0C37     		adds	r7, r7, #12
 323              		.cfi_def_cfa_offset 4
 324 0014 BD46     		mov	sp, r7
 325              		.cfi_def_cfa_register 13
 326              		@ sp needed
 327 0016 80BC     		pop	{r7}
 328              		.cfi_restore 7
 329              		.cfi_def_cfa_offset 0
 330 0018 7047     		bx	lr
 331              	.L23:
 332 001a 00BF     		.align	2
 333              	.L22:
 334 001c 80640040 		.word	1073767552
 335              		.cfi_endproc
 336              	.LFE6:
 337              		.size	Count7_1_WritePeriod, .-Count7_1_WritePeriod
 338              		.section	.text.Count7_1_ReadPeriod,"ax",%progbits
 339              		.align	2
 340              		.global	Count7_1_ReadPeriod
 341              		.thumb
 342              		.thumb_func
 343              		.type	Count7_1_ReadPeriod, %function
 344              	Count7_1_ReadPeriod:
 345              	.LFB7:
 208:Generated_Source\PSoC5/Count7_1.c **** 
 209:Generated_Source\PSoC5/Count7_1.c **** 
 210:Generated_Source\PSoC5/Count7_1.c **** /*******************************************************************************
 211:Generated_Source\PSoC5/Count7_1.c **** * Function Name: Count7_1_ReadPeriod
 212:Generated_Source\PSoC5/Count7_1.c **** ********************************************************************************
 213:Generated_Source\PSoC5/Count7_1.c **** *
 214:Generated_Source\PSoC5/Count7_1.c **** * Summary:
 215:Generated_Source\PSoC5/Count7_1.c **** *  This function reads the period register.
 216:Generated_Source\PSoC5/Count7_1.c **** *
 217:Generated_Source\PSoC5/Count7_1.c **** * Parameters:
 218:Generated_Source\PSoC5/Count7_1.c **** *  None
 219:Generated_Source\PSoC5/Count7_1.c **** *
 220:Generated_Source\PSoC5/Count7_1.c **** * Return:
 221:Generated_Source\PSoC5/Count7_1.c **** *  uint8 - Current period value.
 222:Generated_Source\PSoC5/Count7_1.c **** *
 223:Generated_Source\PSoC5/Count7_1.c **** *******************************************************************************/
 224:Generated_Source\PSoC5/Count7_1.c **** uint8 Count7_1_ReadPeriod(void) 
 225:Generated_Source\PSoC5/Count7_1.c **** {
ARM GAS  C:\Users\pajoh\AppData\Local\Temp\ccRCLU4g.s 			page 11


 346              		.loc 1 225 0
 347              		.cfi_startproc
 348              		@ args = 0, pretend = 0, frame = 0
 349              		@ frame_needed = 1, uses_anonymous_args = 0
 350              		@ link register save eliminated.
 351 0000 80B4     		push	{r7}
 352              		.cfi_def_cfa_offset 4
 353              		.cfi_offset 7, -4
 354 0002 00AF     		add	r7, sp, #0
 355              		.cfi_def_cfa_register 7
 226:Generated_Source\PSoC5/Count7_1.c ****     return(Count7_1_PERIOD_REG);
 356              		.loc 1 226 0
 357 0004 034B     		ldr	r3, .L26
 358 0006 1B78     		ldrb	r3, [r3]
 359 0008 DBB2     		uxtb	r3, r3
 227:Generated_Source\PSoC5/Count7_1.c **** }
 360              		.loc 1 227 0
 361 000a 1846     		mov	r0, r3
 362 000c BD46     		mov	sp, r7
 363              		.cfi_def_cfa_register 13
 364              		@ sp needed
 365 000e 80BC     		pop	{r7}
 366              		.cfi_restore 7
 367              		.cfi_def_cfa_offset 0
 368 0010 7047     		bx	lr
 369              	.L27:
 370 0012 00BF     		.align	2
 371              	.L26:
 372 0014 80640040 		.word	1073767552
 373              		.cfi_endproc
 374              	.LFE7:
 375              		.size	Count7_1_ReadPeriod, .-Count7_1_ReadPeriod
 376              		.text
 377              	.Letext0:
 378              		.file 2 "Generated_Source\\PSoC5\\cytypes.h"
 379              		.section	.debug_info,"",%progbits
 380              	.Ldebug_info0:
 381 0000 95010000 		.4byte	0x195
 382 0004 0400     		.2byte	0x4
 383 0006 00000000 		.4byte	.Ldebug_abbrev0
 384 000a 04       		.byte	0x4
 385 000b 01       		.uleb128 0x1
 386 000c 21000000 		.4byte	.LASF27
 387 0010 0C       		.byte	0xc
 388 0011 73010000 		.4byte	.LASF28
 389 0015 22020000 		.4byte	.LASF29
 390 0019 00000000 		.4byte	.Ldebug_ranges0+0
 391 001d 00000000 		.4byte	0
 392 0021 00000000 		.4byte	.Ldebug_line0
 393 0025 02       		.uleb128 0x2
 394 0026 01       		.byte	0x1
 395 0027 06       		.byte	0x6
 396 0028 07020000 		.4byte	.LASF0
 397 002c 02       		.uleb128 0x2
 398 002d 01       		.byte	0x1
 399 002e 08       		.byte	0x8
 400 002f 00010000 		.4byte	.LASF1
ARM GAS  C:\Users\pajoh\AppData\Local\Temp\ccRCLU4g.s 			page 12


 401 0033 02       		.uleb128 0x2
 402 0034 02       		.byte	0x2
 403 0035 05       		.byte	0x5
 404 0036 E8010000 		.4byte	.LASF2
 405 003a 02       		.uleb128 0x2
 406 003b 02       		.byte	0x2
 407 003c 07       		.byte	0x7
 408 003d D1000000 		.4byte	.LASF3
 409 0041 02       		.uleb128 0x2
 410 0042 04       		.byte	0x4
 411 0043 05       		.byte	0x5
 412 0044 F2010000 		.4byte	.LASF4
 413 0048 02       		.uleb128 0x2
 414 0049 04       		.byte	0x4
 415 004a 07       		.byte	0x7
 416 004b 2B010000 		.4byte	.LASF5
 417 004f 02       		.uleb128 0x2
 418 0050 08       		.byte	0x8
 419 0051 05       		.byte	0x5
 420 0052 D5010000 		.4byte	.LASF6
 421 0056 02       		.uleb128 0x2
 422 0057 08       		.byte	0x8
 423 0058 07       		.byte	0x7
 424 0059 A2010000 		.4byte	.LASF7
 425 005d 03       		.uleb128 0x3
 426 005e 04       		.byte	0x4
 427 005f 05       		.byte	0x5
 428 0060 696E7400 		.ascii	"int\000"
 429 0064 02       		.uleb128 0x2
 430 0065 04       		.byte	0x4
 431 0066 07       		.byte	0x7
 432 0067 95010000 		.4byte	.LASF8
 433 006b 04       		.uleb128 0x4
 434 006c 3D010000 		.4byte	.LASF12
 435 0070 02       		.byte	0x2
 436 0071 9201     		.2byte	0x192
 437 0073 2C000000 		.4byte	0x2c
 438 0077 02       		.uleb128 0x2
 439 0078 04       		.byte	0x4
 440 0079 04       		.byte	0x4
 441 007a FA000000 		.4byte	.LASF9
 442 007e 02       		.uleb128 0x2
 443 007f 08       		.byte	0x8
 444 0080 04       		.byte	0x4
 445 0081 58010000 		.4byte	.LASF10
 446 0085 02       		.uleb128 0x2
 447 0086 01       		.byte	0x1
 448 0087 08       		.byte	0x8
 449 0088 E3010000 		.4byte	.LASF11
 450 008c 04       		.uleb128 0x4
 451 008d C7010000 		.4byte	.LASF13
 452 0091 02       		.byte	0x2
 453 0092 3C02     		.2byte	0x23c
 454 0094 98000000 		.4byte	0x98
 455 0098 05       		.uleb128 0x5
 456 0099 6B000000 		.4byte	0x6b
 457 009d 02       		.uleb128 0x2
ARM GAS  C:\Users\pajoh\AppData\Local\Temp\ccRCLU4g.s 			page 13


 458 009e 08       		.byte	0x8
 459 009f 04       		.byte	0x4
 460 00a0 FB010000 		.4byte	.LASF14
 461 00a4 02       		.uleb128 0x2
 462 00a5 04       		.byte	0x4
 463 00a6 07       		.byte	0x7
 464 00a7 CC010000 		.4byte	.LASF15
 465 00ab 06       		.uleb128 0x6
 466 00ac 0E010000 		.4byte	.LASF16
 467 00b0 01       		.byte	0x1
 468 00b1 2A       		.byte	0x2a
 469 00b2 00000000 		.4byte	.LFB0
 470 00b6 18000000 		.4byte	.LFE0-.LFB0
 471 00ba 01       		.uleb128 0x1
 472 00bb 9C       		.byte	0x9c
 473 00bc 07       		.uleb128 0x7
 474 00bd 11000000 		.4byte	.LASF18
 475 00c1 01       		.byte	0x1
 476 00c2 47       		.byte	0x47
 477 00c3 00000000 		.4byte	.LFB1
 478 00c7 34000000 		.4byte	.LFE1-.LFB1
 479 00cb 01       		.uleb128 0x1
 480 00cc 9C       		.byte	0x9c
 481 00cd E0000000 		.4byte	0xe0
 482 00d1 08       		.uleb128 0x8
 483 00d2 1C010000 		.4byte	.LASF20
 484 00d6 01       		.byte	0x1
 485 00d7 49       		.byte	0x49
 486 00d8 6B000000 		.4byte	0x6b
 487 00dc 02       		.uleb128 0x2
 488 00dd 91       		.byte	0x91
 489 00de 77       		.sleb128 -9
 490 00df 00       		.byte	0
 491 00e0 09       		.uleb128 0x9
 492 00e1 13020000 		.4byte	.LASF17
 493 00e5 01       		.byte	0x1
 494 00e6 69       		.byte	0x69
 495 00e7 00000000 		.4byte	.LFB2
 496 00eb 24000000 		.4byte	.LFE2-.LFB2
 497 00ef 01       		.uleb128 0x1
 498 00f0 9C       		.byte	0x9c
 499 00f1 07       		.uleb128 0x7
 500 00f2 B9010000 		.4byte	.LASF19
 501 00f6 01       		.byte	0x1
 502 00f7 85       		.byte	0x85
 503 00f8 00000000 		.4byte	.LFB3
 504 00fc 34000000 		.4byte	.LFE3-.LFB3
 505 0100 01       		.uleb128 0x1
 506 0101 9C       		.byte	0x9c
 507 0102 15010000 		.4byte	0x115
 508 0106 08       		.uleb128 0x8
 509 0107 1C010000 		.4byte	.LASF20
 510 010b 01       		.byte	0x1
 511 010c 87       		.byte	0x87
 512 010d 6B000000 		.4byte	0x6b
 513 0111 02       		.uleb128 0x2
 514 0112 91       		.byte	0x91
ARM GAS  C:\Users\pajoh\AppData\Local\Temp\ccRCLU4g.s 			page 14


 515 0113 77       		.sleb128 -9
 516 0114 00       		.byte	0
 517 0115 0A       		.uleb128 0xa
 518 0116 E4000000 		.4byte	.LASF21
 519 011a 01       		.byte	0x1
 520 011b A0       		.byte	0xa0
 521 011c 00000000 		.4byte	.LFB4
 522 0120 24000000 		.4byte	.LFE4-.LFB4
 523 0124 01       		.uleb128 0x1
 524 0125 9C       		.byte	0x9c
 525 0126 39010000 		.4byte	0x139
 526 012a 0B       		.uleb128 0xb
 527 012b C4000000 		.4byte	.LASF23
 528 012f 01       		.byte	0x1
 529 0130 A0       		.byte	0xa0
 530 0131 6B000000 		.4byte	0x6b
 531 0135 02       		.uleb128 0x2
 532 0136 91       		.byte	0x91
 533 0137 77       		.sleb128 -9
 534 0138 00       		.byte	0
 535 0139 0C       		.uleb128 0xc
 536 013a AF000000 		.4byte	.LASF25
 537 013e 01       		.byte	0x1
 538 013f B4       		.byte	0xb4
 539 0140 6B000000 		.4byte	0x6b
 540 0144 00000000 		.4byte	.LFB5
 541 0148 1C000000 		.4byte	.LFE5-.LFB5
 542 014c 01       		.uleb128 0x1
 543 014d 9C       		.byte	0x9c
 544 014e 0A       		.uleb128 0xa
 545 014f 43010000 		.4byte	.LASF22
 546 0153 01       		.byte	0x1
 547 0154 CC       		.byte	0xcc
 548 0155 00000000 		.4byte	.LFB6
 549 0159 20000000 		.4byte	.LFE6-.LFB6
 550 015d 01       		.uleb128 0x1
 551 015e 9C       		.byte	0x9c
 552 015f 72010000 		.4byte	0x172
 553 0163 0B       		.uleb128 0xb
 554 0164 CA000000 		.4byte	.LASF24
 555 0168 01       		.byte	0x1
 556 0169 CC       		.byte	0xcc
 557 016a 6B000000 		.4byte	0x6b
 558 016e 02       		.uleb128 0x2
 559 016f 91       		.byte	0x91
 560 0170 77       		.sleb128 -9
 561 0171 00       		.byte	0
 562 0172 0C       		.uleb128 0xc
 563 0173 5F010000 		.4byte	.LASF26
 564 0177 01       		.byte	0x1
 565 0178 E0       		.byte	0xe0
 566 0179 6B000000 		.4byte	0x6b
 567 017d 00000000 		.4byte	.LFB7
 568 0181 18000000 		.4byte	.LFE7-.LFB7
 569 0185 01       		.uleb128 0x1
 570 0186 9C       		.byte	0x9c
 571 0187 0D       		.uleb128 0xd
ARM GAS  C:\Users\pajoh\AppData\Local\Temp\ccRCLU4g.s 			page 15


 572 0188 00000000 		.4byte	.LASF30
 573 018c 01       		.byte	0x1
 574 018d 13       		.byte	0x13
 575 018e 6B000000 		.4byte	0x6b
 576 0192 05       		.uleb128 0x5
 577 0193 03       		.byte	0x3
 578 0194 00000000 		.4byte	Count7_1_initVar
 579 0198 00       		.byte	0
 580              		.section	.debug_abbrev,"",%progbits
 581              	.Ldebug_abbrev0:
 582 0000 01       		.uleb128 0x1
 583 0001 11       		.uleb128 0x11
 584 0002 01       		.byte	0x1
 585 0003 25       		.uleb128 0x25
 586 0004 0E       		.uleb128 0xe
 587 0005 13       		.uleb128 0x13
 588 0006 0B       		.uleb128 0xb
 589 0007 03       		.uleb128 0x3
 590 0008 0E       		.uleb128 0xe
 591 0009 1B       		.uleb128 0x1b
 592 000a 0E       		.uleb128 0xe
 593 000b 55       		.uleb128 0x55
 594 000c 17       		.uleb128 0x17
 595 000d 11       		.uleb128 0x11
 596 000e 01       		.uleb128 0x1
 597 000f 10       		.uleb128 0x10
 598 0010 17       		.uleb128 0x17
 599 0011 00       		.byte	0
 600 0012 00       		.byte	0
 601 0013 02       		.uleb128 0x2
 602 0014 24       		.uleb128 0x24
 603 0015 00       		.byte	0
 604 0016 0B       		.uleb128 0xb
 605 0017 0B       		.uleb128 0xb
 606 0018 3E       		.uleb128 0x3e
 607 0019 0B       		.uleb128 0xb
 608 001a 03       		.uleb128 0x3
 609 001b 0E       		.uleb128 0xe
 610 001c 00       		.byte	0
 611 001d 00       		.byte	0
 612 001e 03       		.uleb128 0x3
 613 001f 24       		.uleb128 0x24
 614 0020 00       		.byte	0
 615 0021 0B       		.uleb128 0xb
 616 0022 0B       		.uleb128 0xb
 617 0023 3E       		.uleb128 0x3e
 618 0024 0B       		.uleb128 0xb
 619 0025 03       		.uleb128 0x3
 620 0026 08       		.uleb128 0x8
 621 0027 00       		.byte	0
 622 0028 00       		.byte	0
 623 0029 04       		.uleb128 0x4
 624 002a 16       		.uleb128 0x16
 625 002b 00       		.byte	0
 626 002c 03       		.uleb128 0x3
 627 002d 0E       		.uleb128 0xe
 628 002e 3A       		.uleb128 0x3a
ARM GAS  C:\Users\pajoh\AppData\Local\Temp\ccRCLU4g.s 			page 16


 629 002f 0B       		.uleb128 0xb
 630 0030 3B       		.uleb128 0x3b
 631 0031 05       		.uleb128 0x5
 632 0032 49       		.uleb128 0x49
 633 0033 13       		.uleb128 0x13
 634 0034 00       		.byte	0
 635 0035 00       		.byte	0
 636 0036 05       		.uleb128 0x5
 637 0037 35       		.uleb128 0x35
 638 0038 00       		.byte	0
 639 0039 49       		.uleb128 0x49
 640 003a 13       		.uleb128 0x13
 641 003b 00       		.byte	0
 642 003c 00       		.byte	0
 643 003d 06       		.uleb128 0x6
 644 003e 2E       		.uleb128 0x2e
 645 003f 00       		.byte	0
 646 0040 3F       		.uleb128 0x3f
 647 0041 19       		.uleb128 0x19
 648 0042 03       		.uleb128 0x3
 649 0043 0E       		.uleb128 0xe
 650 0044 3A       		.uleb128 0x3a
 651 0045 0B       		.uleb128 0xb
 652 0046 3B       		.uleb128 0x3b
 653 0047 0B       		.uleb128 0xb
 654 0048 27       		.uleb128 0x27
 655 0049 19       		.uleb128 0x19
 656 004a 11       		.uleb128 0x11
 657 004b 01       		.uleb128 0x1
 658 004c 12       		.uleb128 0x12
 659 004d 06       		.uleb128 0x6
 660 004e 40       		.uleb128 0x40
 661 004f 18       		.uleb128 0x18
 662 0050 9742     		.uleb128 0x2117
 663 0052 19       		.uleb128 0x19
 664 0053 00       		.byte	0
 665 0054 00       		.byte	0
 666 0055 07       		.uleb128 0x7
 667 0056 2E       		.uleb128 0x2e
 668 0057 01       		.byte	0x1
 669 0058 3F       		.uleb128 0x3f
 670 0059 19       		.uleb128 0x19
 671 005a 03       		.uleb128 0x3
 672 005b 0E       		.uleb128 0xe
 673 005c 3A       		.uleb128 0x3a
 674 005d 0B       		.uleb128 0xb
 675 005e 3B       		.uleb128 0x3b
 676 005f 0B       		.uleb128 0xb
 677 0060 27       		.uleb128 0x27
 678 0061 19       		.uleb128 0x19
 679 0062 11       		.uleb128 0x11
 680 0063 01       		.uleb128 0x1
 681 0064 12       		.uleb128 0x12
 682 0065 06       		.uleb128 0x6
 683 0066 40       		.uleb128 0x40
 684 0067 18       		.uleb128 0x18
 685 0068 9642     		.uleb128 0x2116
ARM GAS  C:\Users\pajoh\AppData\Local\Temp\ccRCLU4g.s 			page 17


 686 006a 19       		.uleb128 0x19
 687 006b 01       		.uleb128 0x1
 688 006c 13       		.uleb128 0x13
 689 006d 00       		.byte	0
 690 006e 00       		.byte	0
 691 006f 08       		.uleb128 0x8
 692 0070 34       		.uleb128 0x34
 693 0071 00       		.byte	0
 694 0072 03       		.uleb128 0x3
 695 0073 0E       		.uleb128 0xe
 696 0074 3A       		.uleb128 0x3a
 697 0075 0B       		.uleb128 0xb
 698 0076 3B       		.uleb128 0x3b
 699 0077 0B       		.uleb128 0xb
 700 0078 49       		.uleb128 0x49
 701 0079 13       		.uleb128 0x13
 702 007a 02       		.uleb128 0x2
 703 007b 18       		.uleb128 0x18
 704 007c 00       		.byte	0
 705 007d 00       		.byte	0
 706 007e 09       		.uleb128 0x9
 707 007f 2E       		.uleb128 0x2e
 708 0080 00       		.byte	0
 709 0081 3F       		.uleb128 0x3f
 710 0082 19       		.uleb128 0x19
 711 0083 03       		.uleb128 0x3
 712 0084 0E       		.uleb128 0xe
 713 0085 3A       		.uleb128 0x3a
 714 0086 0B       		.uleb128 0xb
 715 0087 3B       		.uleb128 0x3b
 716 0088 0B       		.uleb128 0xb
 717 0089 27       		.uleb128 0x27
 718 008a 19       		.uleb128 0x19
 719 008b 11       		.uleb128 0x11
 720 008c 01       		.uleb128 0x1
 721 008d 12       		.uleb128 0x12
 722 008e 06       		.uleb128 0x6
 723 008f 40       		.uleb128 0x40
 724 0090 18       		.uleb128 0x18
 725 0091 9642     		.uleb128 0x2116
 726 0093 19       		.uleb128 0x19
 727 0094 00       		.byte	0
 728 0095 00       		.byte	0
 729 0096 0A       		.uleb128 0xa
 730 0097 2E       		.uleb128 0x2e
 731 0098 01       		.byte	0x1
 732 0099 3F       		.uleb128 0x3f
 733 009a 19       		.uleb128 0x19
 734 009b 03       		.uleb128 0x3
 735 009c 0E       		.uleb128 0xe
 736 009d 3A       		.uleb128 0x3a
 737 009e 0B       		.uleb128 0xb
 738 009f 3B       		.uleb128 0x3b
 739 00a0 0B       		.uleb128 0xb
 740 00a1 27       		.uleb128 0x27
 741 00a2 19       		.uleb128 0x19
 742 00a3 11       		.uleb128 0x11
ARM GAS  C:\Users\pajoh\AppData\Local\Temp\ccRCLU4g.s 			page 18


 743 00a4 01       		.uleb128 0x1
 744 00a5 12       		.uleb128 0x12
 745 00a6 06       		.uleb128 0x6
 746 00a7 40       		.uleb128 0x40
 747 00a8 18       		.uleb128 0x18
 748 00a9 9742     		.uleb128 0x2117
 749 00ab 19       		.uleb128 0x19
 750 00ac 01       		.uleb128 0x1
 751 00ad 13       		.uleb128 0x13
 752 00ae 00       		.byte	0
 753 00af 00       		.byte	0
 754 00b0 0B       		.uleb128 0xb
 755 00b1 05       		.uleb128 0x5
 756 00b2 00       		.byte	0
 757 00b3 03       		.uleb128 0x3
 758 00b4 0E       		.uleb128 0xe
 759 00b5 3A       		.uleb128 0x3a
 760 00b6 0B       		.uleb128 0xb
 761 00b7 3B       		.uleb128 0x3b
 762 00b8 0B       		.uleb128 0xb
 763 00b9 49       		.uleb128 0x49
 764 00ba 13       		.uleb128 0x13
 765 00bb 02       		.uleb128 0x2
 766 00bc 18       		.uleb128 0x18
 767 00bd 00       		.byte	0
 768 00be 00       		.byte	0
 769 00bf 0C       		.uleb128 0xc
 770 00c0 2E       		.uleb128 0x2e
 771 00c1 00       		.byte	0
 772 00c2 3F       		.uleb128 0x3f
 773 00c3 19       		.uleb128 0x19
 774 00c4 03       		.uleb128 0x3
 775 00c5 0E       		.uleb128 0xe
 776 00c6 3A       		.uleb128 0x3a
 777 00c7 0B       		.uleb128 0xb
 778 00c8 3B       		.uleb128 0x3b
 779 00c9 0B       		.uleb128 0xb
 780 00ca 27       		.uleb128 0x27
 781 00cb 19       		.uleb128 0x19
 782 00cc 49       		.uleb128 0x49
 783 00cd 13       		.uleb128 0x13
 784 00ce 11       		.uleb128 0x11
 785 00cf 01       		.uleb128 0x1
 786 00d0 12       		.uleb128 0x12
 787 00d1 06       		.uleb128 0x6
 788 00d2 40       		.uleb128 0x40
 789 00d3 18       		.uleb128 0x18
 790 00d4 9742     		.uleb128 0x2117
 791 00d6 19       		.uleb128 0x19
 792 00d7 00       		.byte	0
 793 00d8 00       		.byte	0
 794 00d9 0D       		.uleb128 0xd
 795 00da 34       		.uleb128 0x34
 796 00db 00       		.byte	0
 797 00dc 03       		.uleb128 0x3
 798 00dd 0E       		.uleb128 0xe
 799 00de 3A       		.uleb128 0x3a
ARM GAS  C:\Users\pajoh\AppData\Local\Temp\ccRCLU4g.s 			page 19


 800 00df 0B       		.uleb128 0xb
 801 00e0 3B       		.uleb128 0x3b
 802 00e1 0B       		.uleb128 0xb
 803 00e2 49       		.uleb128 0x49
 804 00e3 13       		.uleb128 0x13
 805 00e4 3F       		.uleb128 0x3f
 806 00e5 19       		.uleb128 0x19
 807 00e6 02       		.uleb128 0x2
 808 00e7 18       		.uleb128 0x18
 809 00e8 00       		.byte	0
 810 00e9 00       		.byte	0
 811 00ea 00       		.byte	0
 812              		.section	.debug_aranges,"",%progbits
 813 0000 54000000 		.4byte	0x54
 814 0004 0200     		.2byte	0x2
 815 0006 00000000 		.4byte	.Ldebug_info0
 816 000a 04       		.byte	0x4
 817 000b 00       		.byte	0
 818 000c 0000     		.2byte	0
 819 000e 0000     		.2byte	0
 820 0010 00000000 		.4byte	.LFB0
 821 0014 18000000 		.4byte	.LFE0-.LFB0
 822 0018 00000000 		.4byte	.LFB1
 823 001c 34000000 		.4byte	.LFE1-.LFB1
 824 0020 00000000 		.4byte	.LFB2
 825 0024 24000000 		.4byte	.LFE2-.LFB2
 826 0028 00000000 		.4byte	.LFB3
 827 002c 34000000 		.4byte	.LFE3-.LFB3
 828 0030 00000000 		.4byte	.LFB4
 829 0034 24000000 		.4byte	.LFE4-.LFB4
 830 0038 00000000 		.4byte	.LFB5
 831 003c 1C000000 		.4byte	.LFE5-.LFB5
 832 0040 00000000 		.4byte	.LFB6
 833 0044 20000000 		.4byte	.LFE6-.LFB6
 834 0048 00000000 		.4byte	.LFB7
 835 004c 18000000 		.4byte	.LFE7-.LFB7
 836 0050 00000000 		.4byte	0
 837 0054 00000000 		.4byte	0
 838              		.section	.debug_ranges,"",%progbits
 839              	.Ldebug_ranges0:
 840 0000 00000000 		.4byte	.LFB0
 841 0004 18000000 		.4byte	.LFE0
 842 0008 00000000 		.4byte	.LFB1
 843 000c 34000000 		.4byte	.LFE1
 844 0010 00000000 		.4byte	.LFB2
 845 0014 24000000 		.4byte	.LFE2
 846 0018 00000000 		.4byte	.LFB3
 847 001c 34000000 		.4byte	.LFE3
 848 0020 00000000 		.4byte	.LFB4
 849 0024 24000000 		.4byte	.LFE4
 850 0028 00000000 		.4byte	.LFB5
 851 002c 1C000000 		.4byte	.LFE5
 852 0030 00000000 		.4byte	.LFB6
 853 0034 20000000 		.4byte	.LFE6
 854 0038 00000000 		.4byte	.LFB7
 855 003c 18000000 		.4byte	.LFE7
 856 0040 00000000 		.4byte	0
ARM GAS  C:\Users\pajoh\AppData\Local\Temp\ccRCLU4g.s 			page 20


 857 0044 00000000 		.4byte	0
 858              		.section	.debug_line,"",%progbits
 859              	.Ldebug_line0:
 860 0000 E1000000 		.section	.debug_str,"MS",%progbits,1
 860      02004500 
 860      00000201 
 860      FB0E0D00 
 860      01010101 
 861              	.LASF30:
 862 0000 436F756E 		.ascii	"Count7_1_initVar\000"
 862      74375F31 
 862      5F696E69 
 862      74566172 
 862      00
 863              	.LASF18:
 864 0011 436F756E 		.ascii	"Count7_1_Enable\000"
 864      74375F31 
 864      5F456E61 
 864      626C6500 
 865              	.LASF27:
 866 0021 474E5520 		.ascii	"GNU C11 5.4.1 20160609 (release) [ARM/embedded-5-br"
 866      43313120 
 866      352E342E 
 866      31203230 
 866      31363036 
 867 0054 616E6368 		.ascii	"anch revision 237715] -mcpu=cortex-m3 -mthumb -g -O"
 867      20726576 
 867      6973696F 
 867      6E203233 
 867      37373135 
 868 0087 30202D66 		.ascii	"0 -ffunction-sections -ffat-lto-objects\000"
 868      66756E63 
 868      74696F6E 
 868      2D736563 
 868      74696F6E 
 869              	.LASF25:
 870 00af 436F756E 		.ascii	"Count7_1_ReadCounter\000"
 870      74375F31 
 870      5F526561 
 870      64436F75 
 870      6E746572 
 871              	.LASF23:
 872 00c4 636F756E 		.ascii	"count\000"
 872      7400
 873              	.LASF24:
 874 00ca 70657269 		.ascii	"period\000"
 874      6F6400
 875              	.LASF3:
 876 00d1 73686F72 		.ascii	"short unsigned int\000"
 876      7420756E 
 876      7369676E 
 876      65642069 
 876      6E7400
 877              	.LASF21:
 878 00e4 436F756E 		.ascii	"Count7_1_WriteCounter\000"
 878      74375F31 
 878      5F577269 
ARM GAS  C:\Users\pajoh\AppData\Local\Temp\ccRCLU4g.s 			page 21


 878      7465436F 
 878      756E7465 
 879              	.LASF9:
 880 00fa 666C6F61 		.ascii	"float\000"
 880      7400
 881              	.LASF1:
 882 0100 756E7369 		.ascii	"unsigned char\000"
 882      676E6564 
 882      20636861 
 882      7200
 883              	.LASF16:
 884 010e 436F756E 		.ascii	"Count7_1_Init\000"
 884      74375F31 
 884      5F496E69 
 884      7400
 885              	.LASF20:
 886 011c 696E7465 		.ascii	"interruptState\000"
 886      72727570 
 886      74537461 
 886      746500
 887              	.LASF5:
 888 012b 6C6F6E67 		.ascii	"long unsigned int\000"
 888      20756E73 
 888      69676E65 
 888      6420696E 
 888      7400
 889              	.LASF12:
 890 013d 75696E74 		.ascii	"uint8\000"
 890      3800
 891              	.LASF22:
 892 0143 436F756E 		.ascii	"Count7_1_WritePeriod\000"
 892      74375F31 
 892      5F577269 
 892      74655065 
 892      72696F64 
 893              	.LASF10:
 894 0158 646F7562 		.ascii	"double\000"
 894      6C6500
 895              	.LASF26:
 896 015f 436F756E 		.ascii	"Count7_1_ReadPeriod\000"
 896      74375F31 
 896      5F526561 
 896      64506572 
 896      696F6400 
 897              	.LASF28:
 898 0173 47656E65 		.ascii	"Generated_Source\\PSoC5\\Count7_1.c\000"
 898      72617465 
 898      645F536F 
 898      75726365 
 898      5C50536F 
 899              	.LASF8:
 900 0195 756E7369 		.ascii	"unsigned int\000"
 900      676E6564 
 900      20696E74 
 900      00
 901              	.LASF7:
 902 01a2 6C6F6E67 		.ascii	"long long unsigned int\000"
ARM GAS  C:\Users\pajoh\AppData\Local\Temp\ccRCLU4g.s 			page 22


 902      206C6F6E 
 902      6720756E 
 902      7369676E 
 902      65642069 
 903              	.LASF19:
 904 01b9 436F756E 		.ascii	"Count7_1_Stop\000"
 904      74375F31 
 904      5F53746F 
 904      7000
 905              	.LASF13:
 906 01c7 72656738 		.ascii	"reg8\000"
 906      00
 907              	.LASF15:
 908 01cc 73697A65 		.ascii	"sizetype\000"
 908      74797065 
 908      00
 909              	.LASF6:
 910 01d5 6C6F6E67 		.ascii	"long long int\000"
 910      206C6F6E 
 910      6720696E 
 910      7400
 911              	.LASF11:
 912 01e3 63686172 		.ascii	"char\000"
 912      00
 913              	.LASF2:
 914 01e8 73686F72 		.ascii	"short int\000"
 914      7420696E 
 914      7400
 915              	.LASF4:
 916 01f2 6C6F6E67 		.ascii	"long int\000"
 916      20696E74 
 916      00
 917              	.LASF14:
 918 01fb 6C6F6E67 		.ascii	"long double\000"
 918      20646F75 
 918      626C6500 
 919              	.LASF0:
 920 0207 7369676E 		.ascii	"signed char\000"
 920      65642063 
 920      68617200 
 921              	.LASF17:
 922 0213 436F756E 		.ascii	"Count7_1_Start\000"
 922      74375F31 
 922      5F537461 
 922      727400
 923              	.LASF29:
 924 0222 433A5C55 		.ascii	"C:\\Users\\pajoh\\Desktop\\closed_loop_printer\\cod"
 924      73657273 
 924      5C70616A 
 924      6F685C44 
 924      65736B74 
 925 0250 655C416E 		.ascii	"e\\Angle_Sensor\\Angle_Sensor.cydsn\000"
 925      676C655F 
 925      53656E73 
 925      6F725C41 
 925      6E676C65 
 926              		.ident	"GCC: (GNU Tools for ARM Embedded Processors) 5.4.1 20160609 (release) [ARM/embedded-5-bran
ARM GAS  C:\Users\pajoh\AppData\Local\Temp\ccRCLU4g.s 			page 23


