ARM GAS  C:\Users\pajoh\AppData\Local\Temp\ccKCKsqb.s 			page 1


   1              		.syntax unified
   2              		.cpu cortex-m3
   3              		.fpu softvfp
   4              		.eabi_attribute 20, 1
   5              		.eabi_attribute 21, 1
   6              		.eabi_attribute 23, 3
   7              		.eabi_attribute 24, 1
   8              		.eabi_attribute 25, 1
   9              		.eabi_attribute 26, 1
  10              		.eabi_attribute 30, 6
  11              		.eabi_attribute 34, 1
  12              		.eabi_attribute 18, 4
  13              		.thumb
  14              		.syntax unified
  15              		.file	"main.c"
  16              		.text
  17              	.Ltext0:
  18              		.cfi_sections	.debug_frame
  19              		.global	read_angle_command
  20              		.data
  21              		.align	1
  22              		.type	read_angle_command, %object
  23              		.size	read_angle_command, 2
  24              	read_angle_command:
  25 0000 FF7F     		.short	32767
  26              		.comm	angle,4,4
  27              		.comm	angle_electric,4,4
  28              		.comm	angle_diff,4,4
  29              		.global	torque_command
  30              		.bss
  31              		.align	2
  32              		.type	torque_command, %object
  33              		.size	torque_command, 4
  34              	torque_command:
  35 0000 00000000 		.space	4
  36              		.comm	controller_tick,1,1
  37              		.global	axis_position_filtered
  38              		.align	2
  39              		.type	axis_position_filtered, %object
  40              		.size	axis_position_filtered, 4
  41              	axis_position_filtered:
  42 0004 00000000 		.space	4
  43              		.global	axis_position_filtered_2
  44              		.align	2
  45              		.type	axis_position_filtered_2, %object
  46              		.size	axis_position_filtered_2, 4
  47              	axis_position_filtered_2:
  48 0008 00000000 		.space	4
  49              		.comm	axis_position,4,4
  50              		.global	lead_angle
  51              		.align	2
  52              		.type	lead_angle, %object
  53              		.size	lead_angle, 4
  54              	lead_angle:
  55 000c 00000000 		.space	4
  56              		.comm	transmit_buff,80,4
  57              		.global	position_ref
ARM GAS  C:\Users\pajoh\AppData\Local\Temp\ccKCKsqb.s 			page 2


  58              		.align	2
  59              		.type	position_ref, %object
  60              		.size	position_ref, 4
  61              	position_ref:
  62 0010 00000000 		.space	4
  63              		.global	position_ref_initial
  64              		.align	2
  65              		.type	position_ref_initial, %object
  66              		.size	position_ref_initial, 4
  67              	position_ref_initial:
  68 0014 00000000 		.space	4
  69              		.global	position_ref_old
  70              		.align	2
  71              		.type	position_ref_old, %object
  72              		.size	position_ref_old, 4
  73              	position_ref_old:
  74 0018 00000000 		.space	4
  75              		.global	step_array
  76              		.data
  77 0002 0000     		.align	2
  78              		.type	step_array, %object
  79              		.size	step_array, 68
  80              	step_array:
  81 0004 00000000 		.word	0
  82 0008 02000000 		.word	2
  83 000c 0A000000 		.word	10
  84 0010 2A000000 		.word	42
  85 0014 AA000000 		.word	170
  86 0018 AA020000 		.word	682
  87 001c AA0A0000 		.word	2730
  88 0020 AA2A0000 		.word	10922
  89 0024 AAAA0000 		.word	43690
  90 0028 AAAA0200 		.word	174762
  91 002c AAAA0A00 		.word	699050
  92 0030 AAAA2A00 		.word	2796202
  93 0034 AAAAAA00 		.word	11184810
  94 0038 AAAAAA02 		.word	44739242
  95 003c AAAAAA0A 		.word	178956970
  96 0040 AAAAAA2A 		.word	715827882
  97 0044 AAAAAAAA 		.word	-1431655766
  98              		.global	offsetMap
  99              		.align	2
 100              		.type	offsetMap, %object
 101              		.size	offsetMap, 2048
 102              	offsetMap:
 103 0048 00000000 		.word	0
 104 004c 00000000 		.word	0
 105 0050 00000000 		.word	0
 106 0054 FDFFFFFF 		.word	-3
 107 0058 FDFFFFFF 		.word	-3
 108 005c FDFFFFFF 		.word	-3
 109 0060 FEFFFFFF 		.word	-2
 110 0064 FEFFFFFF 		.word	-2
 111 0068 FAFFFFFF 		.word	-6
 112 006c FAFFFFFF 		.word	-6
 113 0070 FAFFFFFF 		.word	-6
 114 0074 FDFFFFFF 		.word	-3
ARM GAS  C:\Users\pajoh\AppData\Local\Temp\ccKCKsqb.s 			page 3


 115 0078 FDFFFFFF 		.word	-3
 116 007c FBFFFFFF 		.word	-5
 117 0080 FBFFFFFF 		.word	-5
 118 0084 FBFFFFFF 		.word	-5
 119 0088 FBFFFFFF 		.word	-5
 120 008c FBFFFFFF 		.word	-5
 121 0090 F8FFFFFF 		.word	-8
 122 0094 F8FFFFFF 		.word	-8
 123 0098 F8FFFFFF 		.word	-8
 124 009c FAFFFFFF 		.word	-6
 125 00a0 FAFFFFFF 		.word	-6
 126 00a4 FAFFFFFF 		.word	-6
 127 00a8 F8FFFFFF 		.word	-8
 128 00ac F8FFFFFF 		.word	-8
 129 00b0 F9FFFFFF 		.word	-7
 130 00b4 F9FFFFFF 		.word	-7
 131 00b8 F9FFFFFF 		.word	-7
 132 00bc F6FFFFFF 		.word	-10
 133 00c0 F6FFFFFF 		.word	-10
 134 00c4 F8FFFFFF 		.word	-8
 135 00c8 F8FFFFFF 		.word	-8
 136 00cc F8FFFFFF 		.word	-8
 137 00d0 F5FFFFFF 		.word	-11
 138 00d4 F5FFFFFF 		.word	-11
 139 00d8 F6FFFFFF 		.word	-10
 140 00dc F6FFFFFF 		.word	-10
 141 00e0 F6FFFFFF 		.word	-10
 142 00e4 F3FFFFFF 		.word	-13
 143 00e8 F3FFFFFF 		.word	-13
 144 00ec F5FFFFFF 		.word	-11
 145 00f0 F5FFFFFF 		.word	-11
 146 00f4 F5FFFFFF 		.word	-11
 147 00f8 F4FFFFFF 		.word	-12
 148 00fc F4FFFFFF 		.word	-12
 149 0100 F4FFFFFF 		.word	-12
 150 0104 F4FFFFFF 		.word	-12
 151 0108 F4FFFFFF 		.word	-12
 152 010c F1FFFFFF 		.word	-15
 153 0110 F1FFFFFF 		.word	-15
 154 0114 F1FFFFFF 		.word	-15
 155 0118 F4FFFFFF 		.word	-12
 156 011c F4FFFFFF 		.word	-12
 157 0120 F2FFFFFF 		.word	-14
 158 0124 F2FFFFFF 		.word	-14
 159 0128 F2FFFFFF 		.word	-14
 160 012c F4FFFFFF 		.word	-12
 161 0130 F4FFFFFF 		.word	-12
 162 0134 F1FFFFFF 		.word	-15
 163 0138 F1FFFFFF 		.word	-15
 164 013c F1FFFFFF 		.word	-15
 165 0140 F3FFFFFF 		.word	-13
 166 0144 F3FFFFFF 		.word	-13
 167 0148 F2FFFFFF 		.word	-14
 168 014c F2FFFFFF 		.word	-14
 169 0150 F2FFFFFF 		.word	-14
 170 0154 F3FFFFFF 		.word	-13
 171 0158 F3FFFFFF 		.word	-13
ARM GAS  C:\Users\pajoh\AppData\Local\Temp\ccKCKsqb.s 			page 4


 172 015c F3FFFFFF 		.word	-13
 173 0160 F1FFFFFF 		.word	-15
 174 0164 F1FFFFFF 		.word	-15
 175 0168 F3FFFFFF 		.word	-13
 176 016c F3FFFFFF 		.word	-13
 177 0170 F3FFFFFF 		.word	-13
 178 0174 F2FFFFFF 		.word	-14
 179 0178 F2FFFFFF 		.word	-14
 180 017c F3FFFFFF 		.word	-13
 181 0180 F3FFFFFF 		.word	-13
 182 0184 F3FFFFFF 		.word	-13
 183 0188 F1FFFFFF 		.word	-15
 184 018c F1FFFFFF 		.word	-15
 185 0190 F4FFFFFF 		.word	-12
 186 0194 F4FFFFFF 		.word	-12
 187 0198 F4FFFFFF 		.word	-12
 188 019c F4FFFFFF 		.word	-12
 189 01a0 F4FFFFFF 		.word	-12
 190 01a4 F4FFFFFF 		.word	-12
 191 01a8 F5FFFFFF 		.word	-11
 192 01ac F5FFFFFF 		.word	-11
 193 01b0 F3FFFFFF 		.word	-13
 194 01b4 F3FFFFFF 		.word	-13
 195 01b8 F3FFFFFF 		.word	-13
 196 01bc F6FFFFFF 		.word	-10
 197 01c0 F6FFFFFF 		.word	-10
 198 01c4 F5FFFFFF 		.word	-11
 199 01c8 F5FFFFFF 		.word	-11
 200 01cc F5FFFFFF 		.word	-11
 201 01d0 F6FFFFFF 		.word	-10
 202 01d4 F6FFFFFF 		.word	-10
 203 01d8 F4FFFFFF 		.word	-12
 204 01dc F4FFFFFF 		.word	-12
 205 01e0 F4FFFFFF 		.word	-12
 206 01e4 F7FFFFFF 		.word	-9
 207 01e8 F7FFFFFF 		.word	-9
 208 01ec F7FFFFFF 		.word	-9
 209 01f0 F7FFFFFF 		.word	-9
 210 01f4 F7FFFFFF 		.word	-9
 211 01f8 F8FFFFFF 		.word	-8
 212 01fc F8FFFFFF 		.word	-8
 213 0200 F8FFFFFF 		.word	-8
 214 0204 F7FFFFFF 		.word	-9
 215 0208 F7FFFFFF 		.word	-9
 216 020c F9FFFFFF 		.word	-7
 217 0210 F9FFFFFF 		.word	-7
 218 0214 F9FFFFFF 		.word	-7
 219 0218 F9FFFFFF 		.word	-7
 220 021c F9FFFFFF 		.word	-7
 221 0220 FBFFFFFF 		.word	-5
 222 0224 FBFFFFFF 		.word	-5
 223 0228 FBFFFFFF 		.word	-5
 224 022c F9FFFFFF 		.word	-7
 225 0230 F9FFFFFF 		.word	-7
 226 0234 FCFFFFFF 		.word	-4
 227 0238 FCFFFFFF 		.word	-4
 228 023c FCFFFFFF 		.word	-4
ARM GAS  C:\Users\pajoh\AppData\Local\Temp\ccKCKsqb.s 			page 5


 229 0240 FCFFFFFF 		.word	-4
 230 0244 FCFFFFFF 		.word	-4
 231 0248 FCFFFFFF 		.word	-4
 232 024c FCFFFFFF 		.word	-4
 233 0250 FCFFFFFF 		.word	-4
 234 0254 FBFFFFFF 		.word	-5
 235 0258 FBFFFFFF 		.word	-5
 236 025c FBFFFFFF 		.word	-5
 237 0260 FDFFFFFF 		.word	-3
 238 0264 FDFFFFFF 		.word	-3
 239 0268 FEFFFFFF 		.word	-2
 240 026c FEFFFFFF 		.word	-2
 241 0270 FEFFFFFF 		.word	-2
 242 0274 FFFFFFFF 		.word	-1
 243 0278 FFFFFFFF 		.word	-1
 244 027c FDFFFFFF 		.word	-3
 245 0280 FDFFFFFF 		.word	-3
 246 0284 FDFFFFFF 		.word	-3
 247 0288 00000000 		.word	0
 248 028c 00000000 		.word	0
 249 0290 00000000 		.word	0
 250 0294 00000000 		.word	0
 251 0298 00000000 		.word	0
 252 029c 01000000 		.word	1
 253 02a0 01000000 		.word	1
 254 02a4 01000000 		.word	1
 255 02a8 00000000 		.word	0
 256 02ac 00000000 		.word	0
 257 02b0 02000000 		.word	2
 258 02b4 02000000 		.word	2
 259 02b8 02000000 		.word	2
 260 02bc 02000000 		.word	2
 261 02c0 02000000 		.word	2
 262 02c4 04000000 		.word	4
 263 02c8 04000000 		.word	4
 264 02cc 04000000 		.word	4
 265 02d0 02000000 		.word	2
 266 02d4 02000000 		.word	2
 267 02d8 05000000 		.word	5
 268 02dc 05000000 		.word	5
 269 02e0 05000000 		.word	5
 270 02e4 04000000 		.word	4
 271 02e8 04000000 		.word	4
 272 02ec 06000000 		.word	6
 273 02f0 06000000 		.word	6
 274 02f4 06000000 		.word	6
 275 02f8 05000000 		.word	5
 276 02fc 05000000 		.word	5
 277 0300 05000000 		.word	5
 278 0304 08000000 		.word	8
 279 0308 08000000 		.word	8
 280 030c 07000000 		.word	7
 281 0310 07000000 		.word	7
 282 0314 07000000 		.word	7
 283 0318 09000000 		.word	9
 284 031c 09000000 		.word	9
 285 0320 08000000 		.word	8
ARM GAS  C:\Users\pajoh\AppData\Local\Temp\ccKCKsqb.s 			page 6


 286 0324 08000000 		.word	8
 287 0328 08000000 		.word	8
 288 032c 0B000000 		.word	11
 289 0330 0B000000 		.word	11
 290 0334 0A000000 		.word	10
 291 0338 0A000000 		.word	10
 292 033c 0A000000 		.word	10
 293 0340 0B000000 		.word	11
 294 0344 0B000000 		.word	11
 295 0348 0A000000 		.word	10
 296 034c 0A000000 		.word	10
 297 0350 0A000000 		.word	10
 298 0354 0C000000 		.word	12
 299 0358 0C000000 		.word	12
 300 035c 0C000000 		.word	12
 301 0360 0B000000 		.word	11
 302 0364 0B000000 		.word	11
 303 0368 0D000000 		.word	13
 304 036c 0D000000 		.word	13
 305 0370 0D000000 		.word	13
 306 0374 0B000000 		.word	11
 307 0378 0B000000 		.word	11
 308 037c 0D000000 		.word	13
 309 0380 0D000000 		.word	13
 310 0384 0D000000 		.word	13
 311 0388 0C000000 		.word	12
 312 038c 0C000000 		.word	12
 313 0390 0D000000 		.word	13
 314 0394 0D000000 		.word	13
 315 0398 0D000000 		.word	13
 316 039c 0B000000 		.word	11
 317 03a0 0B000000 		.word	11
 318 03a4 0B000000 		.word	11
 319 03a8 0E000000 		.word	14
 320 03ac 0E000000 		.word	14
 321 03b0 0C000000 		.word	12
 322 03b4 0C000000 		.word	12
 323 03b8 0C000000 		.word	12
 324 03bc 0E000000 		.word	14
 325 03c0 0E000000 		.word	14
 326 03c4 0B000000 		.word	11
 327 03c8 0B000000 		.word	11
 328 03cc 0B000000 		.word	11
 329 03d0 0C000000 		.word	12
 330 03d4 0C000000 		.word	12
 331 03d8 0B000000 		.word	11
 332 03dc 0B000000 		.word	11
 333 03e0 0B000000 		.word	11
 334 03e4 0C000000 		.word	12
 335 03e8 0C000000 		.word	12
 336 03ec 09000000 		.word	9
 337 03f0 09000000 		.word	9
 338 03f4 09000000 		.word	9
 339 03f8 0B000000 		.word	11
 340 03fc 0B000000 		.word	11
 341 0400 0B000000 		.word	11
 342 0404 09000000 		.word	9
ARM GAS  C:\Users\pajoh\AppData\Local\Temp\ccKCKsqb.s 			page 7


 343 0408 09000000 		.word	9
 344 040c 0A000000 		.word	10
 345 0410 0A000000 		.word	10
 346 0414 0A000000 		.word	10
 347 0418 07000000 		.word	7
 348 041c 07000000 		.word	7
 349 0420 08000000 		.word	8
 350 0424 08000000 		.word	8
 351 0428 08000000 		.word	8
 352 042c 07000000 		.word	7
 353 0430 07000000 		.word	7
 354 0434 06000000 		.word	6
 355 0438 06000000 		.word	6
 356 043c 06000000 		.word	6
 357 0440 04000000 		.word	4
 358 0444 04000000 		.word	4
 359 0448 06000000 		.word	6
 360 044c 06000000 		.word	6
 361 0450 06000000 		.word	6
 362 0454 03000000 		.word	3
 363 0458 03000000 		.word	3
 364 045c 03000000 		.word	3
 365 0460 02000000 		.word	2
 366 0464 02000000 		.word	2
 367 0468 00000000 		.word	0
 368 046c 00000000 		.word	0
 369 0470 00000000 		.word	0
 370 0474 01000000 		.word	1
 371 0478 01000000 		.word	1
 372 047c 00000000 		.word	0
 373 0480 00000000 		.word	0
 374 0484 00000000 		.word	0
 375 0488 00000000 		.word	0
 376 048c 00000000 		.word	0
 377 0490 FDFFFFFF 		.word	-3
 378 0494 FDFFFFFF 		.word	-3
 379 0498 FDFFFFFF 		.word	-3
 380 049c FEFFFFFF 		.word	-2
 381 04a0 FEFFFFFF 		.word	-2
 382 04a4 FEFFFFFF 		.word	-2
 383 04a8 FCFFFFFF 		.word	-4
 384 04ac FCFFFFFF 		.word	-4
 385 04b0 FCFFFFFF 		.word	-4
 386 04b4 FCFFFFFF 		.word	-4
 387 04b8 FCFFFFFF 		.word	-4
 388 04bc F9FFFFFF 		.word	-7
 389 04c0 F9FFFFFF 		.word	-7
 390 04c4 FAFFFFFF 		.word	-6
 391 04c8 FAFFFFFF 		.word	-6
 392 04cc FAFFFFFF 		.word	-6
 393 04d0 F7FFFFFF 		.word	-9
 394 04d4 F7FFFFFF 		.word	-9
 395 04d8 F7FFFFFF 		.word	-9
 396 04dc F7FFFFFF 		.word	-9
 397 04e0 F7FFFFFF 		.word	-9
 398 04e4 F4FFFFFF 		.word	-12
 399 04e8 F4FFFFFF 		.word	-12
ARM GAS  C:\Users\pajoh\AppData\Local\Temp\ccKCKsqb.s 			page 8


 400 04ec F6FFFFFF 		.word	-10
 401 04f0 F6FFFFFF 		.word	-10
 402 04f4 F6FFFFFF 		.word	-10
 403 04f8 F4FFFFFF 		.word	-12
 404 04fc F4FFFFFF 		.word	-12
 405 0500 F4FFFFFF 		.word	-12
 406 0504 F5FFFFFF 		.word	-11
 407 0508 F5FFFFFF 		.word	-11
 408 050c F2FFFFFF 		.word	-14
 409 0510 F2FFFFFF 		.word	-14
 410 0514 F2FFFFFF 		.word	-14
 411 0518 F3FFFFFF 		.word	-13
 412 051c F3FFFFFF 		.word	-13
 413 0520 F2FFFFFF 		.word	-14
 414 0524 F2FFFFFF 		.word	-14
 415 0528 F2FFFFFF 		.word	-14
 416 052c F2FFFFFF 		.word	-14
 417 0530 F2FFFFFF 		.word	-14
 418 0534 EFFFFFFF 		.word	-17
 419 0538 EFFFFFFF 		.word	-17
 420 053c EFFFFFFF 		.word	-17
 421 0540 F1FFFFFF 		.word	-15
 422 0544 F1FFFFFF 		.word	-15
 423 0548 EFFFFFFF 		.word	-17
 424 054c EFFFFFFF 		.word	-17
 425 0550 EFFFFFFF 		.word	-17
 426 0554 F0FFFFFF 		.word	-16
 427 0558 F0FFFFFF 		.word	-16
 428 055c F0FFFFFF 		.word	-16
 429 0560 EDFFFFFF 		.word	-19
 430 0564 EDFFFFFF 		.word	-19
 431 0568 EFFFFFFF 		.word	-17
 432 056c EFFFFFFF 		.word	-17
 433 0570 EFFFFFFF 		.word	-17
 434 0574 EEFFFFFF 		.word	-18
 435 0578 EEFFFFFF 		.word	-18
 436 057c EFFFFFFF 		.word	-17
 437 0580 EFFFFFFF 		.word	-17
 438 0584 EFFFFFFF 		.word	-17
 439 0588 ECFFFFFF 		.word	-20
 440 058c ECFFFFFF 		.word	-20
 441 0590 EFFFFFFF 		.word	-17
 442 0594 EFFFFFFF 		.word	-17
 443 0598 EFFFFFFF 		.word	-17
 444 059c EDFFFFFF 		.word	-19
 445 05a0 EDFFFFFF 		.word	-19
 446 05a4 EDFFFFFF 		.word	-19
 447 05a8 EFFFFFFF 		.word	-17
 448 05ac EFFFFFFF 		.word	-17
 449 05b0 ECFFFFFF 		.word	-20
 450 05b4 ECFFFFFF 		.word	-20
 451 05b8 ECFFFFFF 		.word	-20
 452 05bc EFFFFFFF 		.word	-17
 453 05c0 EFFFFFFF 		.word	-17
 454 05c4 EEFFFFFF 		.word	-18
 455 05c8 EEFFFFFF 		.word	-18
 456 05cc EEFFFFFF 		.word	-18
ARM GAS  C:\Users\pajoh\AppData\Local\Temp\ccKCKsqb.s 			page 9


 457 05d0 EEFFFFFF 		.word	-18
 458 05d4 EEFFFFFF 		.word	-18
 459 05d8 ECFFFFFF 		.word	-20
 460 05dc ECFFFFFF 		.word	-20
 461 05e0 ECFFFFFF 		.word	-20
 462 05e4 EEFFFFFF 		.word	-18
 463 05e8 EEFFFFFF 		.word	-18
 464 05ec EDFFFFFF 		.word	-19
 465 05f0 EDFFFFFF 		.word	-19
 466 05f4 EDFFFFFF 		.word	-19
 467 05f8 EFFFFFFF 		.word	-17
 468 05fc EFFFFFFF 		.word	-17
 469 0600 EFFFFFFF 		.word	-17
 470 0604 ECFFFFFF 		.word	-20
 471 0608 ECFFFFFF 		.word	-20
 472 060c EFFFFFFF 		.word	-17
 473 0610 EFFFFFFF 		.word	-17
 474 0614 EFFFFFFF 		.word	-17
 475 0618 EFFFFFFF 		.word	-17
 476 061c EFFFFFFF 		.word	-17
 477 0620 F0FFFFFF 		.word	-16
 478 0624 F0FFFFFF 		.word	-16
 479 0628 F0FFFFFF 		.word	-16
 480 062c EEFFFFFF 		.word	-18
 481 0630 EEFFFFFF 		.word	-18
 482 0634 F0FFFFFF 		.word	-16
 483 0638 F0FFFFFF 		.word	-16
 484 063c F0FFFFFF 		.word	-16
 485 0640 F0FFFFFF 		.word	-16
 486 0644 F0FFFFFF 		.word	-16
 487 0648 F1FFFFFF 		.word	-15
 488 064c F1FFFFFF 		.word	-15
 489 0650 F1FFFFFF 		.word	-15
 490 0654 EFFFFFFF 		.word	-17
 491 0658 EFFFFFFF 		.word	-17
 492 065c EFFFFFFF 		.word	-17
 493 0660 F1FFFFFF 		.word	-15
 494 0664 F1FFFFFF 		.word	-15
 495 0668 F1FFFFFF 		.word	-15
 496 066c F1FFFFFF 		.word	-15
 497 0670 F1FFFFFF 		.word	-15
 498 0674 F2FFFFFF 		.word	-14
 499 0678 F2FFFFFF 		.word	-14
 500 067c F1FFFFFF 		.word	-15
 501 0680 F1FFFFFF 		.word	-15
 502 0684 F1FFFFFF 		.word	-15
 503 0688 F4FFFFFF 		.word	-12
 504 068c F4FFFFFF 		.word	-12
 505 0690 F3FFFFFF 		.word	-13
 506 0694 F3FFFFFF 		.word	-13
 507 0698 F3FFFFFF 		.word	-13
 508 069c F5FFFFFF 		.word	-11
 509 06a0 F5FFFFFF 		.word	-11
 510 06a4 F5FFFFFF 		.word	-11
 511 06a8 F4FFFFFF 		.word	-12
 512 06ac F4FFFFFF 		.word	-12
 513 06b0 F6FFFFFF 		.word	-10
ARM GAS  C:\Users\pajoh\AppData\Local\Temp\ccKCKsqb.s 			page 10


 514 06b4 F6FFFFFF 		.word	-10
 515 06b8 F6FFFFFF 		.word	-10
 516 06bc F6FFFFFF 		.word	-10
 517 06c0 F6FFFFFF 		.word	-10
 518 06c4 F8FFFFFF 		.word	-8
 519 06c8 F8FFFFFF 		.word	-8
 520 06cc F8FFFFFF 		.word	-8
 521 06d0 F5FFFFFF 		.word	-11
 522 06d4 F5FFFFFF 		.word	-11
 523 06d8 F9FFFFFF 		.word	-7
 524 06dc F9FFFFFF 		.word	-7
 525 06e0 F9FFFFFF 		.word	-7
 526 06e4 F8FFFFFF 		.word	-8
 527 06e8 F8FFFFFF 		.word	-8
 528 06ec FAFFFFFF 		.word	-6
 529 06f0 FAFFFFFF 		.word	-6
 530 06f4 FAFFFFFF 		.word	-6
 531 06f8 F9FFFFFF 		.word	-7
 532 06fc F9FFFFFF 		.word	-7
 533 0700 F9FFFFFF 		.word	-7
 534 0704 FCFFFFFF 		.word	-4
 535 0708 FCFFFFFF 		.word	-4
 536 070c FBFFFFFF 		.word	-5
 537 0710 FBFFFFFF 		.word	-5
 538 0714 FBFFFFFF 		.word	-5
 539 0718 FDFFFFFF 		.word	-3
 540 071c FDFFFFFF 		.word	-3
 541 0720 FCFFFFFF 		.word	-4
 542 0724 FCFFFFFF 		.word	-4
 543 0728 FCFFFFFF 		.word	-4
 544 072c FFFFFFFF 		.word	-1
 545 0730 FFFFFFFF 		.word	-1
 546 0734 FEFFFFFF 		.word	-2
 547 0738 FEFFFFFF 		.word	-2
 548 073c FEFFFFFF 		.word	-2
 549 0740 00000000 		.word	0
 550 0744 00000000 		.word	0
 551 0748 FEFFFFFF 		.word	-2
 552 074c FEFFFFFF 		.word	-2
 553 0750 FEFFFFFF 		.word	-2
 554 0754 00000000 		.word	0
 555 0758 00000000 		.word	0
 556 075c 00000000 		.word	0
 557 0760 00000000 		.word	0
 558 0764 00000000 		.word	0
 559 0768 01000000 		.word	1
 560 076c 01000000 		.word	1
 561 0770 01000000 		.word	1
 562 0774 00000000 		.word	0
 563 0778 00000000 		.word	0
 564 077c 02000000 		.word	2
 565 0780 02000000 		.word	2
 566 0784 02000000 		.word	2
 567 0788 01000000 		.word	1
 568 078c 01000000 		.word	1
 569 0790 03000000 		.word	3
 570 0794 03000000 		.word	3
ARM GAS  C:\Users\pajoh\AppData\Local\Temp\ccKCKsqb.s 			page 11


 571 0798 03000000 		.word	3
 572 079c 01000000 		.word	1
 573 07a0 01000000 		.word	1
 574 07a4 01000000 		.word	1
 575 07a8 03000000 		.word	3
 576 07ac 03000000 		.word	3
 577 07b0 02000000 		.word	2
 578 07b4 02000000 		.word	2
 579 07b8 02000000 		.word	2
 580 07bc 03000000 		.word	3
 581 07c0 03000000 		.word	3
 582 07c4 02000000 		.word	2
 583 07c8 02000000 		.word	2
 584 07cc 02000000 		.word	2
 585 07d0 03000000 		.word	3
 586 07d4 03000000 		.word	3
 587 07d8 02000000 		.word	2
 588 07dc 02000000 		.word	2
 589 07e0 02000000 		.word	2
 590 07e4 03000000 		.word	3
 591 07e8 03000000 		.word	3
 592 07ec 00000000 		.word	0
 593 07f0 00000000 		.word	0
 594 07f4 00000000 		.word	0
 595 07f8 03000000 		.word	3
 596 07fc 03000000 		.word	3
 597 0800 03000000 		.word	3
 598 0804 01000000 		.word	1
 599 0808 01000000 		.word	1
 600 080c 02000000 		.word	2
 601 0810 02000000 		.word	2
 602 0814 02000000 		.word	2
 603 0818 00000000 		.word	0
 604 081c 00000000 		.word	0
 605 0820 01000000 		.word	1
 606 0824 01000000 		.word	1
 607 0828 01000000 		.word	1
 608 082c 00000000 		.word	0
 609 0830 00000000 		.word	0
 610 0834 00000000 		.word	0
 611 0838 00000000 		.word	0
 612 083c 00000000 		.word	0
 613 0840 FFFFFFFF 		.word	-1
 614 0844 FFFFFFFF 		.word	-1
 615              		.section	.text.main,"ax",%progbits
 616              		.align	2
 617              		.global	main
 618              		.thumb
 619              		.thumb_func
 620              		.type	main, %function
 621              	main:
 622              	.LFB64:
 623              		.file 1 "main.c"
   1:main.c        **** /*******************************************************************************
   2:main.c        **** * File Name: main.c
   3:main.c        **** * Patrick Johnson 2020
   4:main.c        **** * Stepper motor controller
ARM GAS  C:\Users\pajoh\AppData\Local\Temp\ccKCKsqb.s 			page 12


   5:main.c        **** * Implementation of this paper: https://www.mdpi.com/2079-9292/7/10/242/pdf
   6:main.c        **** *******************************************************************************/
   7:main.c        **** 
   8:main.c        **** #include <project.h>
   9:main.c        **** #include "string.h"
  10:main.c        **** #include "stdio.h"
  11:main.c        **** #include "macros.h"
  12:main.c        **** #include "pid.h"
  13:main.c        **** #include "lis3dh.h"
  14:main.c        **** 
  15:main.c        **** //#define DEBUG_SERIAL
  16:main.c        **** 
  17:main.c        **** volatile uint16 read_angle_command = SPI_CMD_READ | SPI_REG_DATA;
  18:main.c        **** 
  19:main.c        **** volatile int32 angle;
  20:main.c        **** volatile int32 angle_electric;
  21:main.c        **** volatile int32 angle_diff;
  22:main.c        **** volatile int32 torque_command = 0;
  23:main.c        **** volatile uint8 controller_tick;
  24:main.c        **** volatile int32 axis_position_filtered = 0;
  25:main.c        **** volatile int32 axis_position_filtered_2 = 0;
  26:main.c        **** volatile int32 axis_position;
  27:main.c        **** volatile int32 lead_angle = 0;
  28:main.c        **** 
  29:main.c        **** char transmit_buff[80];
  30:main.c        **** int32 position_ref = 0;
  31:main.c        **** int32 position_ref_initial = 0;
  32:main.c        **** int32 position_ref_old = 0;
  33:main.c        **** 
  34:main.c        **** uint8 spiCalcEvenParity(uint16 value);
  35:main.c        **** 
  36:main.c        **** //step pulses are sent using a shift register to avoid bitbanging
  37:main.c        **** //this array converts a number of pulses to a bitstream
  38:main.c        **** // step_array[4] = 0b10101010 = 0xAA
  39:main.c        **** volatile uint32 step_array[17] = {   0x00000000,
  40:main.c        ****                             0x00000002,
  41:main.c        ****                             0x0000000A,
  42:main.c        ****                             0x0000002A,
  43:main.c        ****                             0x000000AA,
  44:main.c        ****                             0x000002AA,
  45:main.c        ****                             0x00000AAA,
  46:main.c        ****                             0x00002AAA,
  47:main.c        ****                             0x0000AAAA,
  48:main.c        ****                             0x0002AAAA,
  49:main.c        ****                             0x000AAAAA,
  50:main.c        ****                             0x002AAAAA,
  51:main.c        ****                             0x00AAAAAA,
  52:main.c        ****                             0x02AAAAAA,
  53:main.c        ****                             0x0AAAAAAA,
  54:main.c        ****                             0x2AAAAAAA,
  55:main.c        ****                             0xAAAAAAAA  };
  56:main.c        **** 
  57:main.c        **** //offset map generated manually
  58:main.c        **** //This corrects for encoder error vs motor full step positions.
  59:main.c        **** volatile int32 offsetMap[512] = {0,
  60:main.c        **** 0,
  61:main.c        **** 0,
ARM GAS  C:\Users\pajoh\AppData\Local\Temp\ccKCKsqb.s 			page 13


  62:main.c        **** -3,
  63:main.c        **** -3,
  64:main.c        **** -3,
  65:main.c        **** -2,
  66:main.c        **** -2,
  67:main.c        **** -6,
  68:main.c        **** -6,
  69:main.c        **** -6,
  70:main.c        **** -3,
  71:main.c        **** -3,
  72:main.c        **** -5,
  73:main.c        **** -5,
  74:main.c        **** -5,
  75:main.c        **** -5,
  76:main.c        **** -5,
  77:main.c        **** -8,
  78:main.c        **** -8,
  79:main.c        **** -8,
  80:main.c        **** -6,
  81:main.c        **** -6,
  82:main.c        **** -6,
  83:main.c        **** -8,
  84:main.c        **** -8,
  85:main.c        **** -7,
  86:main.c        **** -7,
  87:main.c        **** -7,
  88:main.c        **** -10,
  89:main.c        **** -10,
  90:main.c        **** -8,
  91:main.c        **** -8,
  92:main.c        **** -8,
  93:main.c        **** -11,
  94:main.c        **** -11,
  95:main.c        **** -10,
  96:main.c        **** -10,
  97:main.c        **** -10,
  98:main.c        **** -13,
  99:main.c        **** -13,
 100:main.c        **** -11,
 101:main.c        **** -11,
 102:main.c        **** -11,
 103:main.c        **** -12,
 104:main.c        **** -12,
 105:main.c        **** -12,
 106:main.c        **** -12,
 107:main.c        **** -12,
 108:main.c        **** -15,
 109:main.c        **** -15,
 110:main.c        **** -15,
 111:main.c        **** -12,
 112:main.c        **** -12,
 113:main.c        **** -14,
 114:main.c        **** -14,
 115:main.c        **** -14,
 116:main.c        **** -12,
 117:main.c        **** -12,
 118:main.c        **** -15,
ARM GAS  C:\Users\pajoh\AppData\Local\Temp\ccKCKsqb.s 			page 14


 119:main.c        **** -15,
 120:main.c        **** -15,
 121:main.c        **** -13,
 122:main.c        **** -13,
 123:main.c        **** -14,
 124:main.c        **** -14,
 125:main.c        **** -14,
 126:main.c        **** -13,
 127:main.c        **** -13,
 128:main.c        **** -13,
 129:main.c        **** -15,
 130:main.c        **** -15,
 131:main.c        **** -13,
 132:main.c        **** -13,
 133:main.c        **** -13,
 134:main.c        **** -14,
 135:main.c        **** -14,
 136:main.c        **** -13,
 137:main.c        **** -13,
 138:main.c        **** -13,
 139:main.c        **** -15,
 140:main.c        **** -15,
 141:main.c        **** -12,
 142:main.c        **** -12,
 143:main.c        **** -12,
 144:main.c        **** -12,
 145:main.c        **** -12,
 146:main.c        **** -12,
 147:main.c        **** -11,
 148:main.c        **** -11,
 149:main.c        **** -13,
 150:main.c        **** -13,
 151:main.c        **** -13,
 152:main.c        **** -10,
 153:main.c        **** -10,
 154:main.c        **** -11,
 155:main.c        **** -11,
 156:main.c        **** -11,
 157:main.c        **** -10,
 158:main.c        **** -10,
 159:main.c        **** -12,
 160:main.c        **** -12,
 161:main.c        **** -12,
 162:main.c        **** -9,
 163:main.c        **** -9,
 164:main.c        **** -9,
 165:main.c        **** -9,
 166:main.c        **** -9,
 167:main.c        **** -8,
 168:main.c        **** -8,
 169:main.c        **** -8,
 170:main.c        **** -9,
 171:main.c        **** -9,
 172:main.c        **** -7,
 173:main.c        **** -7,
 174:main.c        **** -7,
 175:main.c        **** -7,
ARM GAS  C:\Users\pajoh\AppData\Local\Temp\ccKCKsqb.s 			page 15


 176:main.c        **** -7,
 177:main.c        **** -5,
 178:main.c        **** -5,
 179:main.c        **** -5,
 180:main.c        **** -7,
 181:main.c        **** -7,
 182:main.c        **** -4,
 183:main.c        **** -4,
 184:main.c        **** -4,
 185:main.c        **** -4,
 186:main.c        **** -4,
 187:main.c        **** -4,
 188:main.c        **** -4,
 189:main.c        **** -4,
 190:main.c        **** -5,
 191:main.c        **** -5,
 192:main.c        **** -5,
 193:main.c        **** -3,
 194:main.c        **** -3,
 195:main.c        **** -2,
 196:main.c        **** -2,
 197:main.c        **** -2,
 198:main.c        **** -1,
 199:main.c        **** -1,
 200:main.c        **** -3,
 201:main.c        **** -3,
 202:main.c        **** -3,
 203:main.c        **** 0,
 204:main.c        **** 0,
 205:main.c        **** 0,
 206:main.c        **** 0,
 207:main.c        **** 0,
 208:main.c        **** 1,
 209:main.c        **** 1,
 210:main.c        **** 1,
 211:main.c        **** 0,
 212:main.c        **** 0,
 213:main.c        **** 2,
 214:main.c        **** 2,
 215:main.c        **** 2,
 216:main.c        **** 2,
 217:main.c        **** 2,
 218:main.c        **** 4,
 219:main.c        **** 4,
 220:main.c        **** 4,
 221:main.c        **** 2,
 222:main.c        **** 2,
 223:main.c        **** 5,
 224:main.c        **** 5,
 225:main.c        **** 5,
 226:main.c        **** 4,
 227:main.c        **** 4,
 228:main.c        **** 6,
 229:main.c        **** 6,
 230:main.c        **** 6,
 231:main.c        **** 5,
 232:main.c        **** 5,
ARM GAS  C:\Users\pajoh\AppData\Local\Temp\ccKCKsqb.s 			page 16


 233:main.c        **** 5,
 234:main.c        **** 8,
 235:main.c        **** 8,
 236:main.c        **** 7,
 237:main.c        **** 7,
 238:main.c        **** 7,
 239:main.c        **** 9,
 240:main.c        **** 9,
 241:main.c        **** 8,
 242:main.c        **** 8,
 243:main.c        **** 8,
 244:main.c        **** 11,
 245:main.c        **** 11,
 246:main.c        **** 10,
 247:main.c        **** 10,
 248:main.c        **** 10,
 249:main.c        **** 11,
 250:main.c        **** 11,
 251:main.c        **** 10,
 252:main.c        **** 10,
 253:main.c        **** 10,
 254:main.c        **** 12,
 255:main.c        **** 12,
 256:main.c        **** 12,
 257:main.c        **** 11,
 258:main.c        **** 11,
 259:main.c        **** 13,
 260:main.c        **** 13,
 261:main.c        **** 13,
 262:main.c        **** 11,
 263:main.c        **** 11,
 264:main.c        **** 13,
 265:main.c        **** 13,
 266:main.c        **** 13,
 267:main.c        **** 12,
 268:main.c        **** 12,
 269:main.c        **** 13,
 270:main.c        **** 13,
 271:main.c        **** 13,
 272:main.c        **** 11,
 273:main.c        **** 11,
 274:main.c        **** 11,
 275:main.c        **** 14,
 276:main.c        **** 14,
 277:main.c        **** 12,
 278:main.c        **** 12,
 279:main.c        **** 12,
 280:main.c        **** 14,
 281:main.c        **** 14,
 282:main.c        **** 11,
 283:main.c        **** 11,
 284:main.c        **** 11,
 285:main.c        **** 12,
 286:main.c        **** 12,
 287:main.c        **** 11,
 288:main.c        **** 11,
 289:main.c        **** 11,
ARM GAS  C:\Users\pajoh\AppData\Local\Temp\ccKCKsqb.s 			page 17


 290:main.c        **** 12,
 291:main.c        **** 12,
 292:main.c        **** 9,
 293:main.c        **** 9,
 294:main.c        **** 9,
 295:main.c        **** 11,
 296:main.c        **** 11,
 297:main.c        **** 11,
 298:main.c        **** 9,
 299:main.c        **** 9,
 300:main.c        **** 10,
 301:main.c        **** 10,
 302:main.c        **** 10,
 303:main.c        **** 7,
 304:main.c        **** 7,
 305:main.c        **** 8,
 306:main.c        **** 8,
 307:main.c        **** 8,
 308:main.c        **** 7,
 309:main.c        **** 7,
 310:main.c        **** 6,
 311:main.c        **** 6,
 312:main.c        **** 6,
 313:main.c        **** 4,
 314:main.c        **** 4,
 315:main.c        **** 6,
 316:main.c        **** 6,
 317:main.c        **** 6,
 318:main.c        **** 3,
 319:main.c        **** 3,
 320:main.c        **** 3,
 321:main.c        **** 2,
 322:main.c        **** 2,
 323:main.c        **** 0,
 324:main.c        **** 0,
 325:main.c        **** 0,
 326:main.c        **** 1,
 327:main.c        **** 1,
 328:main.c        **** 0,
 329:main.c        **** 0,
 330:main.c        **** 0,
 331:main.c        **** 0,
 332:main.c        **** 0,
 333:main.c        **** -3,
 334:main.c        **** -3,
 335:main.c        **** -3,
 336:main.c        **** -2,
 337:main.c        **** -2,
 338:main.c        **** -2,
 339:main.c        **** -4,
 340:main.c        **** -4,
 341:main.c        **** -4,
 342:main.c        **** -4,
 343:main.c        **** -4,
 344:main.c        **** -7,
 345:main.c        **** -7,
 346:main.c        **** -6,
ARM GAS  C:\Users\pajoh\AppData\Local\Temp\ccKCKsqb.s 			page 18


 347:main.c        **** -6,
 348:main.c        **** -6,
 349:main.c        **** -9,
 350:main.c        **** -9,
 351:main.c        **** -9,
 352:main.c        **** -9,
 353:main.c        **** -9,
 354:main.c        **** -12,
 355:main.c        **** -12,
 356:main.c        **** -10,
 357:main.c        **** -10,
 358:main.c        **** -10,
 359:main.c        **** -12,
 360:main.c        **** -12,
 361:main.c        **** -12,
 362:main.c        **** -11,
 363:main.c        **** -11,
 364:main.c        **** -14,
 365:main.c        **** -14,
 366:main.c        **** -14,
 367:main.c        **** -13,
 368:main.c        **** -13,
 369:main.c        **** -14,
 370:main.c        **** -14,
 371:main.c        **** -14,
 372:main.c        **** -14,
 373:main.c        **** -14,
 374:main.c        **** -17,
 375:main.c        **** -17,
 376:main.c        **** -17,
 377:main.c        **** -15,
 378:main.c        **** -15,
 379:main.c        **** -17,
 380:main.c        **** -17,
 381:main.c        **** -17,
 382:main.c        **** -16,
 383:main.c        **** -16,
 384:main.c        **** -16,
 385:main.c        **** -19,
 386:main.c        **** -19,
 387:main.c        **** -17,
 388:main.c        **** -17,
 389:main.c        **** -17,
 390:main.c        **** -18,
 391:main.c        **** -18,
 392:main.c        **** -17,
 393:main.c        **** -17,
 394:main.c        **** -17,
 395:main.c        **** -20,
 396:main.c        **** -20,
 397:main.c        **** -17,
 398:main.c        **** -17,
 399:main.c        **** -17,
 400:main.c        **** -19,
 401:main.c        **** -19,
 402:main.c        **** -19,
 403:main.c        **** -17,
ARM GAS  C:\Users\pajoh\AppData\Local\Temp\ccKCKsqb.s 			page 19


 404:main.c        **** -17,
 405:main.c        **** -20,
 406:main.c        **** -20,
 407:main.c        **** -20,
 408:main.c        **** -17,
 409:main.c        **** -17,
 410:main.c        **** -18,
 411:main.c        **** -18,
 412:main.c        **** -18,
 413:main.c        **** -18,
 414:main.c        **** -18,
 415:main.c        **** -20,
 416:main.c        **** -20,
 417:main.c        **** -20,
 418:main.c        **** -18,
 419:main.c        **** -18,
 420:main.c        **** -19,
 421:main.c        **** -19,
 422:main.c        **** -19,
 423:main.c        **** -17,
 424:main.c        **** -17,
 425:main.c        **** -17,
 426:main.c        **** -20,
 427:main.c        **** -20,
 428:main.c        **** -17,
 429:main.c        **** -17,
 430:main.c        **** -17,
 431:main.c        **** -17,
 432:main.c        **** -17,
 433:main.c        **** -16,
 434:main.c        **** -16,
 435:main.c        **** -16,
 436:main.c        **** -18,
 437:main.c        **** -18,
 438:main.c        **** -16,
 439:main.c        **** -16,
 440:main.c        **** -16,
 441:main.c        **** -16,
 442:main.c        **** -16,
 443:main.c        **** -15,
 444:main.c        **** -15,
 445:main.c        **** -15,
 446:main.c        **** -17,
 447:main.c        **** -17,
 448:main.c        **** -17,
 449:main.c        **** -15,
 450:main.c        **** -15,
 451:main.c        **** -15,
 452:main.c        **** -15,
 453:main.c        **** -15,
 454:main.c        **** -14,
 455:main.c        **** -14,
 456:main.c        **** -15,
 457:main.c        **** -15,
 458:main.c        **** -15,
 459:main.c        **** -12,
 460:main.c        **** -12,
ARM GAS  C:\Users\pajoh\AppData\Local\Temp\ccKCKsqb.s 			page 20


 461:main.c        **** -13,
 462:main.c        **** -13,
 463:main.c        **** -13,
 464:main.c        **** -11,
 465:main.c        **** -11,
 466:main.c        **** -11,
 467:main.c        **** -12,
 468:main.c        **** -12,
 469:main.c        **** -10,
 470:main.c        **** -10,
 471:main.c        **** -10,
 472:main.c        **** -10,
 473:main.c        **** -10,
 474:main.c        **** -8,
 475:main.c        **** -8,
 476:main.c        **** -8,
 477:main.c        **** -11,
 478:main.c        **** -11,
 479:main.c        **** -7,
 480:main.c        **** -7,
 481:main.c        **** -7,
 482:main.c        **** -8,
 483:main.c        **** -8,
 484:main.c        **** -6,
 485:main.c        **** -6,
 486:main.c        **** -6,
 487:main.c        **** -7,
 488:main.c        **** -7,
 489:main.c        **** -7,
 490:main.c        **** -4,
 491:main.c        **** -4,
 492:main.c        **** -5,
 493:main.c        **** -5,
 494:main.c        **** -5,
 495:main.c        **** -3,
 496:main.c        **** -3,
 497:main.c        **** -4,
 498:main.c        **** -4,
 499:main.c        **** -4,
 500:main.c        **** -1,
 501:main.c        **** -1,
 502:main.c        **** -2,
 503:main.c        **** -2,
 504:main.c        **** -2,
 505:main.c        **** 0,
 506:main.c        **** 0,
 507:main.c        **** -2,
 508:main.c        **** -2,
 509:main.c        **** -2,
 510:main.c        **** 0,
 511:main.c        **** 0,
 512:main.c        **** 0,
 513:main.c        **** 0,
 514:main.c        **** 0,
 515:main.c        **** 1,
 516:main.c        **** 1,
 517:main.c        **** 1,
ARM GAS  C:\Users\pajoh\AppData\Local\Temp\ccKCKsqb.s 			page 21


 518:main.c        **** 0,
 519:main.c        **** 0,
 520:main.c        **** 2,
 521:main.c        **** 2,
 522:main.c        **** 2,
 523:main.c        **** 1,
 524:main.c        **** 1,
 525:main.c        **** 3,
 526:main.c        **** 3,
 527:main.c        **** 3,
 528:main.c        **** 1,
 529:main.c        **** 1,
 530:main.c        **** 1,
 531:main.c        **** 3,
 532:main.c        **** 3,
 533:main.c        **** 2,
 534:main.c        **** 2,
 535:main.c        **** 2,
 536:main.c        **** 3,
 537:main.c        **** 3,
 538:main.c        **** 2,
 539:main.c        **** 2,
 540:main.c        **** 2,
 541:main.c        **** 3,
 542:main.c        **** 3,
 543:main.c        **** 2,
 544:main.c        **** 2,
 545:main.c        **** 2,
 546:main.c        **** 3,
 547:main.c        **** 3,
 548:main.c        **** 0,
 549:main.c        **** 0,
 550:main.c        **** 0,
 551:main.c        **** 3,
 552:main.c        **** 3,
 553:main.c        **** 3,
 554:main.c        **** 1,
 555:main.c        **** 1,
 556:main.c        **** 2,
 557:main.c        **** 2,
 558:main.c        **** 2,
 559:main.c        **** 0,
 560:main.c        **** 0,
 561:main.c        **** 1,
 562:main.c        **** 1,
 563:main.c        **** 1,
 564:main.c        **** 0,
 565:main.c        **** 0,
 566:main.c        **** 0,
 567:main.c        **** 0,
 568:main.c        **** 0,
 569:main.c        **** -1,
 570:main.c        **** -1 };
 571:main.c        **** 
 572:main.c        **** 
 573:main.c        **** 
 574:main.c        **** /*******************************************************************************
ARM GAS  C:\Users\pajoh\AppData\Local\Temp\ccKCKsqb.s 			page 22


 575:main.c        **** * Function Name: main
 576:main.c        **** ********************************************************************************
 577:main.c        **** * Summary:
 578:main.c        **** * 
 579:main.c        **** * Parameters:
 580:main.c        **** *  None.
 581:main.c        **** *
 582:main.c        **** * Return:
 583:main.c        **** *  None.
 584:main.c        **** *
 585:main.c        **** *******************************************************************************/
 586:main.c        **** int main()
 587:main.c        **** {
 624              		.loc 1 587 0
 625              		.cfi_startproc
 626              		@ args = 0, pretend = 0, frame = 88
 627              		@ frame_needed = 1, uses_anonymous_args = 0
 628 0000 80B5     		push	{r7, lr}
 629              		.cfi_def_cfa_offset 8
 630              		.cfi_offset 7, -8
 631              		.cfi_offset 14, -4
 632 0002 9AB0     		sub	sp, sp, #104
 633              		.cfi_def_cfa_offset 112
 634 0004 04AF     		add	r7, sp, #16
 635              		.cfi_def_cfa 7, 96
 588:main.c        ****     pid_ts position_pid;
 589:main.c        ****     CyDelay(200u);
 636              		.loc 1 589 0
 637 0006 C820     		movs	r0, #200
 638 0008 FFF7FEFF 		bl	CyDelay
 590:main.c        ****     
 591:main.c        ****     //Start components
 592:main.c        ****     SPIM_Start();
 639              		.loc 1 592 0
 640 000c FFF7FEFF 		bl	SPIM_Start
 593:main.c        ****     UART_1_Start();
 641              		.loc 1 593 0
 642 0010 FFF7FEFF 		bl	UART_1_Start
 594:main.c        ****     Timer_1_Start();
 643              		.loc 1 594 0
 644 0014 FFF7FEFF 		bl	Timer_1_Start
 595:main.c        ****     ShiftReg_1_Start();
 645              		.loc 1 595 0
 646 0018 FFF7FEFF 		bl	ShiftReg_1_Start
 596:main.c        ****     Microstep_Write(SIXTEENTH_STEP);
 647              		.loc 1 596 0
 648 001c 0720     		movs	r0, #7
 649 001e FFF7FEFF 		bl	Microstep_Write
 597:main.c        **** 
 598:main.c        ****     CyDelay(10);
 650              		.loc 1 598 0
 651 0022 0A20     		movs	r0, #10
 652 0024 FFF7FEFF 		bl	CyDelay
 599:main.c        ****     
 600:main.c        ****     ADC_DelSig_1_Start();
 653              		.loc 1 600 0
 654 0028 FFF7FEFF 		bl	ADC_DelSig_1_Start
ARM GAS  C:\Users\pajoh\AppData\Local\Temp\ccKCKsqb.s 			page 23


 601:main.c        ****     ADC_DelSig_1_StartConvert();
 655              		.loc 1 601 0
 656 002c FFF7FEFF 		bl	ADC_DelSig_1_StartConvert
 602:main.c        ****     
 603:main.c        ****     //StepDir not currently used
 604:main.c        ****     //Hardware up and down counter to be used as external step/dir interface
 605:main.c        ****     StepDir_Start();
 657              		.loc 1 605 0
 658 0030 FFF7FEFF 		bl	StepDir_Start
 606:main.c        ****     StepDir_Stop();
 659              		.loc 1 606 0
 660 0034 FFF7FEFF 		bl	StepDir_Stop
 607:main.c        ****     StepDir_WritePeriod(2000000000);
 661              		.loc 1 607 0
 662 0038 4848     		ldr	r0, .L7
 663 003a FFF7FEFF 		bl	StepDir_WritePeriod
 608:main.c        ****     StepDir_Enable();
 664              		.loc 1 608 0
 665 003e FFF7FEFF 		bl	StepDir_Enable
 609:main.c        ****     
 610:main.c        ****     //initialize angle command - see datasheet for AS5048
 611:main.c        ****     read_angle_command |= spiCalcEvenParity(read_angle_command) << 15;
 666              		.loc 1 611 0
 667 0042 474B     		ldr	r3, .L7+4
 668 0044 1B88     		ldrh	r3, [r3]	@ movhi
 669 0046 9BB2     		uxth	r3, r3
 670 0048 1846     		mov	r0, r3
 671 004a FFF7FEFF 		bl	spiCalcEvenParity
 672 004e 0346     		mov	r3, r0
 673 0050 DB03     		lsls	r3, r3, #15
 674 0052 1AB2     		sxth	r2, r3
 675 0054 424B     		ldr	r3, .L7+4
 676 0056 1B88     		ldrh	r3, [r3]	@ movhi
 677 0058 9BB2     		uxth	r3, r3
 678 005a 1BB2     		sxth	r3, r3
 679 005c 1343     		orrs	r3, r3, r2
 680 005e 1BB2     		sxth	r3, r3
 681 0060 9AB2     		uxth	r2, r3
 682 0062 3F4B     		ldr	r3, .L7+4
 683 0064 1A80     		strh	r2, [r3]	@ movhi
 612:main.c        **** 
 613:main.c        ****     PIDConfig(10,0,0,10000,-10000,100,&position_pid);
 684              		.loc 1 613 0
 685 0066 3B46     		mov	r3, r7
 686 0068 0293     		str	r3, [sp, #8]
 687 006a 6423     		movs	r3, #100
 688 006c 0193     		str	r3, [sp, #4]
 689 006e 3D4B     		ldr	r3, .L7+8
 690 0070 0093     		str	r3, [sp]
 691 0072 42F21073 		movw	r3, #10000
 692 0076 0022     		movs	r2, #0
 693 0078 0021     		movs	r1, #0
 694 007a 0A20     		movs	r0, #10
 695 007c FFF7FEFF 		bl	PIDConfig
 614:main.c        ****     
 615:main.c        ****     CyGlobalIntEnable;
 696              		.loc 1 615 0
ARM GAS  C:\Users\pajoh\AppData\Local\Temp\ccKCKsqb.s 			page 24


 697              		.syntax unified
 698              	@ 615 "main.c" 1
 699 0080 62B6     		CPSIE   i
 700              	@ 0 "" 2
 616:main.c        ****     tick_Start();
 701              		.loc 1 616 0
 702              		.thumb
 703              		.syntax unified
 704 0082 FFF7FEFF 		bl	tick_Start
 617:main.c        ****     
 618:main.c        ****     if(ADC_DelSig_1_IsEndConversion(ADC_DelSig_1_WAIT_FOR_RESULT)){
 705              		.loc 1 618 0
 706 0086 0020     		movs	r0, #0
 707 0088 FFF7FEFF 		bl	ADC_DelSig_1_IsEndConversion
 708 008c 0346     		mov	r3, r0
 709 008e 002B     		cmp	r3, #0
 710 0090 10D0     		beq	.L2
 619:main.c        ****             position_ref_initial = ADC_DelSig_1_GetResult16();
 711              		.loc 1 619 0
 712 0092 FFF7FEFF 		bl	ADC_DelSig_1_GetResult16
 713 0096 0346     		mov	r3, r0
 714 0098 1A46     		mov	r2, r3
 715 009a 334B     		ldr	r3, .L7+12
 716 009c 1A60     		str	r2, [r3]
 620:main.c        ****             position_ref_initial = ((position_ref_initial * 2) - 16384);   
 717              		.loc 1 620 0
 718 009e 324B     		ldr	r3, .L7+12
 719 00a0 1B68     		ldr	r3, [r3]
 720 00a2 A3F50053 		sub	r3, r3, #8192
 721 00a6 5B00     		lsls	r3, r3, #1
 722 00a8 2F4A     		ldr	r2, .L7+12
 723 00aa 1360     		str	r3, [r2]
 621:main.c        ****             position_ref_old = position_ref_initial;
 724              		.loc 1 621 0
 725 00ac 2E4B     		ldr	r3, .L7+12
 726 00ae 1B68     		ldr	r3, [r3]
 727 00b0 2E4A     		ldr	r2, .L7+16
 728 00b2 1360     		str	r3, [r2]
 729              	.L2:
 622:main.c        ****     }
 623:main.c        **** 
 624:main.c        ****     for(;;)
 625:main.c        ****     {
 626:main.c        ****         if(controller_tick == 1){
 730              		.loc 1 626 0
 731 00b4 2E4B     		ldr	r3, .L7+20
 732 00b6 1B78     		ldrb	r3, [r3]
 733 00b8 DBB2     		uxtb	r3, r3
 734 00ba 012B     		cmp	r3, #1
 735 00bc 10D1     		bne	.L3
 627:main.c        ****             Microstep_Write(SIXTEENTH_STEP);
 736              		.loc 1 627 0
 737 00be 0720     		movs	r0, #7
 738 00c0 FFF7FEFF 		bl	Microstep_Write
 628:main.c        **** 
 629:main.c        ****             controller_tick = 0;
 739              		.loc 1 629 0
ARM GAS  C:\Users\pajoh\AppData\Local\Temp\ccKCKsqb.s 			page 25


 740 00c4 2A4B     		ldr	r3, .L7+20
 741 00c6 0022     		movs	r2, #0
 742 00c8 1A70     		strb	r2, [r3]
 630:main.c        ****            
 631:main.c        ****             //PID loop on position. Outputs a torque command.
 632:main.c        ****             torque_command = PID(axis_position_filtered_2,position_ref,0,&position_pid);
 743              		.loc 1 632 0
 744 00ca 2A4B     		ldr	r3, .L7+24
 745 00cc 1868     		ldr	r0, [r3]
 746 00ce 2A4B     		ldr	r3, .L7+28
 747 00d0 1968     		ldr	r1, [r3]
 748 00d2 3B46     		mov	r3, r7
 749 00d4 0022     		movs	r2, #0
 750 00d6 FFF7FEFF 		bl	PID
 751 00da 0246     		mov	r2, r0
 752 00dc 274B     		ldr	r3, .L7+32
 753 00de 1A60     		str	r2, [r3]
 754              	.L3:
 633:main.c        **** 
 634:main.c        ****             #ifdef DEBUG_SERIAL
 635:main.c        ****             sprintf(transmit_buff,"%ld,%ld,%ld,%ld,%ld,%ld,%ld,%ld\n",position_pid.input,position_p
 636:main.c        ****             UART_1_PutString(transmit_buff);
 637:main.c        ****             #endif
 638:main.c        ****             
 639:main.c        ****         }
 640:main.c        ****         
 641:main.c        ****         if(ADC_DelSig_1_IsEndConversion(ADC_DelSig_1_WAIT_FOR_RESULT)){
 755              		.loc 1 641 0
 756 00e0 0020     		movs	r0, #0
 757 00e2 FFF7FEFF 		bl	ADC_DelSig_1_IsEndConversion
 758 00e6 0346     		mov	r3, r0
 759 00e8 002B     		cmp	r3, #0
 760 00ea 0CD0     		beq	.L4
 642:main.c        ****             position_ref = ADC_DelSig_1_GetResult16();
 761              		.loc 1 642 0
 762 00ec FFF7FEFF 		bl	ADC_DelSig_1_GetResult16
 763 00f0 0346     		mov	r3, r0
 764 00f2 1A46     		mov	r2, r3
 765 00f4 204B     		ldr	r3, .L7+28
 766 00f6 1A60     		str	r2, [r3]
 643:main.c        ****             position_ref = ((position_ref * 2) - 16384); //allow commanding positive and negative o
 767              		.loc 1 643 0
 768 00f8 1F4B     		ldr	r3, .L7+28
 769 00fa 1B68     		ldr	r3, [r3]
 770 00fc A3F50053 		sub	r3, r3, #8192
 771 0100 5B00     		lsls	r3, r3, #1
 772 0102 1D4A     		ldr	r2, .L7+28
 773 0104 1360     		str	r3, [r2]
 774              	.L4:
 644:main.c        ****         }
 645:main.c        ****         position_ref = (99 * position_ref_old + 1 * position_ref) / 100; //filtering, ADC is noisy!
 775              		.loc 1 645 0
 776 0106 194B     		ldr	r3, .L7+16
 777 0108 1A68     		ldr	r2, [r3]
 778 010a 1346     		mov	r3, r2
 779 010c 5B00     		lsls	r3, r3, #1
 780 010e 1344     		add	r3, r3, r2
ARM GAS  C:\Users\pajoh\AppData\Local\Temp\ccKCKsqb.s 			page 26


 781 0110 5A01     		lsls	r2, r3, #5
 782 0112 1A44     		add	r2, r2, r3
 783 0114 184B     		ldr	r3, .L7+28
 784 0116 1B68     		ldr	r3, [r3]
 785 0118 1344     		add	r3, r3, r2
 786 011a 194A     		ldr	r2, .L7+36
 787 011c 82FB0312 		smull	r1, r2, r2, r3
 788 0120 5211     		asrs	r2, r2, #5
 789 0122 DB17     		asrs	r3, r3, #31
 790 0124 D31A     		subs	r3, r2, r3
 791 0126 144A     		ldr	r2, .L7+28
 792 0128 1360     		str	r3, [r2]
 646:main.c        ****         position_ref_old = position_ref;
 793              		.loc 1 646 0
 794 012a 134B     		ldr	r3, .L7+28
 795 012c 1B68     		ldr	r3, [r3]
 796 012e 0F4A     		ldr	r2, .L7+16
 797 0130 1360     		str	r3, [r2]
 647:main.c        ****         
 648:main.c        ****         //DelSig ADC will give values that are out of range for 16 bits. Saturate at limits.
 649:main.c        ****         if(position_ref > (16384*2-100)){
 798              		.loc 1 649 0
 799 0132 114B     		ldr	r3, .L7+28
 800 0134 1B68     		ldr	r3, [r3]
 801 0136 47F69C72 		movw	r2, #32668
 802 013a 9342     		cmp	r3, r2
 803 013c 04DD     		ble	.L5
 650:main.c        ****             position_ref = 16384*2 - 100;
 804              		.loc 1 650 0
 805 013e 0E4B     		ldr	r3, .L7+28
 806 0140 47F69C72 		movw	r2, #32668
 807 0144 1A60     		str	r2, [r3]
 808 0146 B5E7     		b	.L2
 809              	.L5:
 651:main.c        ****         }
 652:main.c        ****         else if(position_ref < (-16384*2+100)){
 810              		.loc 1 652 0
 811 0148 0B4B     		ldr	r3, .L7+28
 812 014a 1B68     		ldr	r3, [r3]
 813 014c 0D4A     		ldr	r2, .L7+40
 814 014e 9342     		cmp	r3, r2
 815 0150 B0DA     		bge	.L2
 653:main.c        ****             position_ref = -16384*2+100;
 816              		.loc 1 653 0
 817 0152 094B     		ldr	r3, .L7+28
 818 0154 0B4A     		ldr	r2, .L7+40
 819 0156 1A60     		str	r2, [r3]
 654:main.c        ****         }
 655:main.c        ****         else{
 656:main.c        ****             ;   
 657:main.c        ****         }
 658:main.c        ****     }
 820              		.loc 1 658 0
 821 0158 ACE7     		b	.L2
 822              	.L8:
 823 015a 00BF     		.align	2
 824              	.L7:
ARM GAS  C:\Users\pajoh\AppData\Local\Temp\ccKCKsqb.s 			page 27


 825 015c 00943577 		.word	2000000000
 826 0160 00000000 		.word	read_angle_command
 827 0164 F0D8FFFF 		.word	-10000
 828 0168 00000000 		.word	position_ref_initial
 829 016c 00000000 		.word	position_ref_old
 830 0170 00000000 		.word	controller_tick
 831 0174 00000000 		.word	axis_position_filtered_2
 832 0178 00000000 		.word	position_ref
 833 017c 00000000 		.word	torque_command
 834 0180 1F85EB51 		.word	1374389535
 835 0184 6480FFFF 		.word	-32668
 836              		.cfi_endproc
 837              	.LFE64:
 838              		.size	main, .-main
 839              		.section	.text.spiCalcEvenParity,"ax",%progbits
 840              		.align	2
 841              		.global	spiCalcEvenParity
 842              		.thumb
 843              		.thumb_func
 844              		.type	spiCalcEvenParity, %function
 845              	spiCalcEvenParity:
 846              	.LFB65:
 659:main.c        **** }
 660:main.c        **** 
 661:main.c        **** uint8 spiCalcEvenParity(uint16 value)
 662:main.c        **** {
 847              		.loc 1 662 0
 848              		.cfi_startproc
 849              		@ args = 0, pretend = 0, frame = 16
 850              		@ frame_needed = 1, uses_anonymous_args = 0
 851              		@ link register save eliminated.
 852 0000 80B4     		push	{r7}
 853              		.cfi_def_cfa_offset 4
 854              		.cfi_offset 7, -4
 855 0002 85B0     		sub	sp, sp, #20
 856              		.cfi_def_cfa_offset 24
 857 0004 00AF     		add	r7, sp, #0
 858              		.cfi_def_cfa_register 7
 859 0006 0346     		mov	r3, r0
 860 0008 FB80     		strh	r3, [r7, #6]	@ movhi
 663:main.c        ****     uint8 cnt = 0;
 861              		.loc 1 663 0
 862 000a 0023     		movs	r3, #0
 863 000c FB73     		strb	r3, [r7, #15]
 664:main.c        ****     uint8 i;
 665:main.c        ****     for (i = 0; i < 16; i++)
 864              		.loc 1 665 0
 865 000e 0023     		movs	r3, #0
 866 0010 BB73     		strb	r3, [r7, #14]
 867 0012 0DE0     		b	.L10
 868              	.L12:
 666:main.c        ****     {
 667:main.c        ****         if (value & 0x1)
 869              		.loc 1 667 0
 870 0014 FB88     		ldrh	r3, [r7, #6]
 871 0016 03F00103 		and	r3, r3, #1
 872 001a 002B     		cmp	r3, #0
ARM GAS  C:\Users\pajoh\AppData\Local\Temp\ccKCKsqb.s 			page 28


 873 001c 02D0     		beq	.L11
 668:main.c        ****         {
 669:main.c        ****         cnt++;
 874              		.loc 1 669 0
 875 001e FB7B     		ldrb	r3, [r7, #15]	@ zero_extendqisi2
 876 0020 0133     		adds	r3, r3, #1
 877 0022 FB73     		strb	r3, [r7, #15]
 878              	.L11:
 670:main.c        ****         }
 671:main.c        ****     value >>= 1;
 879              		.loc 1 671 0 discriminator 2
 880 0024 FB88     		ldrh	r3, [r7, #6]
 881 0026 5B08     		lsrs	r3, r3, #1
 882 0028 FB80     		strh	r3, [r7, #6]	@ movhi
 665:main.c        ****     {
 883              		.loc 1 665 0 discriminator 2
 884 002a BB7B     		ldrb	r3, [r7, #14]	@ zero_extendqisi2
 885 002c 0133     		adds	r3, r3, #1
 886 002e BB73     		strb	r3, [r7, #14]
 887              	.L10:
 665:main.c        ****     {
 888              		.loc 1 665 0 is_stmt 0 discriminator 1
 889 0030 BB7B     		ldrb	r3, [r7, #14]	@ zero_extendqisi2
 890 0032 0F2B     		cmp	r3, #15
 891 0034 EED9     		bls	.L12
 672:main.c        ****     }
 673:main.c        ****     return cnt & 0x1;
 892              		.loc 1 673 0 is_stmt 1
 893 0036 FB7B     		ldrb	r3, [r7, #15]
 894 0038 03F00103 		and	r3, r3, #1
 895 003c DBB2     		uxtb	r3, r3
 674:main.c        **** }
 896              		.loc 1 674 0
 897 003e 1846     		mov	r0, r3
 898 0040 1437     		adds	r7, r7, #20
 899              		.cfi_def_cfa_offset 4
 900 0042 BD46     		mov	sp, r7
 901              		.cfi_def_cfa_register 13
 902              		@ sp needed
 903 0044 80BC     		pop	{r7}
 904              		.cfi_restore 7
 905              		.cfi_def_cfa_offset 0
 906 0046 7047     		bx	lr
 907              		.cfi_endproc
 908              	.LFE65:
 909              		.size	spiCalcEvenParity, .-spiCalcEvenParity
 910              		.text
 911              	.Letext0:
 912              		.file 2 "c:\\program files (x86)\\cypress\\psoc creator\\4.2\\psoc creator\\import\\gnu\\arm\\5.4.
 913              		.file 3 "c:\\program files (x86)\\cypress\\psoc creator\\4.2\\psoc creator\\import\\gnu\\arm\\5.4.
 914              		.file 4 "Generated_Source\\PSoC5/cytypes.h"
 915              		.file 5 "pid.h"
 916              		.file 6 "Generated_Source\\PSoC5/core_cm3.h"
 917              		.section	.debug_info,"",%progbits
 918              	.Ldebug_info0:
 919 0000 86030000 		.4byte	0x386
 920 0004 0400     		.2byte	0x4
ARM GAS  C:\Users\pajoh\AppData\Local\Temp\ccKCKsqb.s 			page 29


 921 0006 00000000 		.4byte	.Ldebug_abbrev0
 922 000a 04       		.byte	0x4
 923 000b 01       		.uleb128 0x1
 924 000c 42000000 		.4byte	.LASF51
 925 0010 0C       		.byte	0xc
 926 0011 73020000 		.4byte	.LASF52
 927 0015 7A020000 		.4byte	.LASF53
 928 0019 00000000 		.4byte	.Ldebug_ranges0+0
 929 001d 00000000 		.4byte	0
 930 0021 00000000 		.4byte	.Ldebug_line0
 931 0025 02       		.uleb128 0x2
 932 0026 01       		.byte	0x1
 933 0027 06       		.byte	0x6
 934 0028 BD010000 		.4byte	.LASF0
 935 002c 02       		.uleb128 0x2
 936 002d 01       		.byte	0x1
 937 002e 08       		.byte	0x8
 938 002f 8A010000 		.4byte	.LASF1
 939 0033 02       		.uleb128 0x2
 940 0034 02       		.byte	0x2
 941 0035 05       		.byte	0x5
 942 0036 29000000 		.4byte	.LASF2
 943 003a 02       		.uleb128 0x2
 944 003b 02       		.byte	0x2
 945 003c 07       		.byte	0x7
 946 003d 17020000 		.4byte	.LASF3
 947 0041 03       		.uleb128 0x3
 948 0042 04030000 		.4byte	.LASF9
 949 0046 02       		.byte	0x2
 950 0047 3F       		.byte	0x3f
 951 0048 4C000000 		.4byte	0x4c
 952 004c 02       		.uleb128 0x2
 953 004d 04       		.byte	0x4
 954 004e 05       		.byte	0x5
 955 004f 4D010000 		.4byte	.LASF4
 956 0053 02       		.uleb128 0x2
 957 0054 04       		.byte	0x4
 958 0055 07       		.byte	0x7
 959 0056 C2020000 		.4byte	.LASF5
 960 005a 02       		.uleb128 0x2
 961 005b 08       		.byte	0x8
 962 005c 05       		.byte	0x5
 963 005d 23010000 		.4byte	.LASF6
 964 0061 02       		.uleb128 0x2
 965 0062 08       		.byte	0x8
 966 0063 07       		.byte	0x7
 967 0064 C9010000 		.4byte	.LASF7
 968 0068 04       		.uleb128 0x4
 969 0069 04       		.byte	0x4
 970 006a 05       		.byte	0x5
 971 006b 696E7400 		.ascii	"int\000"
 972 006f 02       		.uleb128 0x2
 973 0070 04       		.byte	0x4
 974 0071 07       		.byte	0x7
 975 0072 F7010000 		.4byte	.LASF8
 976 0076 03       		.uleb128 0x3
 977 0077 4B020000 		.4byte	.LASF10
ARM GAS  C:\Users\pajoh\AppData\Local\Temp\ccKCKsqb.s 			page 30


 978 007b 03       		.byte	0x3
 979 007c 2C       		.byte	0x2c
 980 007d 41000000 		.4byte	0x41
 981 0081 05       		.uleb128 0x5
 982 0082 FF000000 		.4byte	.LASF11
 983 0086 04       		.byte	0x4
 984 0087 9201     		.2byte	0x192
 985 0089 2C000000 		.4byte	0x2c
 986 008d 05       		.uleb128 0x5
 987 008e 65020000 		.4byte	.LASF12
 988 0092 04       		.byte	0x4
 989 0093 9301     		.2byte	0x193
 990 0095 3A000000 		.4byte	0x3a
 991 0099 05       		.uleb128 0x5
 992 009a 6C020000 		.4byte	.LASF13
 993 009e 04       		.byte	0x4
 994 009f 9401     		.2byte	0x194
 995 00a1 53000000 		.4byte	0x53
 996 00a5 05       		.uleb128 0x5
 997 00a6 D4020000 		.4byte	.LASF14
 998 00aa 04       		.byte	0x4
 999 00ab 9701     		.2byte	0x197
 1000 00ad 4C000000 		.4byte	0x4c
 1001 00b1 02       		.uleb128 0x2
 1002 00b2 04       		.byte	0x4
 1003 00b3 04       		.byte	0x4
 1004 00b4 1D010000 		.4byte	.LASF15
 1005 00b8 02       		.uleb128 0x2
 1006 00b9 08       		.byte	0x8
 1007 00ba 04       		.byte	0x4
 1008 00bb DA020000 		.4byte	.LASF16
 1009 00bf 05       		.uleb128 0x5
 1010 00c0 04020000 		.4byte	.LASF17
 1011 00c4 04       		.byte	0x4
 1012 00c5 9D01     		.2byte	0x19d
 1013 00c7 5A000000 		.4byte	0x5a
 1014 00cb 02       		.uleb128 0x2
 1015 00cc 01       		.byte	0x1
 1016 00cd 08       		.byte	0x8
 1017 00ce 3B020000 		.4byte	.LASF18
 1018 00d2 06       		.uleb128 0x6
 1019 00d3 81000000 		.4byte	0x81
 1020 00d7 06       		.uleb128 0x6
 1021 00d8 8D000000 		.4byte	0x8d
 1022 00dc 06       		.uleb128 0x6
 1023 00dd 99000000 		.4byte	0x99
 1024 00e1 02       		.uleb128 0x2
 1025 00e2 08       		.byte	0x8
 1026 00e3 04       		.byte	0x4
 1027 00e4 7E010000 		.4byte	.LASF19
 1028 00e8 02       		.uleb128 0x2
 1029 00e9 04       		.byte	0x4
 1030 00ea 07       		.byte	0x7
 1031 00eb 39000000 		.4byte	.LASF20
 1032 00ef 07       		.uleb128 0x7
 1033 00f0 5E020000 		.4byte	.LASF32
 1034 00f4 58       		.byte	0x58
ARM GAS  C:\Users\pajoh\AppData\Local\Temp\ccKCKsqb.s 			page 31


 1035 00f5 05       		.byte	0x5
 1036 00f6 13       		.byte	0x13
 1037 00f7 AC010000 		.4byte	0x1ac
 1038 00fb 08       		.uleb128 0x8
 1039 00fc 33000000 		.4byte	.LASF21
 1040 0100 05       		.byte	0x5
 1041 0101 14       		.byte	0x14
 1042 0102 A5000000 		.4byte	0xa5
 1043 0106 00       		.byte	0
 1044 0107 08       		.uleb128 0x8
 1045 0108 2B030000 		.4byte	.LASF22
 1046 010c 05       		.byte	0x5
 1047 010d 15       		.byte	0x15
 1048 010e A5000000 		.4byte	0xa5
 1049 0112 04       		.byte	0x4
 1050 0113 08       		.uleb128 0x8
 1051 0114 24030000 		.4byte	.LASF23
 1052 0118 05       		.byte	0x5
 1053 0119 16       		.byte	0x16
 1054 011a A5000000 		.4byte	0xa5
 1055 011e 08       		.byte	0x8
 1056 011f 08       		.uleb128 0x8
 1057 0120 39010000 		.4byte	.LASF24
 1058 0124 05       		.byte	0x5
 1059 0125 17       		.byte	0x17
 1060 0126 A5000000 		.4byte	0xa5
 1061 012a 0C       		.byte	0xc
 1062 012b 09       		.uleb128 0x9
 1063 012c 6B7000   		.ascii	"kp\000"
 1064 012f 05       		.byte	0x5
 1065 0130 18       		.byte	0x18
 1066 0131 A5000000 		.4byte	0xa5
 1067 0135 10       		.byte	0x10
 1068 0136 09       		.uleb128 0x9
 1069 0137 6B6900   		.ascii	"ki\000"
 1070 013a 05       		.byte	0x5
 1071 013b 19       		.byte	0x19
 1072 013c A5000000 		.4byte	0xa5
 1073 0140 14       		.byte	0x14
 1074 0141 09       		.uleb128 0x9
 1075 0142 6B6400   		.ascii	"kd\000"
 1076 0145 05       		.byte	0x5
 1077 0146 1A       		.byte	0x1a
 1078 0147 A5000000 		.4byte	0xa5
 1079 014b 18       		.byte	0x18
 1080 014c 08       		.uleb128 0x8
 1081 014d 41030000 		.4byte	.LASF25
 1082 0151 05       		.byte	0x5
 1083 0152 1B       		.byte	0x1b
 1084 0153 A5000000 		.4byte	0xa5
 1085 0157 1C       		.byte	0x1c
 1086 0158 08       		.uleb128 0x8
 1087 0159 98010000 		.4byte	.LASF26
 1088 015d 05       		.byte	0x5
 1089 015e 1C       		.byte	0x1c
 1090 015f A5000000 		.4byte	0xa5
 1091 0163 20       		.byte	0x20
ARM GAS  C:\Users\pajoh\AppData\Local\Temp\ccKCKsqb.s 			page 32


 1092 0164 08       		.uleb128 0x8
 1093 0165 64010000 		.4byte	.LASF27
 1094 0169 05       		.byte	0x5
 1095 016a 1D       		.byte	0x1d
 1096 016b BF000000 		.4byte	0xbf
 1097 016f 28       		.byte	0x28
 1098 0170 08       		.uleb128 0x8
 1099 0171 45010000 		.4byte	.LASF28
 1100 0175 05       		.byte	0x5
 1101 0176 1E       		.byte	0x1e
 1102 0177 BF000000 		.4byte	0xbf
 1103 017b 30       		.byte	0x30
 1104 017c 08       		.uleb128 0x8
 1105 017d 31010000 		.4byte	.LASF29
 1106 0181 05       		.byte	0x5
 1107 0182 1F       		.byte	0x1f
 1108 0183 BF000000 		.4byte	0xbf
 1109 0187 38       		.byte	0x38
 1110 0188 09       		.uleb128 0x9
 1111 0189 667300   		.ascii	"fs\000"
 1112 018c 05       		.byte	0x5
 1113 018d 20       		.byte	0x20
 1114 018e A5000000 		.4byte	0xa5
 1115 0192 40       		.byte	0x40
 1116 0193 08       		.uleb128 0x8
 1117 0194 05010000 		.4byte	.LASF30
 1118 0198 05       		.byte	0x5
 1119 0199 21       		.byte	0x21
 1120 019a BF000000 		.4byte	0xbf
 1121 019e 48       		.byte	0x48
 1122 019f 08       		.uleb128 0x8
 1123 01a0 34020000 		.4byte	.LASF31
 1124 01a4 05       		.byte	0x5
 1125 01a5 22       		.byte	0x22
 1126 01a6 99000000 		.4byte	0x99
 1127 01aa 50       		.byte	0x50
 1128 01ab 00       		.byte	0
 1129 01ac 03       		.uleb128 0x3
 1130 01ad 5E020000 		.4byte	.LASF32
 1131 01b1 05       		.byte	0x5
 1132 01b2 23       		.byte	0x23
 1133 01b3 EF000000 		.4byte	0xef
 1134 01b7 0A       		.uleb128 0xa
 1135 01b8 D0000000 		.4byte	.LASF54
 1136 01bc 01       		.byte	0x1
 1137 01bd 4A02     		.2byte	0x24a
 1138 01bf 68000000 		.4byte	0x68
 1139 01c3 00000000 		.4byte	.LFB64
 1140 01c7 88010000 		.4byte	.LFE64-.LFB64
 1141 01cb 01       		.uleb128 0x1
 1142 01cc 9C       		.byte	0x9c
 1143 01cd E2010000 		.4byte	0x1e2
 1144 01d1 0B       		.uleb128 0xb
 1145 01d2 0A020000 		.4byte	.LASF33
 1146 01d6 01       		.byte	0x1
 1147 01d7 4C02     		.2byte	0x24c
 1148 01d9 AC010000 		.4byte	0x1ac
ARM GAS  C:\Users\pajoh\AppData\Local\Temp\ccKCKsqb.s 			page 33


 1149 01dd 03       		.uleb128 0x3
 1150 01de 91       		.byte	0x91
 1151 01df A07F     		.sleb128 -96
 1152 01e1 00       		.byte	0
 1153 01e2 0C       		.uleb128 0xc
 1154 01e3 6C010000 		.4byte	.LASF55
 1155 01e7 01       		.byte	0x1
 1156 01e8 9502     		.2byte	0x295
 1157 01ea 81000000 		.4byte	0x81
 1158 01ee 00000000 		.4byte	.LFB65
 1159 01f2 48000000 		.4byte	.LFE65-.LFB65
 1160 01f6 01       		.uleb128 0x1
 1161 01f7 9C       		.byte	0x9c
 1162 01f8 28020000 		.4byte	0x228
 1163 01fc 0D       		.uleb128 0xd
 1164 01fd E6000000 		.4byte	.LASF56
 1165 0201 01       		.byte	0x1
 1166 0202 9502     		.2byte	0x295
 1167 0204 8D000000 		.4byte	0x8d
 1168 0208 02       		.uleb128 0x2
 1169 0209 91       		.byte	0x91
 1170 020a 6E       		.sleb128 -18
 1171 020b 0E       		.uleb128 0xe
 1172 020c 636E7400 		.ascii	"cnt\000"
 1173 0210 01       		.byte	0x1
 1174 0211 9702     		.2byte	0x297
 1175 0213 81000000 		.4byte	0x81
 1176 0217 02       		.uleb128 0x2
 1177 0218 91       		.byte	0x91
 1178 0219 77       		.sleb128 -9
 1179 021a 0E       		.uleb128 0xe
 1180 021b 6900     		.ascii	"i\000"
 1181 021d 01       		.byte	0x1
 1182 021e 9802     		.2byte	0x298
 1183 0220 81000000 		.4byte	0x81
 1184 0224 02       		.uleb128 0x2
 1185 0225 91       		.byte	0x91
 1186 0226 76       		.sleb128 -10
 1187 0227 00       		.byte	0
 1188 0228 0F       		.uleb128 0xf
 1189 0229 34030000 		.4byte	.LASF34
 1190 022d 06       		.byte	0x6
 1191 022e 1207     		.2byte	0x712
 1192 0230 34020000 		.4byte	0x234
 1193 0234 06       		.uleb128 0x6
 1194 0235 76000000 		.4byte	0x76
 1195 0239 10       		.uleb128 0x10
 1196 023a EC000000 		.4byte	.LASF35
 1197 023e 01       		.byte	0x1
 1198 023f 11       		.byte	0x11
 1199 0240 D7000000 		.4byte	0xd7
 1200 0244 05       		.uleb128 0x5
 1201 0245 03       		.byte	0x3
 1202 0246 00000000 		.4byte	read_angle_command
 1203 024a 10       		.uleb128 0x10
 1204 024b 1E030000 		.4byte	.LASF36
 1205 024f 01       		.byte	0x1
ARM GAS  C:\Users\pajoh\AppData\Local\Temp\ccKCKsqb.s 			page 34


 1206 0250 13       		.byte	0x13
 1207 0251 5B020000 		.4byte	0x25b
 1208 0255 05       		.uleb128 0x5
 1209 0256 03       		.byte	0x3
 1210 0257 00000000 		.4byte	angle
 1211 025b 06       		.uleb128 0x6
 1212 025c A5000000 		.4byte	0xa5
 1213 0260 10       		.uleb128 0x10
 1214 0261 0B000000 		.4byte	.LASF37
 1215 0265 01       		.byte	0x1
 1216 0266 14       		.byte	0x14
 1217 0267 5B020000 		.4byte	0x25b
 1218 026b 05       		.uleb128 0x5
 1219 026c 03       		.byte	0x3
 1220 026d 00000000 		.4byte	angle_electric
 1221 0271 10       		.uleb128 0x10
 1222 0272 53020000 		.4byte	.LASF38
 1223 0276 01       		.byte	0x1
 1224 0277 15       		.byte	0x15
 1225 0278 5B020000 		.4byte	0x25b
 1226 027c 05       		.uleb128 0x5
 1227 027d 03       		.byte	0x3
 1228 027e 00000000 		.4byte	angle_diff
 1229 0282 10       		.uleb128 0x10
 1230 0283 1A000000 		.4byte	.LASF39
 1231 0287 01       		.byte	0x1
 1232 0288 16       		.byte	0x16
 1233 0289 5B020000 		.4byte	0x25b
 1234 028d 05       		.uleb128 0x5
 1235 028e 03       		.byte	0x3
 1236 028f 00000000 		.4byte	torque_command
 1237 0293 10       		.uleb128 0x10
 1238 0294 0E030000 		.4byte	.LASF40
 1239 0298 01       		.byte	0x1
 1240 0299 17       		.byte	0x17
 1241 029a D2000000 		.4byte	0xd2
 1242 029e 05       		.uleb128 0x5
 1243 029f 03       		.byte	0x3
 1244 02a0 00000000 		.4byte	controller_tick
 1245 02a4 10       		.uleb128 0x10
 1246 02a5 E0010000 		.4byte	.LASF41
 1247 02a9 01       		.byte	0x1
 1248 02aa 18       		.byte	0x18
 1249 02ab 5B020000 		.4byte	0x25b
 1250 02af 05       		.uleb128 0x5
 1251 02b0 03       		.byte	0x3
 1252 02b1 00000000 		.4byte	axis_position_filtered
 1253 02b5 10       		.uleb128 0x10
 1254 02b6 A4010000 		.4byte	.LASF42
 1255 02ba 01       		.byte	0x1
 1256 02bb 19       		.byte	0x19
 1257 02bc 5B020000 		.4byte	0x25b
 1258 02c0 05       		.uleb128 0x5
 1259 02c1 03       		.byte	0x3
 1260 02c2 00000000 		.4byte	axis_position_filtered_2
 1261 02c6 10       		.uleb128 0x10
 1262 02c7 F6020000 		.4byte	.LASF43
ARM GAS  C:\Users\pajoh\AppData\Local\Temp\ccKCKsqb.s 			page 35


 1263 02cb 01       		.byte	0x1
 1264 02cc 1A       		.byte	0x1a
 1265 02cd 5B020000 		.4byte	0x25b
 1266 02d1 05       		.uleb128 0x5
 1267 02d2 03       		.byte	0x3
 1268 02d3 00000000 		.4byte	axis_position
 1269 02d7 10       		.uleb128 0x10
 1270 02d8 00000000 		.4byte	.LASF44
 1271 02dc 01       		.byte	0x1
 1272 02dd 1B       		.byte	0x1b
 1273 02de 5B020000 		.4byte	0x25b
 1274 02e2 05       		.uleb128 0x5
 1275 02e3 03       		.byte	0x3
 1276 02e4 00000000 		.4byte	lead_angle
 1277 02e8 11       		.uleb128 0x11
 1278 02e9 CB000000 		.4byte	0xcb
 1279 02ed F8020000 		.4byte	0x2f8
 1280 02f1 12       		.uleb128 0x12
 1281 02f2 E8000000 		.4byte	0xe8
 1282 02f6 4F       		.byte	0x4f
 1283 02f7 00       		.byte	0
 1284 02f8 10       		.uleb128 0x10
 1285 02f9 56010000 		.4byte	.LASF45
 1286 02fd 01       		.byte	0x1
 1287 02fe 1D       		.byte	0x1d
 1288 02ff E8020000 		.4byte	0x2e8
 1289 0303 05       		.uleb128 0x5
 1290 0304 03       		.byte	0x3
 1291 0305 00000000 		.4byte	transmit_buff
 1292 0309 10       		.uleb128 0x10
 1293 030a 10010000 		.4byte	.LASF46
 1294 030e 01       		.byte	0x1
 1295 030f 1E       		.byte	0x1e
 1296 0310 A5000000 		.4byte	0xa5
 1297 0314 05       		.uleb128 0x5
 1298 0315 03       		.byte	0x3
 1299 0316 00000000 		.4byte	position_ref
 1300 031a 10       		.uleb128 0x10
 1301 031b E1020000 		.4byte	.LASF47
 1302 031f 01       		.byte	0x1
 1303 0320 1F       		.byte	0x1f
 1304 0321 A5000000 		.4byte	0xa5
 1305 0325 05       		.uleb128 0x5
 1306 0326 03       		.byte	0x3
 1307 0327 00000000 		.4byte	position_ref_initial
 1308 032b 10       		.uleb128 0x10
 1309 032c D5000000 		.4byte	.LASF48
 1310 0330 01       		.byte	0x1
 1311 0331 20       		.byte	0x20
 1312 0332 A5000000 		.4byte	0xa5
 1313 0336 05       		.uleb128 0x5
 1314 0337 03       		.byte	0x3
 1315 0338 00000000 		.4byte	position_ref_old
 1316 033c 11       		.uleb128 0x11
 1317 033d DC000000 		.4byte	0xdc
 1318 0341 4C030000 		.4byte	0x34c
 1319 0345 12       		.uleb128 0x12
ARM GAS  C:\Users\pajoh\AppData\Local\Temp\ccKCKsqb.s 			page 36


 1320 0346 E8000000 		.4byte	0xe8
 1321 034a 10       		.byte	0x10
 1322 034b 00       		.byte	0
 1323 034c 10       		.uleb128 0x10
 1324 034d 40020000 		.4byte	.LASF49
 1325 0351 01       		.byte	0x1
 1326 0352 27       		.byte	0x27
 1327 0353 5D030000 		.4byte	0x35d
 1328 0357 05       		.uleb128 0x5
 1329 0358 03       		.byte	0x3
 1330 0359 00000000 		.4byte	step_array
 1331 035d 06       		.uleb128 0x6
 1332 035e 3C030000 		.4byte	0x33c
 1333 0362 11       		.uleb128 0x11
 1334 0363 5B020000 		.4byte	0x25b
 1335 0367 73030000 		.4byte	0x373
 1336 036b 13       		.uleb128 0x13
 1337 036c E8000000 		.4byte	0xe8
 1338 0370 FF01     		.2byte	0x1ff
 1339 0372 00       		.byte	0
 1340 0373 10       		.uleb128 0x10
 1341 0374 2A020000 		.4byte	.LASF50
 1342 0378 01       		.byte	0x1
 1343 0379 3B       		.byte	0x3b
 1344 037a 84030000 		.4byte	0x384
 1345 037e 05       		.uleb128 0x5
 1346 037f 03       		.byte	0x3
 1347 0380 00000000 		.4byte	offsetMap
 1348 0384 06       		.uleb128 0x6
 1349 0385 62030000 		.4byte	0x362
 1350 0389 00       		.byte	0
 1351              		.section	.debug_abbrev,"",%progbits
 1352              	.Ldebug_abbrev0:
 1353 0000 01       		.uleb128 0x1
 1354 0001 11       		.uleb128 0x11
 1355 0002 01       		.byte	0x1
 1356 0003 25       		.uleb128 0x25
 1357 0004 0E       		.uleb128 0xe
 1358 0005 13       		.uleb128 0x13
 1359 0006 0B       		.uleb128 0xb
 1360 0007 03       		.uleb128 0x3
 1361 0008 0E       		.uleb128 0xe
 1362 0009 1B       		.uleb128 0x1b
 1363 000a 0E       		.uleb128 0xe
 1364 000b 55       		.uleb128 0x55
 1365 000c 17       		.uleb128 0x17
 1366 000d 11       		.uleb128 0x11
 1367 000e 01       		.uleb128 0x1
 1368 000f 10       		.uleb128 0x10
 1369 0010 17       		.uleb128 0x17
 1370 0011 00       		.byte	0
 1371 0012 00       		.byte	0
 1372 0013 02       		.uleb128 0x2
 1373 0014 24       		.uleb128 0x24
 1374 0015 00       		.byte	0
 1375 0016 0B       		.uleb128 0xb
 1376 0017 0B       		.uleb128 0xb
ARM GAS  C:\Users\pajoh\AppData\Local\Temp\ccKCKsqb.s 			page 37


 1377 0018 3E       		.uleb128 0x3e
 1378 0019 0B       		.uleb128 0xb
 1379 001a 03       		.uleb128 0x3
 1380 001b 0E       		.uleb128 0xe
 1381 001c 00       		.byte	0
 1382 001d 00       		.byte	0
 1383 001e 03       		.uleb128 0x3
 1384 001f 16       		.uleb128 0x16
 1385 0020 00       		.byte	0
 1386 0021 03       		.uleb128 0x3
 1387 0022 0E       		.uleb128 0xe
 1388 0023 3A       		.uleb128 0x3a
 1389 0024 0B       		.uleb128 0xb
 1390 0025 3B       		.uleb128 0x3b
 1391 0026 0B       		.uleb128 0xb
 1392 0027 49       		.uleb128 0x49
 1393 0028 13       		.uleb128 0x13
 1394 0029 00       		.byte	0
 1395 002a 00       		.byte	0
 1396 002b 04       		.uleb128 0x4
 1397 002c 24       		.uleb128 0x24
 1398 002d 00       		.byte	0
 1399 002e 0B       		.uleb128 0xb
 1400 002f 0B       		.uleb128 0xb
 1401 0030 3E       		.uleb128 0x3e
 1402 0031 0B       		.uleb128 0xb
 1403 0032 03       		.uleb128 0x3
 1404 0033 08       		.uleb128 0x8
 1405 0034 00       		.byte	0
 1406 0035 00       		.byte	0
 1407 0036 05       		.uleb128 0x5
 1408 0037 16       		.uleb128 0x16
 1409 0038 00       		.byte	0
 1410 0039 03       		.uleb128 0x3
 1411 003a 0E       		.uleb128 0xe
 1412 003b 3A       		.uleb128 0x3a
 1413 003c 0B       		.uleb128 0xb
 1414 003d 3B       		.uleb128 0x3b
 1415 003e 05       		.uleb128 0x5
 1416 003f 49       		.uleb128 0x49
 1417 0040 13       		.uleb128 0x13
 1418 0041 00       		.byte	0
 1419 0042 00       		.byte	0
 1420 0043 06       		.uleb128 0x6
 1421 0044 35       		.uleb128 0x35
 1422 0045 00       		.byte	0
 1423 0046 49       		.uleb128 0x49
 1424 0047 13       		.uleb128 0x13
 1425 0048 00       		.byte	0
 1426 0049 00       		.byte	0
 1427 004a 07       		.uleb128 0x7
 1428 004b 13       		.uleb128 0x13
 1429 004c 01       		.byte	0x1
 1430 004d 03       		.uleb128 0x3
 1431 004e 0E       		.uleb128 0xe
 1432 004f 0B       		.uleb128 0xb
 1433 0050 0B       		.uleb128 0xb
ARM GAS  C:\Users\pajoh\AppData\Local\Temp\ccKCKsqb.s 			page 38


 1434 0051 3A       		.uleb128 0x3a
 1435 0052 0B       		.uleb128 0xb
 1436 0053 3B       		.uleb128 0x3b
 1437 0054 0B       		.uleb128 0xb
 1438 0055 01       		.uleb128 0x1
 1439 0056 13       		.uleb128 0x13
 1440 0057 00       		.byte	0
 1441 0058 00       		.byte	0
 1442 0059 08       		.uleb128 0x8
 1443 005a 0D       		.uleb128 0xd
 1444 005b 00       		.byte	0
 1445 005c 03       		.uleb128 0x3
 1446 005d 0E       		.uleb128 0xe
 1447 005e 3A       		.uleb128 0x3a
 1448 005f 0B       		.uleb128 0xb
 1449 0060 3B       		.uleb128 0x3b
 1450 0061 0B       		.uleb128 0xb
 1451 0062 49       		.uleb128 0x49
 1452 0063 13       		.uleb128 0x13
 1453 0064 38       		.uleb128 0x38
 1454 0065 0B       		.uleb128 0xb
 1455 0066 00       		.byte	0
 1456 0067 00       		.byte	0
 1457 0068 09       		.uleb128 0x9
 1458 0069 0D       		.uleb128 0xd
 1459 006a 00       		.byte	0
 1460 006b 03       		.uleb128 0x3
 1461 006c 08       		.uleb128 0x8
 1462 006d 3A       		.uleb128 0x3a
 1463 006e 0B       		.uleb128 0xb
 1464 006f 3B       		.uleb128 0x3b
 1465 0070 0B       		.uleb128 0xb
 1466 0071 49       		.uleb128 0x49
 1467 0072 13       		.uleb128 0x13
 1468 0073 38       		.uleb128 0x38
 1469 0074 0B       		.uleb128 0xb
 1470 0075 00       		.byte	0
 1471 0076 00       		.byte	0
 1472 0077 0A       		.uleb128 0xa
 1473 0078 2E       		.uleb128 0x2e
 1474 0079 01       		.byte	0x1
 1475 007a 3F       		.uleb128 0x3f
 1476 007b 19       		.uleb128 0x19
 1477 007c 03       		.uleb128 0x3
 1478 007d 0E       		.uleb128 0xe
 1479 007e 3A       		.uleb128 0x3a
 1480 007f 0B       		.uleb128 0xb
 1481 0080 3B       		.uleb128 0x3b
 1482 0081 05       		.uleb128 0x5
 1483 0082 49       		.uleb128 0x49
 1484 0083 13       		.uleb128 0x13
 1485 0084 11       		.uleb128 0x11
 1486 0085 01       		.uleb128 0x1
 1487 0086 12       		.uleb128 0x12
 1488 0087 06       		.uleb128 0x6
 1489 0088 40       		.uleb128 0x40
 1490 0089 18       		.uleb128 0x18
ARM GAS  C:\Users\pajoh\AppData\Local\Temp\ccKCKsqb.s 			page 39


 1491 008a 9642     		.uleb128 0x2116
 1492 008c 19       		.uleb128 0x19
 1493 008d 01       		.uleb128 0x1
 1494 008e 13       		.uleb128 0x13
 1495 008f 00       		.byte	0
 1496 0090 00       		.byte	0
 1497 0091 0B       		.uleb128 0xb
 1498 0092 34       		.uleb128 0x34
 1499 0093 00       		.byte	0
 1500 0094 03       		.uleb128 0x3
 1501 0095 0E       		.uleb128 0xe
 1502 0096 3A       		.uleb128 0x3a
 1503 0097 0B       		.uleb128 0xb
 1504 0098 3B       		.uleb128 0x3b
 1505 0099 05       		.uleb128 0x5
 1506 009a 49       		.uleb128 0x49
 1507 009b 13       		.uleb128 0x13
 1508 009c 02       		.uleb128 0x2
 1509 009d 18       		.uleb128 0x18
 1510 009e 00       		.byte	0
 1511 009f 00       		.byte	0
 1512 00a0 0C       		.uleb128 0xc
 1513 00a1 2E       		.uleb128 0x2e
 1514 00a2 01       		.byte	0x1
 1515 00a3 3F       		.uleb128 0x3f
 1516 00a4 19       		.uleb128 0x19
 1517 00a5 03       		.uleb128 0x3
 1518 00a6 0E       		.uleb128 0xe
 1519 00a7 3A       		.uleb128 0x3a
 1520 00a8 0B       		.uleb128 0xb
 1521 00a9 3B       		.uleb128 0x3b
 1522 00aa 05       		.uleb128 0x5
 1523 00ab 27       		.uleb128 0x27
 1524 00ac 19       		.uleb128 0x19
 1525 00ad 49       		.uleb128 0x49
 1526 00ae 13       		.uleb128 0x13
 1527 00af 11       		.uleb128 0x11
 1528 00b0 01       		.uleb128 0x1
 1529 00b1 12       		.uleb128 0x12
 1530 00b2 06       		.uleb128 0x6
 1531 00b3 40       		.uleb128 0x40
 1532 00b4 18       		.uleb128 0x18
 1533 00b5 9742     		.uleb128 0x2117
 1534 00b7 19       		.uleb128 0x19
 1535 00b8 01       		.uleb128 0x1
 1536 00b9 13       		.uleb128 0x13
 1537 00ba 00       		.byte	0
 1538 00bb 00       		.byte	0
 1539 00bc 0D       		.uleb128 0xd
 1540 00bd 05       		.uleb128 0x5
 1541 00be 00       		.byte	0
 1542 00bf 03       		.uleb128 0x3
 1543 00c0 0E       		.uleb128 0xe
 1544 00c1 3A       		.uleb128 0x3a
 1545 00c2 0B       		.uleb128 0xb
 1546 00c3 3B       		.uleb128 0x3b
 1547 00c4 05       		.uleb128 0x5
ARM GAS  C:\Users\pajoh\AppData\Local\Temp\ccKCKsqb.s 			page 40


 1548 00c5 49       		.uleb128 0x49
 1549 00c6 13       		.uleb128 0x13
 1550 00c7 02       		.uleb128 0x2
 1551 00c8 18       		.uleb128 0x18
 1552 00c9 00       		.byte	0
 1553 00ca 00       		.byte	0
 1554 00cb 0E       		.uleb128 0xe
 1555 00cc 34       		.uleb128 0x34
 1556 00cd 00       		.byte	0
 1557 00ce 03       		.uleb128 0x3
 1558 00cf 08       		.uleb128 0x8
 1559 00d0 3A       		.uleb128 0x3a
 1560 00d1 0B       		.uleb128 0xb
 1561 00d2 3B       		.uleb128 0x3b
 1562 00d3 05       		.uleb128 0x5
 1563 00d4 49       		.uleb128 0x49
 1564 00d5 13       		.uleb128 0x13
 1565 00d6 02       		.uleb128 0x2
 1566 00d7 18       		.uleb128 0x18
 1567 00d8 00       		.byte	0
 1568 00d9 00       		.byte	0
 1569 00da 0F       		.uleb128 0xf
 1570 00db 34       		.uleb128 0x34
 1571 00dc 00       		.byte	0
 1572 00dd 03       		.uleb128 0x3
 1573 00de 0E       		.uleb128 0xe
 1574 00df 3A       		.uleb128 0x3a
 1575 00e0 0B       		.uleb128 0xb
 1576 00e1 3B       		.uleb128 0x3b
 1577 00e2 05       		.uleb128 0x5
 1578 00e3 49       		.uleb128 0x49
 1579 00e4 13       		.uleb128 0x13
 1580 00e5 3F       		.uleb128 0x3f
 1581 00e6 19       		.uleb128 0x19
 1582 00e7 3C       		.uleb128 0x3c
 1583 00e8 19       		.uleb128 0x19
 1584 00e9 00       		.byte	0
 1585 00ea 00       		.byte	0
 1586 00eb 10       		.uleb128 0x10
 1587 00ec 34       		.uleb128 0x34
 1588 00ed 00       		.byte	0
 1589 00ee 03       		.uleb128 0x3
 1590 00ef 0E       		.uleb128 0xe
 1591 00f0 3A       		.uleb128 0x3a
 1592 00f1 0B       		.uleb128 0xb
 1593 00f2 3B       		.uleb128 0x3b
 1594 00f3 0B       		.uleb128 0xb
 1595 00f4 49       		.uleb128 0x49
 1596 00f5 13       		.uleb128 0x13
 1597 00f6 3F       		.uleb128 0x3f
 1598 00f7 19       		.uleb128 0x19
 1599 00f8 02       		.uleb128 0x2
 1600 00f9 18       		.uleb128 0x18
 1601 00fa 00       		.byte	0
 1602 00fb 00       		.byte	0
 1603 00fc 11       		.uleb128 0x11
 1604 00fd 01       		.uleb128 0x1
ARM GAS  C:\Users\pajoh\AppData\Local\Temp\ccKCKsqb.s 			page 41


 1605 00fe 01       		.byte	0x1
 1606 00ff 49       		.uleb128 0x49
 1607 0100 13       		.uleb128 0x13
 1608 0101 01       		.uleb128 0x1
 1609 0102 13       		.uleb128 0x13
 1610 0103 00       		.byte	0
 1611 0104 00       		.byte	0
 1612 0105 12       		.uleb128 0x12
 1613 0106 21       		.uleb128 0x21
 1614 0107 00       		.byte	0
 1615 0108 49       		.uleb128 0x49
 1616 0109 13       		.uleb128 0x13
 1617 010a 2F       		.uleb128 0x2f
 1618 010b 0B       		.uleb128 0xb
 1619 010c 00       		.byte	0
 1620 010d 00       		.byte	0
 1621 010e 13       		.uleb128 0x13
 1622 010f 21       		.uleb128 0x21
 1623 0110 00       		.byte	0
 1624 0111 49       		.uleb128 0x49
 1625 0112 13       		.uleb128 0x13
 1626 0113 2F       		.uleb128 0x2f
 1627 0114 05       		.uleb128 0x5
 1628 0115 00       		.byte	0
 1629 0116 00       		.byte	0
 1630 0117 00       		.byte	0
 1631              		.section	.debug_aranges,"",%progbits
 1632 0000 24000000 		.4byte	0x24
 1633 0004 0200     		.2byte	0x2
 1634 0006 00000000 		.4byte	.Ldebug_info0
 1635 000a 04       		.byte	0x4
 1636 000b 00       		.byte	0
 1637 000c 0000     		.2byte	0
 1638 000e 0000     		.2byte	0
 1639 0010 00000000 		.4byte	.LFB64
 1640 0014 88010000 		.4byte	.LFE64-.LFB64
 1641 0018 00000000 		.4byte	.LFB65
 1642 001c 48000000 		.4byte	.LFE65-.LFB65
 1643 0020 00000000 		.4byte	0
 1644 0024 00000000 		.4byte	0
 1645              		.section	.debug_ranges,"",%progbits
 1646              	.Ldebug_ranges0:
 1647 0000 00000000 		.4byte	.LFB64
 1648 0004 88010000 		.4byte	.LFE64
 1649 0008 00000000 		.4byte	.LFB65
 1650 000c 48000000 		.4byte	.LFE65
 1651 0010 00000000 		.4byte	0
 1652 0014 00000000 		.4byte	0
 1653              		.section	.debug_line,"",%progbits
 1654              	.Ldebug_line0:
 1655 0000 BB010000 		.section	.debug_str,"MS",%progbits,1
 1655      02005501 
 1655      00000201 
 1655      FB0E0D00 
 1655      01010101 
 1656              	.LASF44:
 1657 0000 6C656164 		.ascii	"lead_angle\000"
ARM GAS  C:\Users\pajoh\AppData\Local\Temp\ccKCKsqb.s 			page 42


 1657      5F616E67 
 1657      6C6500
 1658              	.LASF37:
 1659 000b 616E676C 		.ascii	"angle_electric\000"
 1659      655F656C 
 1659      65637472 
 1659      696300
 1660              	.LASF39:
 1661 001a 746F7271 		.ascii	"torque_command\000"
 1661      75655F63 
 1661      6F6D6D61 
 1661      6E6400
 1662              	.LASF2:
 1663 0029 73686F72 		.ascii	"short int\000"
 1663      7420696E 
 1663      7400
 1664              	.LASF21:
 1665 0033 696E7075 		.ascii	"input\000"
 1665      7400
 1666              	.LASF20:
 1667 0039 73697A65 		.ascii	"sizetype\000"
 1667      74797065 
 1667      00
 1668              	.LASF51:
 1669 0042 474E5520 		.ascii	"GNU C11 5.4.1 20160609 (release) [ARM/embedded-5-br"
 1669      43313120 
 1669      352E342E 
 1669      31203230 
 1669      31363036 
 1670 0075 616E6368 		.ascii	"anch revision 237715] -mcpu=cortex-m3 -mthumb -g -O"
 1670      20726576 
 1670      6973696F 
 1670      6E203233 
 1670      37373135 
 1671 00a8 30202D66 		.ascii	"0 -ffunction-sections -ffat-lto-objects\000"
 1671      66756E63 
 1671      74696F6E 
 1671      2D736563 
 1671      74696F6E 
 1672              	.LASF54:
 1673 00d0 6D61696E 		.ascii	"main\000"
 1673      00
 1674              	.LASF48:
 1675 00d5 706F7369 		.ascii	"position_ref_old\000"
 1675      74696F6E 
 1675      5F726566 
 1675      5F6F6C64 
 1675      00
 1676              	.LASF56:
 1677 00e6 76616C75 		.ascii	"value\000"
 1677      6500
 1678              	.LASF35:
 1679 00ec 72656164 		.ascii	"read_angle_command\000"
 1679      5F616E67 
 1679      6C655F63 
 1679      6F6D6D61 
 1679      6E6400
ARM GAS  C:\Users\pajoh\AppData\Local\Temp\ccKCKsqb.s 			page 43


 1680              	.LASF11:
 1681 00ff 75696E74 		.ascii	"uint8\000"
 1681      3800
 1682              	.LASF30:
 1683 0105 6572726F 		.ascii	"error_last\000"
 1683      725F6C61 
 1683      737400
 1684              	.LASF46:
 1685 0110 706F7369 		.ascii	"position_ref\000"
 1685      74696F6E 
 1685      5F726566 
 1685      00
 1686              	.LASF15:
 1687 011d 666C6F61 		.ascii	"float\000"
 1687      7400
 1688              	.LASF6:
 1689 0123 6C6F6E67 		.ascii	"long long int\000"
 1689      206C6F6E 
 1689      6720696E 
 1689      7400
 1690              	.LASF29:
 1691 0131 6572726F 		.ascii	"error_d\000"
 1691      725F6400 
 1692              	.LASF24:
 1693 0139 66656564 		.ascii	"feedforward\000"
 1693      666F7277 
 1693      61726400 
 1694              	.LASF28:
 1695 0145 6572726F 		.ascii	"error_i\000"
 1695      725F6900 
 1696              	.LASF4:
 1697 014d 6C6F6E67 		.ascii	"long int\000"
 1697      20696E74 
 1697      00
 1698              	.LASF45:
 1699 0156 7472616E 		.ascii	"transmit_buff\000"
 1699      736D6974 
 1699      5F627566 
 1699      6600
 1700              	.LASF27:
 1701 0164 6572726F 		.ascii	"error_p\000"
 1701      725F7000 
 1702              	.LASF55:
 1703 016c 73706943 		.ascii	"spiCalcEvenParity\000"
 1703      616C6345 
 1703      76656E50 
 1703      61726974 
 1703      7900
 1704              	.LASF19:
 1705 017e 6C6F6E67 		.ascii	"long double\000"
 1705      20646F75 
 1705      626C6500 
 1706              	.LASF1:
 1707 018a 756E7369 		.ascii	"unsigned char\000"
 1707      676E6564 
 1707      20636861 
 1707      7200
ARM GAS  C:\Users\pajoh\AppData\Local\Temp\ccKCKsqb.s 			page 44


 1708              	.LASF26:
 1709 0198 695F6C69 		.ascii	"i_limit_neg\000"
 1709      6D69745F 
 1709      6E656700 
 1710              	.LASF42:
 1711 01a4 61786973 		.ascii	"axis_position_filtered_2\000"
 1711      5F706F73 
 1711      6974696F 
 1711      6E5F6669 
 1711      6C746572 
 1712              	.LASF0:
 1713 01bd 7369676E 		.ascii	"signed char\000"
 1713      65642063 
 1713      68617200 
 1714              	.LASF7:
 1715 01c9 6C6F6E67 		.ascii	"long long unsigned int\000"
 1715      206C6F6E 
 1715      6720756E 
 1715      7369676E 
 1715      65642069 
 1716              	.LASF41:
 1717 01e0 61786973 		.ascii	"axis_position_filtered\000"
 1717      5F706F73 
 1717      6974696F 
 1717      6E5F6669 
 1717      6C746572 
 1718              	.LASF8:
 1719 01f7 756E7369 		.ascii	"unsigned int\000"
 1719      676E6564 
 1719      20696E74 
 1719      00
 1720              	.LASF17:
 1721 0204 696E7436 		.ascii	"int64\000"
 1721      3400
 1722              	.LASF33:
 1723 020a 706F7369 		.ascii	"position_pid\000"
 1723      74696F6E 
 1723      5F706964 
 1723      00
 1724              	.LASF3:
 1725 0217 73686F72 		.ascii	"short unsigned int\000"
 1725      7420756E 
 1725      7369676E 
 1725      65642069 
 1725      6E7400
 1726              	.LASF50:
 1727 022a 6F666673 		.ascii	"offsetMap\000"
 1727      65744D61 
 1727      7000
 1728              	.LASF31:
 1729 0234 73746174 		.ascii	"status\000"
 1729      757300
 1730              	.LASF18:
 1731 023b 63686172 		.ascii	"char\000"
 1731      00
 1732              	.LASF49:
 1733 0240 73746570 		.ascii	"step_array\000"
ARM GAS  C:\Users\pajoh\AppData\Local\Temp\ccKCKsqb.s 			page 45


 1733      5F617272 
 1733      617900
 1734              	.LASF10:
 1735 024b 696E7433 		.ascii	"int32_t\000"
 1735      325F7400 
 1736              	.LASF38:
 1737 0253 616E676C 		.ascii	"angle_diff\000"
 1737      655F6469 
 1737      666600
 1738              	.LASF32:
 1739 025e 7069645F 		.ascii	"pid_ts\000"
 1739      747300
 1740              	.LASF12:
 1741 0265 75696E74 		.ascii	"uint16\000"
 1741      313600
 1742              	.LASF13:
 1743 026c 75696E74 		.ascii	"uint32\000"
 1743      333200
 1744              	.LASF52:
 1745 0273 6D61696E 		.ascii	"main.c\000"
 1745      2E6300
 1746              	.LASF53:
 1747 027a 433A5C55 		.ascii	"C:\\Users\\pajoh\\projects\\StepperTorqueControl\\S"
 1747      73657273 
 1747      5C70616A 
 1747      6F685C70 
 1747      726F6A65 
 1748 02a8 74657070 		.ascii	"tepperTorqueControl.cydsn\000"
 1748      6572546F 
 1748      72717565 
 1748      436F6E74 
 1748      726F6C2E 
 1749              	.LASF5:
 1750 02c2 6C6F6E67 		.ascii	"long unsigned int\000"
 1750      20756E73 
 1750      69676E65 
 1750      6420696E 
 1750      7400
 1751              	.LASF14:
 1752 02d4 696E7433 		.ascii	"int32\000"
 1752      3200
 1753              	.LASF16:
 1754 02da 646F7562 		.ascii	"double\000"
 1754      6C6500
 1755              	.LASF47:
 1756 02e1 706F7369 		.ascii	"position_ref_initial\000"
 1756      74696F6E 
 1756      5F726566 
 1756      5F696E69 
 1756      7469616C 
 1757              	.LASF43:
 1758 02f6 61786973 		.ascii	"axis_position\000"
 1758      5F706F73 
 1758      6974696F 
 1758      6E00
 1759              	.LASF9:
 1760 0304 5F5F696E 		.ascii	"__int32_t\000"
ARM GAS  C:\Users\pajoh\AppData\Local\Temp\ccKCKsqb.s 			page 46


 1760      7433325F 
 1760      7400
 1761              	.LASF40:
 1762 030e 636F6E74 		.ascii	"controller_tick\000"
 1762      726F6C6C 
 1762      65725F74 
 1762      69636B00 
 1763              	.LASF36:
 1764 031e 616E676C 		.ascii	"angle\000"
 1764      6500
 1765              	.LASF23:
 1766 0324 6F757470 		.ascii	"output\000"
 1766      757400
 1767              	.LASF22:
 1768 032b 73657470 		.ascii	"setpoint\000"
 1768      6F696E74 
 1768      00
 1769              	.LASF34:
 1770 0334 49544D5F 		.ascii	"ITM_RxBuffer\000"
 1770      52784275 
 1770      66666572 
 1770      00
 1771              	.LASF25:
 1772 0341 695F6C69 		.ascii	"i_limit_pos\000"
 1772      6D69745F 
 1772      706F7300 
 1773              		.ident	"GCC: (GNU Tools for ARM Embedded Processors) 5.4.1 20160609 (release) [ARM/embedded-5-bran
