--------------- Build Started: 04/20/2020 10:06:46 Project: StepperTorqueControl, Configuration: ARM GCC 5.4-2016-q2-update Debug ---------------
cydsfit.exe -.appdatapath "C:\Users\pajoh\AppData\Local\Cypress Semiconductor\PSoC Creator\4.2" -.fdsnotice -.fdswarpdepfile=warp_dependencies.txt -.fdselabdepfile=elab_dependencies.txt -.fdsbldfile=generated_files.txt -.fdsreffile=referenced_files.txt -p C:\Users\pajoh\Desktop\closed_loop_printer\code\Angle_Sensor\StepperTorqueControl.cydsn\StepperTorqueControl.cyprj -d CY8C5888LTI-LP097 -s C:\Users\pajoh\Desktop\closed_loop_printer\code\Angle_Sensor\StepperTorqueControl.cydsn\Generated_Source\PSoC5 -- -yv2 -q10 -ygs -o2 -v3 -.fftcfgtype=LE
Elaborating Design...
ADD: fit.M0032: warning: Clock Warning: (Clock_1's accuracy range '100  Hz -55% +100%, (45  Hz - 200  Hz)' is not within the specified tolerance range '100  Hz +/- 5%, (95  Hz - 105  Hz)'.).
 * C:\Users\pajoh\Desktop\closed_loop_printer\code\Angle_Sensor\StepperTorqueControl.cydsn\StepperTorqueControl.cydwr (Clock_1)
 * C:\Users\pajoh\Desktop\closed_loop_printer\code\Angle_Sensor\StepperTorqueControl.cydsn\TopDesign\TopDesign.cysch (Instance:Clock_1)
HDL Generation...
Synthesis...
Tech Mapping...
ADD: pft.M0040: information: The following 2 pin(s) will be assigned a location by the fitter: DIR_IN(0), STEP_IN(0)
Analog Placement...
Info: apr.M0002: Analog signal "\ADC_DelSig_1:Net_35\" is connected to one terminal only. (App=cydsfit)
Analog Routing...
Analog Code Generation...
Digital Placement...
Digital Routing...
Bitstream Generation...
Bitstream Verification...
Static timing analysis...
API Generation...
Dependency Generation...
Cleanup...
arm-none-eabi-gcc.exe -mcpu=cortex-m3 -mthumb -I. -IGenerated_Source\PSoC5 -Wa,-alh=.\CortexM3\ARM_GCC_541\Debug/main.lst -g -Wall -ffunction-sections -ffat-lto-objects -O0 -c main.c -o .\CortexM3\ARM_GCC_541\Debug\main.o
main.c: In function 'main':
main.c:650:18: warning: unused variable 'accel_value' [-Wunused-variable]
     struct accel accel_value;
                  ^
main.c:649:12: warning: unused variable 'j' [-Wunused-variable]
     uint16 j = 0;
            ^
main.c:648:11: warning: unused variable 'i' [-Wunused-variable]
     uint8 i = 0;
           ^
main.c: In function 'axis_update':
main.c:877:11: warning: variable 'axis_position' set but not used [-Wunused-but-set-variable]
     int32 axis_position;
           ^
arm-none-eabi-gcc.exe -mcpu=cortex-m3 -mthumb -I. -IGenerated_Source\PSoC5 -Wa,-alh=.\CortexM3\ARM_GCC_541\Debug/pid.lst -g -Wall -ffunction-sections -ffat-lto-objects -O0 -c pid.c -o .\CortexM3\ARM_GCC_541\Debug\pid.o
arm-none-eabi-gcc.exe -mcpu=cortex-m3 -mthumb -I. -IGenerated_Source\PSoC5 -Wa,-alh=.\CortexM3\ARM_GCC_541\Debug/cyfitter_cfg.lst -g -Wall -ffunction-sections -ffat-lto-objects -O0 -c Generated_Source\PSoC5\cyfitter_cfg.c -o .\CortexM3\ARM_GCC_541\Debug\cyfitter_cfg.o
arm-none-eabi-gcc.exe -mcpu=cortex-m3 -mthumb -I. -IGenerated_Source\PSoC5 -Wa,-alh=.\CortexM3\ARM_GCC_541\Debug/cymetadata.lst -g -Wall -ffunction-sections -ffat-lto-objects -O0 -c Generated_Source\PSoC5\cymetadata.c -o .\CortexM3\ARM_GCC_541\Debug\cymetadata.o
arm-none-eabi-gcc.exe -mcpu=cortex-m3 -mthumb -I. -IGenerated_Source\PSoC5 -Wa,-alh=.\CortexM3\ARM_GCC_541\Debug/ss.lst -g -Wall -ffunction-sections -ffat-lto-objects -O0 -c Generated_Source\PSoC5\ss.c -o .\CortexM3\ARM_GCC_541\Debug\ss.o
arm-none-eabi-gcc.exe -mcpu=cortex-m3 -mthumb -I. -IGenerated_Source\PSoC5 -Wa,-alh=.\CortexM3\ARM_GCC_541\Debug/SPIM.lst -g -Wall -ffunction-sections -ffat-lto-objects -O0 -c Generated_Source\PSoC5\SPIM.c -o .\CortexM3\ARM_GCC_541\Debug\SPIM.o
arm-none-eabi-gcc.exe -mcpu=cortex-m3 -mthumb -I. -IGenerated_Source\PSoC5 -Wa,-alh=.\CortexM3\ARM_GCC_541\Debug/SPIM_PM.lst -g -Wall -ffunction-sections -ffat-lto-objects -O0 -c Generated_Source\PSoC5\SPIM_PM.c -o .\CortexM3\ARM_GCC_541\Debug\SPIM_PM.o
arm-none-eabi-gcc.exe -mcpu=cortex-m3 -mthumb -I. -IGenerated_Source\PSoC5 -Wa,-alh=.\CortexM3\ARM_GCC_541\Debug/SPIM_INT.lst -g -Wall -ffunction-sections -ffat-lto-objects -O0 -c Generated_Source\PSoC5\SPIM_INT.c -o .\CortexM3\ARM_GCC_541\Debug\SPIM_INT.o
arm-none-eabi-gcc.exe -mcpu=cortex-m3 -mthumb -I. -IGenerated_Source\PSoC5 -Wa,-alh=.\CortexM3\ARM_GCC_541\Debug/sclk.lst -g -Wall -ffunction-sections -ffat-lto-objects -O0 -c Generated_Source\PSoC5\sclk.c -o .\CortexM3\ARM_GCC_541\Debug\sclk.o
arm-none-eabi-gcc.exe -mcpu=cortex-m3 -mthumb -I. -IGenerated_Source\PSoC5 -Wa,-alh=.\CortexM3\ARM_GCC_541\Debug/mosi.lst -g -Wall -ffunction-sections -ffat-lto-objects -O0 -c Generated_Source\PSoC5\mosi.c -o .\CortexM3\ARM_GCC_541\Debug\mosi.o
arm-none-eabi-gcc.exe -mcpu=cortex-m3 -mthumb -I. -IGenerated_Source\PSoC5 -Wa,-alh=.\CortexM3\ARM_GCC_541\Debug/miso.lst -g -Wall -ffunction-sections -ffat-lto-objects -O0 -c Generated_Source\PSoC5\miso.c -o .\CortexM3\ARM_GCC_541\Debug\miso.o
arm-none-eabi-gcc.exe -mcpu=cortex-m3 -mthumb -I. -IGenerated_Source\PSoC5 -Wa,-alh=.\CortexM3\ARM_GCC_541\Debug/Clock.lst -g -Wall -ffunction-sections -ffat-lto-objects -O0 -c Generated_Source\PSoC5\Clock.c -o .\CortexM3\ARM_GCC_541\Debug\Clock.o
arm-none-eabi-gcc.exe -mcpu=cortex-m3 -mthumb -I. -IGenerated_Source\PSoC5 -Wa,-alh=.\CortexM3\ARM_GCC_541\Debug/cy_em_eeprom.lst -g -Wall -ffunction-sections -ffat-lto-objects -O0 -c Generated_Source\PSoC5\cy_em_eeprom.c -o .\CortexM3\ARM_GCC_541\Debug\cy_em_eeprom.o
arm-none-eabi-gcc.exe -mcpu=cortex-m3 -mthumb -I. -IGenerated_Source\PSoC5 -Wa,-alh=.\CortexM3\ARM_GCC_541\Debug/Cm3Start.lst -g -Wall -ffunction-sections -ffat-lto-objects -O0 -c Generated_Source\PSoC5\Cm3Start.c -o .\CortexM3\ARM_GCC_541\Debug\Cm3Start.o
arm-none-eabi-gcc.exe -mcpu=cortex-m3 -mthumb -I. -IGenerated_Source\PSoC5 -Wa,-alh=.\CortexM3\ARM_GCC_541\Debug/CyDmac.lst -g -Wall -ffunction-sections -ffat-lto-objects -O0 -c Generated_Source\PSoC5\CyDmac.c -o .\CortexM3\ARM_GCC_541\Debug\CyDmac.o
arm-none-eabi-gcc.exe -mcpu=cortex-m3 -mthumb -I. -IGenerated_Source\PSoC5 -Wa,-alh=.\CortexM3\ARM_GCC_541\Debug/CyFlash.lst -g -Wall -ffunction-sections -ffat-lto-objects -O0 -c Generated_Source\PSoC5\CyFlash.c -o .\CortexM3\ARM_GCC_541\Debug\CyFlash.o
arm-none-eabi-gcc.exe -mcpu=cortex-m3 -mthumb -I. -IGenerated_Source\PSoC5 -Wa,-alh=.\CortexM3\ARM_GCC_541\Debug/CyLib.lst -g -Wall -ffunction-sections -ffat-lto-objects -O0 -c Generated_Source\PSoC5\CyLib.c -o .\CortexM3\ARM_GCC_541\Debug\CyLib.o
arm-none-eabi-gcc.exe -mcpu=cortex-m3 -mthumb -I. -IGenerated_Source\PSoC5 -Wa,-alh=.\CortexM3\ARM_GCC_541\Debug/cyPm.lst -g -Wall -ffunction-sections -ffat-lto-objects -O0 -c Generated_Source\PSoC5\cyPm.c -o .\CortexM3\ARM_GCC_541\Debug\cyPm.o
arm-none-eabi-gcc.exe -mcpu=cortex-m3 -mthumb -I. -IGenerated_Source\PSoC5 -Wa,-alh=.\CortexM3\ARM_GCC_541\Debug/CySpc.lst -g -Wall -ffunction-sections -ffat-lto-objects -O0 -c Generated_Source\PSoC5\CySpc.c -o .\CortexM3\ARM_GCC_541\Debug\CySpc.o
arm-none-eabi-gcc.exe -mcpu=cortex-m3 -mthumb -I. -IGenerated_Source\PSoC5 -Wa,-alh=.\CortexM3\ARM_GCC_541\Debug/cyutils.lst -g -Wall -ffunction-sections -ffat-lto-objects -O0 -c Generated_Source\PSoC5\cyutils.c -o .\CortexM3\ARM_GCC_541\Debug\cyutils.o
arm-none-eabi-gcc.exe -mcpu=cortex-m3 -mthumb -I. -IGenerated_Source\PSoC5 -Wa,-alh=.\CortexM3\ARM_GCC_541\Debug/UART_1.lst -g -Wall -ffunction-sections -ffat-lto-objects -O0 -c Generated_Source\PSoC5\UART_1.c -o .\CortexM3\ARM_GCC_541\Debug\UART_1.o
arm-none-eabi-gcc.exe -mcpu=cortex-m3 -mthumb -I. -IGenerated_Source\PSoC5 -Wa,-alh=.\CortexM3\ARM_GCC_541\Debug/UART_1_PM.lst -g -Wall -ffunction-sections -ffat-lto-objects -O0 -c Generated_Source\PSoC5\UART_1_PM.c -o .\CortexM3\ARM_GCC_541\Debug\UART_1_PM.o
arm-none-eabi-gcc.exe -mcpu=cortex-m3 -mthumb -I. -IGenerated_Source\PSoC5 -Wa,-alh=.\CortexM3\ARM_GCC_541\Debug/UART_1_INT.lst -g -Wall -ffunction-sections -ffat-lto-objects -O0 -c Generated_Source\PSoC5\UART_1_INT.c -o .\CortexM3\ARM_GCC_541\Debug\UART_1_INT.o
arm-none-eabi-gcc.exe -mcpu=cortex-m3 -mthumb -I. -IGenerated_Source\PSoC5 -Wa,-alh=.\CortexM3\ARM_GCC_541\Debug/UART_1_BOOT.lst -g -Wall -ffunction-sections -ffat-lto-objects -O0 -c Generated_Source\PSoC5\UART_1_BOOT.c -o .\CortexM3\ARM_GCC_541\Debug\UART_1_BOOT.o
arm-none-eabi-gcc.exe -mcpu=cortex-m3 -mthumb -I. -IGenerated_Source\PSoC5 -Wa,-alh=.\CortexM3\ARM_GCC_541\Debug/UART_1_IntClock.lst -g -Wall -ffunction-sections -ffat-lto-objects -O0 -c Generated_Source\PSoC5\UART_1_IntClock.c -o .\CortexM3\ARM_GCC_541\Debug\UART_1_IntClock.o
arm-none-eabi-gcc.exe -mcpu=cortex-m3 -mthumb -I. -IGenerated_Source\PSoC5 -Wa,-alh=.\CortexM3\ARM_GCC_541\Debug/SDA_1.lst -g -Wall -ffunction-sections -ffat-lto-objects -O0 -c Generated_Source\PSoC5\SDA_1.c -o .\CortexM3\ARM_GCC_541\Debug\SDA_1.o
arm-none-eabi-gcc.exe -mcpu=cortex-m3 -mthumb -I. -IGenerated_Source\PSoC5 -Wa,-alh=.\CortexM3\ARM_GCC_541\Debug/SCL_1.lst -g -Wall -ffunction-sections -ffat-lto-objects -O0 -c Generated_Source\PSoC5\SCL_1.c -o .\CortexM3\ARM_GCC_541\Debug\SCL_1.o
arm-none-eabi-gcc.exe -mcpu=cortex-m3 -mthumb -I. -IGenerated_Source\PSoC5 -Wa,-alh=.\CortexM3\ARM_GCC_541\Debug/I2C_1.lst -g -Wall -ffunction-sections -ffat-lto-objects -O0 -c Generated_Source\PSoC5\I2C_1.c -o .\CortexM3\ARM_GCC_541\Debug\I2C_1.o
arm-none-eabi-gcc.exe -mcpu=cortex-m3 -mthumb -I. -IGenerated_Source\PSoC5 -Wa,-alh=.\CortexM3\ARM_GCC_541\Debug/I2C_1_BOOT.lst -g -Wall -ffunction-sections -ffat-lto-objects -O0 -c Generated_Source\PSoC5\I2C_1_BOOT.c -o .\CortexM3\ARM_GCC_541\Debug\I2C_1_BOOT.o
arm-none-eabi-gcc.exe -mcpu=cortex-m3 -mthumb -I. -IGenerated_Source\PSoC5 -Wa,-alh=.\CortexM3\ARM_GCC_541\Debug/I2C_1_INT.lst -g -Wall -ffunction-sections -ffat-lto-objects -O0 -c Generated_Source\PSoC5\I2C_1_INT.c -o .\CortexM3\ARM_GCC_541\Debug\I2C_1_INT.o
arm-none-eabi-gcc.exe -mcpu=cortex-m3 -mthumb -I. -IGenerated_Source\PSoC5 -Wa,-alh=.\CortexM3\ARM_GCC_541\Debug/I2C_1_PM.lst -g -Wall -ffunction-sections -ffat-lto-objects -O0 -c Generated_Source\PSoC5\I2C_1_PM.c -o .\CortexM3\ARM_GCC_541\Debug\I2C_1_PM.o
arm-none-eabi-gcc.exe -mcpu=cortex-m3 -mthumb -I. -IGenerated_Source\PSoC5 -Wa,-alh=.\CortexM3\ARM_GCC_541\Debug/I2C_1_SLAVE.lst -g -Wall -ffunction-sections -ffat-lto-objects -O0 -c Generated_Source\PSoC5\I2C_1_SLAVE.c -o .\CortexM3\ARM_GCC_541\Debug\I2C_1_SLAVE.o
arm-none-eabi-gcc.exe -mcpu=cortex-m3 -mthumb -I. -IGenerated_Source\PSoC5 -Wa,-alh=.\CortexM3\ARM_GCC_541\Debug/I2C_1_MASTER.lst -g -Wall -ffunction-sections -ffat-lto-objects -O0 -c Generated_Source\PSoC5\I2C_1_MASTER.c -o .\CortexM3\ARM_GCC_541\Debug\I2C_1_MASTER.o
arm-none-eabi-gcc.exe -mcpu=cortex-m3 -mthumb -I. -IGenerated_Source\PSoC5 -Wa,-alh=.\CortexM3\ARM_GCC_541\Debug/Clock_1.lst -g -Wall -ffunction-sections -ffat-lto-objects -O0 -c Generated_Source\PSoC5\Clock_1.c -o .\CortexM3\ARM_GCC_541\Debug\Clock_1.o
arm-none-eabi-gcc.exe -mcpu=cortex-m3 -mthumb -I. -IGenerated_Source\PSoC5 -Wa,-alh=.\CortexM3\ARM_GCC_541\Debug/STEP.lst -g -Wall -ffunction-sections -ffat-lto-objects -O0 -c Generated_Source\PSoC5\STEP.c -o .\CortexM3\ARM_GCC_541\Debug\STEP.o
arm-none-eabi-gcc.exe -mcpu=cortex-m3 -mthumb -I. -IGenerated_Source\PSoC5 -Wa,-alh=.\CortexM3\ARM_GCC_541\Debug/DIR.lst -g -Wall -ffunction-sections -ffat-lto-objects -O0 -c Generated_Source\PSoC5\DIR.c -o .\CortexM3\ARM_GCC_541\Debug\DIR.o
arm-none-eabi-gcc.exe -mcpu=cortex-m3 -mthumb -I. -IGenerated_Source\PSoC5 -Wa,-alh=.\CortexM3\ARM_GCC_541\Debug/Clock_2.lst -g -Wall -ffunction-sections -ffat-lto-objects -O0 -c Generated_Source\PSoC5\Clock_2.c -o .\CortexM3\ARM_GCC_541\Debug\Clock_2.o
arm-none-eabi-gcc.exe -mcpu=cortex-m3 -mthumb -I. -IGenerated_Source\PSoC5 -Wa,-alh=.\CortexM3\ARM_GCC_541\Debug/Direction.lst -g -Wall -ffunction-sections -ffat-lto-objects -O0 -c Generated_Source\PSoC5\Direction.c -o .\CortexM3\ARM_GCC_541\Debug\Direction.o
arm-none-eabi-gcc.exe -mcpu=cortex-m3 -mthumb -I. -IGenerated_Source\PSoC5 -Wa,-alh=.\CortexM3\ARM_GCC_541\Debug/Direction_PM.lst -g -Wall -ffunction-sections -ffat-lto-objects -O0 -c Generated_Source\PSoC5\Direction_PM.c -o .\CortexM3\ARM_GCC_541\Debug\Direction_PM.o
arm-none-eabi-gcc.exe -mcpu=cortex-m3 -mthumb -I. -IGenerated_Source\PSoC5 -Wa,-alh=.\CortexM3\ARM_GCC_541\Debug/ADC_DelSig_1.lst -g -Wall -ffunction-sections -ffat-lto-objects -O0 -c Generated_Source\PSoC5\ADC_DelSig_1.c -o .\CortexM3\ARM_GCC_541\Debug\ADC_DelSig_1.o
arm-none-eabi-gcc.exe -mcpu=cortex-m3 -mthumb -I. -IGenerated_Source\PSoC5 -Wa,-alh=.\CortexM3\ARM_GCC_541\Debug/ADC_DelSig_1_PM.lst -g -Wall -ffunction-sections -ffat-lto-objects -O0 -c Generated_Source\PSoC5\ADC_DelSig_1_PM.c -o .\CortexM3\ARM_GCC_541\Debug\ADC_DelSig_1_PM.o
arm-none-eabi-gcc.exe -mcpu=cortex-m3 -mthumb -I. -IGenerated_Source\PSoC5 -Wa,-alh=.\CortexM3\ARM_GCC_541\Debug/ADC_DelSig_1_INT.lst -g -Wall -ffunction-sections -ffat-lto-objects -O0 -c Generated_Source\PSoC5\ADC_DelSig_1_INT.c -o .\CortexM3\ARM_GCC_541\Debug\ADC_DelSig_1_INT.o
arm-none-eabi-gcc.exe -mcpu=cortex-m3 -mthumb -I. -IGenerated_Source\PSoC5 -Wa,-alh=.\CortexM3\ARM_GCC_541\Debug/x_ref_in.lst -g -Wall -ffunction-sections -ffat-lto-objects -O0 -c Generated_Source\PSoC5\x_ref_in.c -o .\CortexM3\ARM_GCC_541\Debug\x_ref_in.o
arm-none-eabi-gcc.exe -mcpu=cortex-m3 -mthumb -I. -IGenerated_Source\PSoC5 -Wa,-alh=.\CortexM3\ARM_GCC_541\Debug/ADC_DelSig_1_AMux.lst -g -Wall -ffunction-sections -ffat-lto-objects -O0 -c Generated_Source\PSoC5\ADC_DelSig_1_AMux.c -o .\CortexM3\ARM_GCC_541\Debug\ADC_DelSig_1_AMux.o
arm-none-eabi-gcc.exe -mcpu=cortex-m3 -mthumb -I. -IGenerated_Source\PSoC5 -Wa,-alh=.\CortexM3\ARM_GCC_541\Debug/ADC_DelSig_1_Ext_CP_Clk.lst -g -Wall -ffunction-sections -ffat-lto-objects -O0 -c Generated_Source\PSoC5\ADC_DelSig_1_Ext_CP_Clk.c -o .\CortexM3\ARM_GCC_541\Debug\ADC_DelSig_1_Ext_CP_Clk.o
arm-none-eabi-gcc.exe -mcpu=cortex-m3 -mthumb -I. -IGenerated_Source\PSoC5 -Wa,-alh=.\CortexM3\ARM_GCC_541\Debug/ADC_DelSig_1_IRQ.lst -g -Wall -ffunction-sections -ffat-lto-objects -O0 -c Generated_Source\PSoC5\ADC_DelSig_1_IRQ.c -o .\CortexM3\ARM_GCC_541\Debug\ADC_DelSig_1_IRQ.o
arm-none-eabi-gcc.exe -mcpu=cortex-m3 -mthumb -I. -IGenerated_Source\PSoC5 -Wa,-alh=.\CortexM3\ARM_GCC_541\Debug/ADC_DelSig_1_theACLK.lst -g -Wall -ffunction-sections -ffat-lto-objects -O0 -c Generated_Source\PSoC5\ADC_DelSig_1_theACLK.c -o .\CortexM3\ARM_GCC_541\Debug\ADC_DelSig_1_theACLK.o
arm-none-eabi-gcc.exe -mcpu=cortex-m3 -mthumb -I. -IGenerated_Source\PSoC5 -Wa,-alh=.\CortexM3\ARM_GCC_541\Debug/tick.lst -g -Wall -ffunction-sections -ffat-lto-objects -O0 -c Generated_Source\PSoC5\tick.c -o .\CortexM3\ARM_GCC_541\Debug\tick.o
arm-none-eabi-gcc.exe -mcpu=cortex-m3 -mthumb -I. -IGenerated_Source\PSoC5 -Wa,-alh=.\CortexM3\ARM_GCC_541\Debug/Clock_3.lst -g -Wall -ffunction-sections -ffat-lto-objects -O0 -c Generated_Source\PSoC5\Clock_3.c -o .\CortexM3\ARM_GCC_541\Debug\Clock_3.o
arm-none-eabi-gcc.exe -mcpu=cortex-m3 -mthumb -I. -IGenerated_Source\PSoC5 -Wa,-alh=.\CortexM3\ARM_GCC_541\Debug/Step_reg.lst -g -Wall -ffunction-sections -ffat-lto-objects -O0 -c Generated_Source\PSoC5\Step_reg.c -o .\CortexM3\ARM_GCC_541\Debug\Step_reg.o
arm-none-eabi-gcc.exe -mcpu=cortex-m3 -mthumb -I. -IGenerated_Source\PSoC5 -Wa,-alh=.\CortexM3\ARM_GCC_541\Debug/Step_reg_PM.lst -g -Wall -ffunction-sections -ffat-lto-objects -O0 -c Generated_Source\PSoC5\Step_reg_PM.c -o .\CortexM3\ARM_GCC_541\Debug\Step_reg_PM.o
arm-none-eabi-gcc.exe -mcpu=cortex-m3 -mthumb -I. -IGenerated_Source\PSoC5 -Wa,-alh=.\CortexM3\ARM_GCC_541\Debug/Timer_1.lst -g -Wall -ffunction-sections -ffat-lto-objects -O0 -c Generated_Source\PSoC5\Timer_1.c -o .\CortexM3\ARM_GCC_541\Debug\Timer_1.o
arm-none-eabi-gcc.exe -mcpu=cortex-m3 -mthumb -I. -IGenerated_Source\PSoC5 -Wa,-alh=.\CortexM3\ARM_GCC_541\Debug/Timer_1_PM.lst -g -Wall -ffunction-sections -ffat-lto-objects -O0 -c Generated_Source\PSoC5\Timer_1_PM.c -o .\CortexM3\ARM_GCC_541\Debug\Timer_1_PM.o
arm-none-eabi-gcc.exe -mcpu=cortex-m3 -mthumb -I. -IGenerated_Source\PSoC5 -Wa,-alh=.\CortexM3\ARM_GCC_541\Debug/Microstep.lst -g -Wall -ffunction-sections -ffat-lto-objects -O0 -c Generated_Source\PSoC5\Microstep.c -o .\CortexM3\ARM_GCC_541\Debug\Microstep.o
arm-none-eabi-gcc.exe -mcpu=cortex-m3 -mthumb -I. -IGenerated_Source\PSoC5 -Wa,-alh=.\CortexM3\ARM_GCC_541\Debug/Microstep_PM.lst -g -Wall -ffunction-sections -ffat-lto-objects -O0 -c Generated_Source\PSoC5\Microstep_PM.c -o .\CortexM3\ARM_GCC_541\Debug\Microstep_PM.o
arm-none-eabi-gcc.exe -mcpu=cortex-m3 -mthumb -I. -IGenerated_Source\PSoC5 -Wa,-alh=.\CortexM3\ARM_GCC_541\Debug/MS1.lst -g -Wall -ffunction-sections -ffat-lto-objects -O0 -c Generated_Source\PSoC5\MS1.c -o .\CortexM3\ARM_GCC_541\Debug\MS1.o
arm-none-eabi-gcc.exe -mcpu=cortex-m3 -mthumb -I. -IGenerated_Source\PSoC5 -Wa,-alh=.\CortexM3\ARM_GCC_541\Debug/MS2.lst -g -Wall -ffunction-sections -ffat-lto-objects -O0 -c Generated_Source\PSoC5\MS2.c -o .\CortexM3\ARM_GCC_541\Debug\MS2.o
arm-none-eabi-gcc.exe -mcpu=cortex-m3 -mthumb -I. -IGenerated_Source\PSoC5 -Wa,-alh=.\CortexM3\ARM_GCC_541\Debug/MS3.lst -g -Wall -ffunction-sections -ffat-lto-objects -O0 -c Generated_Source\PSoC5\MS3.c -o .\CortexM3\ARM_GCC_541\Debug\MS3.o
arm-none-eabi-gcc.exe -mcpu=cortex-m3 -mthumb -I. -IGenerated_Source\PSoC5 -Wa,-alh=.\CortexM3\ARM_GCC_541\Debug/SW1.lst -g -Wall -ffunction-sections -ffat-lto-objects -O0 -c Generated_Source\PSoC5\SW1.c -o .\CortexM3\ARM_GCC_541\Debug\SW1.o
arm-none-eabi-gcc.exe -mcpu=cortex-m3 -mthumb -I. -IGenerated_Source\PSoC5 -Wa,-alh=.\CortexM3\ARM_GCC_541\Debug/sw1_read.lst -g -Wall -ffunction-sections -ffat-lto-objects -O0 -c Generated_Source\PSoC5\sw1_read.c -o .\CortexM3\ARM_GCC_541\Debug\sw1_read.o
arm-none-eabi-gcc.exe -mcpu=cortex-m3 -mthumb -I. -IGenerated_Source\PSoC5 -Wa,-alh=.\CortexM3\ARM_GCC_541\Debug/ShiftReg_1.lst -g -Wall -ffunction-sections -ffat-lto-objects -O0 -c Generated_Source\PSoC5\ShiftReg_1.c -o .\CortexM3\ARM_GCC_541\Debug\ShiftReg_1.o
arm-none-eabi-gcc.exe -mcpu=cortex-m3 -mthumb -I. -IGenerated_Source\PSoC5 -Wa,-alh=.\CortexM3\ARM_GCC_541\Debug/ShiftReg_1_PM.lst -g -Wall -ffunction-sections -ffat-lto-objects -O0 -c Generated_Source\PSoC5\ShiftReg_1_PM.c -o .\CortexM3\ARM_GCC_541\Debug\ShiftReg_1_PM.o
arm-none-eabi-gcc.exe -mcpu=cortex-m3 -mthumb -I. -IGenerated_Source\PSoC5 -Wa,-alh=.\CortexM3\ARM_GCC_541\Debug/Interrupt_t.lst -g -Wall -ffunction-sections -ffat-lto-objects -O0 -c Generated_Source\PSoC5\Interrupt_t.c -o .\CortexM3\ARM_GCC_541\Debug\Interrupt_t.o
arm-none-eabi-gcc.exe -mcpu=cortex-m3 -mthumb -I. -IGenerated_Source\PSoC5 -Wa,-alh=.\CortexM3\ARM_GCC_541\Debug/Clock_4.lst -g -Wall -ffunction-sections -ffat-lto-objects -O0 -c Generated_Source\PSoC5\Clock_4.c -o .\CortexM3\ARM_GCC_541\Debug\Clock_4.o
arm-none-eabi-gcc.exe -mcpu=cortex-m3 -mthumb -I. -IGenerated_Source\PSoC5 -Wa,-alh=.\CortexM3\ARM_GCC_541\Debug/DIR_IN.lst -g -Wall -ffunction-sections -ffat-lto-objects -O0 -c Generated_Source\PSoC5\DIR_IN.c -o .\CortexM3\ARM_GCC_541\Debug\DIR_IN.o
arm-none-eabi-gcc.exe -mcpu=cortex-m3 -mthumb -I. -IGenerated_Source\PSoC5 -Wa,-alh=.\CortexM3\ARM_GCC_541\Debug/STEP_IN.lst -g -Wall -ffunction-sections -ffat-lto-objects -O0 -c Generated_Source\PSoC5\STEP_IN.c -o .\CortexM3\ARM_GCC_541\Debug\STEP_IN.o
arm-none-eabi-gcc.exe -mcpu=cortex-m3 -mthumb -I. -IGenerated_Source\PSoC5 -Wa,-alh=.\CortexM3\ARM_GCC_541\Debug/StepDir.lst -g -Wall -ffunction-sections -ffat-lto-objects -O0 -c Generated_Source\PSoC5\StepDir.c -o .\CortexM3\ARM_GCC_541\Debug\StepDir.o
arm-none-eabi-gcc.exe -mcpu=cortex-m3 -mthumb -I. -IGenerated_Source\PSoC5 -Wa,-alh=.\CortexM3\ARM_GCC_541\Debug/StepDir_PM.lst -g -Wall -ffunction-sections -ffat-lto-objects -O0 -c Generated_Source\PSoC5\StepDir_PM.c -o .\CortexM3\ARM_GCC_541\Debug\StepDir_PM.o
arm-none-eabi-as.exe -mcpu=cortex-m3 -mthumb -I. -IGenerated_Source\PSoC5 -alh=.\CortexM3\ARM_GCC_541\Debug/CyBootAsmGnu.lst -g -o .\CortexM3\ARM_GCC_541\Debug\CyBootAsmGnu.o Generated_Source\PSoC5\CyBootAsmGnu.s
arm-none-eabi-ar.exe -rs .\CortexM3\ARM_GCC_541\Debug\StepperTorqueControl.a .\CortexM3\ARM_GCC_541\Debug\ss.o .\CortexM3\ARM_GCC_541\Debug\SPIM.o .\CortexM3\ARM_GCC_541\Debug\SPIM_PM.o .\CortexM3\ARM_GCC_541\Debug\SPIM_INT.o .\CortexM3\ARM_GCC_541\Debug\sclk.o .\CortexM3\ARM_GCC_541\Debug\mosi.o .\CortexM3\ARM_GCC_541\Debug\miso.o .\CortexM3\ARM_GCC_541\Debug\Clock.o .\CortexM3\ARM_GCC_541\Debug\cy_em_eeprom.o .\CortexM3\ARM_GCC_541\Debug\CyDmac.o .\CortexM3\ARM_GCC_541\Debug\CyFlash.o .\CortexM3\ARM_GCC_541\Debug\CyLib.o .\CortexM3\ARM_GCC_541\Debug\cyPm.o .\CortexM3\ARM_GCC_541\Debug\CySpc.o .\CortexM3\ARM_GCC_541\Debug\cyutils.o .\CortexM3\ARM_GCC_541\Debug\UART_1.o .\CortexM3\ARM_GCC_541\Debug\UART_1_PM.o .\CortexM3\ARM_GCC_541\Debug\UART_1_INT.o .\CortexM3\ARM_GCC_541\Debug\UART_1_BOOT.o .\CortexM3\ARM_GCC_541\Debug\UART_1_IntClock.o .\CortexM3\ARM_GCC_541\Debug\SDA_1.o .\CortexM3\ARM_GCC_541\Debug\SCL_1.o .\CortexM3\ARM_GCC_541\Debug\I2C_1.o .\CortexM3\ARM_GCC_541\Debug\I2C_1_BOOT.o .\CortexM3\ARM_GCC_541\Debug\I2C_1_INT.o .\CortexM3\ARM_GCC_541\Debug\I2C_1_PM.o .\CortexM3\ARM_GCC_541\Debug\I2C_1_SLAVE.o .\CortexM3\ARM_GCC_541\Debug\I2C_1_MASTER.o .\CortexM3\ARM_GCC_541\Debug\Clock_1.o .\CortexM3\ARM_GCC_541\Debug\STEP.o .\CortexM3\ARM_GCC_541\Debug\DIR.o .\CortexM3\ARM_GCC_541\Debug\Clock_2.o .\CortexM3\ARM_GCC_541\Debug\Direction.o .\CortexM3\ARM_GCC_541\Debug\Direction_PM.o .\CortexM3\ARM_GCC_541\Debug\ADC_DelSig_1.o .\CortexM3\ARM_GCC_541\Debug\ADC_DelSig_1_PM.o .\CortexM3\ARM_GCC_541\Debug\ADC_DelSig_1_INT.o .\CortexM3\ARM_GCC_541\Debug\x_ref_in.o .\CortexM3\ARM_GCC_541\Debug\ADC_DelSig_1_AMux.o .\CortexM3\ARM_GCC_541\Debug\ADC_DelSig_1_Ext_CP_Clk.o .\CortexM3\ARM_GCC_541\Debug\ADC_DelSig_1_IRQ.o .\CortexM3\ARM_GCC_541\Debug\ADC_DelSig_1_theACLK.o .\CortexM3\ARM_GCC_541\Debug\tick.o .\CortexM3\ARM_GCC_541\Debug\Clock_3.o .\CortexM3\ARM_GCC_541\Debug\Step_reg.o .\CortexM3\ARM_GCC_541\Debug\Step_reg_PM.o .\CortexM3\ARM_GCC_541\Debug\Timer_1.o .\CortexM3\ARM_GCC_541\Debug\Timer_1_PM.o .\CortexM3\ARM_GCC_541\Debug\Microstep.o .\CortexM3\ARM_GCC_541\Debug\Microstep_PM.o .\CortexM3\ARM_GCC_541\Debug\MS1.o .\CortexM3\ARM_GCC_541\Debug\MS2.o .\CortexM3\ARM_GCC_541\Debug\MS3.o .\CortexM3\ARM_GCC_541\Debug\SW1.o .\CortexM3\ARM_GCC_541\Debug\sw1_read.o .\CortexM3\ARM_GCC_541\Debug\ShiftReg_1.o .\CortexM3\ARM_GCC_541\Debug\ShiftReg_1_PM.o .\CortexM3\ARM_GCC_541\Debug\Interrupt_t.o .\CortexM3\ARM_GCC_541\Debug\Clock_4.o .\CortexM3\ARM_GCC_541\Debug\DIR_IN.o .\CortexM3\ARM_GCC_541\Debug\STEP_IN.o .\CortexM3\ARM_GCC_541\Debug\StepDir.o .\CortexM3\ARM_GCC_541\Debug\StepDir_PM.o .\CortexM3\ARM_GCC_541\Debug\CyBootAsmGnu.o
arm-none-eabi-ar.exe: creating .\CortexM3\ARM_GCC_541\Debug\StepperTorqueControl.a
arm-none-eabi-gcc.exe -Wl,--start-group -o C:\Users\pajoh\Desktop\closed_loop_printer\code\Angle_Sensor\StepperTorqueControl.cydsn\CortexM3\ARM_GCC_541\Debug\StepperTorqueControl.elf .\CortexM3\ARM_GCC_541\Debug\main.o .\CortexM3\ARM_GCC_541\Debug\pid.o .\CortexM3\ARM_GCC_541\Debug\cyfitter_cfg.o .\CortexM3\ARM_GCC_541\Debug\cymetadata.o .\CortexM3\ARM_GCC_541\Debug\Cm3Start.o .\CortexM3\ARM_GCC_541\Debug\StepperTorqueControl.a "C:\Program Files (x86)\Cypress\PSoC Creator\4.2\PSoC Creator\psoc\content\cycomponentlibrary\CyComponentLibrary.cylib\CortexM3\ARM_GCC_541\Debug\CyComponentLibrary.a" -mcpu=cortex-m3 -mthumb -L Generated_Source\PSoC5 -Wl,-Map,.\CortexM3\ARM_GCC_541\Debug/StepperTorqueControl.map -T Generated_Source\PSoC5\cm3gcc.ld -specs=nano.specs -Wl,--gc-sections -g -ffunction-sections -O0 -ffat-lto-objects -Wl,--end-group
cyelftool.exe -C C:\Users\pajoh\Desktop\closed_loop_printer\code\Angle_Sensor\StepperTorqueControl.cydsn\CortexM3\ARM_GCC_541\Debug\StepperTorqueControl.elf --flash_row_size 256 --flash_size 262144 --flash_offset 0x00000000
No ELF section .cychecksum found, creating one
Application checksum calculated and stored in ELF section .cychecksum
Checksum calculated and stored in ELF section .cymeta
cyelftool.exe -S C:\Users\pajoh\Desktop\closed_loop_printer\code\Angle_Sensor\StepperTorqueControl.cydsn\CortexM3\ARM_GCC_541\Debug\StepperTorqueControl.elf
Flash used: 16552 of 262144 bytes (6.3%).
SRAM used: 6501 of 65536 bytes (9.9%). Stack: 2048 bytes. Heap: 128 bytes.
--------------- Build Succeeded: 04/20/2020 10:07:17 ---------------
