--------------- Clean Started: 03/04/2019 20:00:10 Project: Angle_Sensor, Configuration: ARM GCC 5.4-2016-q2-update Debug ---------------
Deleting file ".\CortexM3\ARM_GCC_541\Debug\main.o"
Deleting file ".\CortexM3\ARM_GCC_541\Debug\cyfitter_cfg.o"
Deleting file ".\CortexM3\ARM_GCC_541\Debug\cymetadata.o"
Deleting file ".\CortexM3\ARM_GCC_541\Debug\ss.o"
Deleting file ".\CortexM3\ARM_GCC_541\Debug\SPIM.o"
Deleting file ".\CortexM3\ARM_GCC_541\Debug\SPIM_PM.o"
Deleting file ".\CortexM3\ARM_GCC_541\Debug\SPIM_INT.o"
Deleting file ".\CortexM3\ARM_GCC_541\Debug\sclk.o"
Deleting file ".\CortexM3\ARM_GCC_541\Debug\mosi.o"
Deleting file ".\CortexM3\ARM_GCC_541\Debug\miso.o"
Deleting file ".\CortexM3\ARM_GCC_541\Debug\Clock.o"
Deleting file ".\CortexM3\ARM_GCC_541\Debug\cy_em_eeprom.o"
Deleting file ".\CortexM3\ARM_GCC_541\Debug\Cm3Start.o"
Deleting file ".\CortexM3\ARM_GCC_541\Debug\CyBootAsmGnu.o"
Deleting file ".\CortexM3\ARM_GCC_541\Debug\CyDmac.o"
Deleting file ".\CortexM3\ARM_GCC_541\Debug\CyFlash.o"
Deleting file ".\CortexM3\ARM_GCC_541\Debug\CyLib.o"
Deleting file ".\CortexM3\ARM_GCC_541\Debug\cyPm.o"
Deleting file ".\CortexM3\ARM_GCC_541\Debug\CySpc.o"
Deleting file ".\CortexM3\ARM_GCC_541\Debug\cyutils.o"
Deleting file ".\CortexM3\ARM_GCC_541\Debug\UART_1.o"
Deleting file ".\CortexM3\ARM_GCC_541\Debug\UART_1_PM.o"
Deleting file ".\CortexM3\ARM_GCC_541\Debug\UART_1_INT.o"
Deleting file ".\CortexM3\ARM_GCC_541\Debug\UART_1_BOOT.o"
Deleting file ".\CortexM3\ARM_GCC_541\Debug\UART_1_IntClock.o"
Deleting file ".\CortexM3\ARM_GCC_541\Debug\SDA_1.o"
Deleting file ".\CortexM3\ARM_GCC_541\Debug\SCL_1.o"
Deleting file ".\CortexM3\ARM_GCC_541\Debug\I2C_1.o"
Deleting file ".\CortexM3\ARM_GCC_541\Debug\I2C_1_BOOT.o"
Deleting file ".\CortexM3\ARM_GCC_541\Debug\I2C_1_INT.o"
Deleting file ".\CortexM3\ARM_GCC_541\Debug\I2C_1_PM.o"
Deleting file ".\CortexM3\ARM_GCC_541\Debug\I2C_1_SLAVE.o"
Deleting file ".\CortexM3\ARM_GCC_541\Debug\I2C_1_MASTER.o"
Deleting file ".\CortexM3\ARM_GCC_541\Debug\Clock_1.o"
Deleting file ".\CortexM3\ARM_GCC_541\Debug\STEP.o"
Deleting file ".\CortexM3\ARM_GCC_541\Debug\DIR.o"
Deleting file ".\CortexM3\ARM_GCC_541\Debug\Clock_2.o"
Deleting file ".\CortexM3\ARM_GCC_541\Debug\Direction.o"
Deleting file ".\CortexM3\ARM_GCC_541\Debug\Direction_PM.o"
Deleting file ".\CortexM3\ARM_GCC_541\Debug\ADC_DelSig_1.o"
Deleting file ".\CortexM3\ARM_GCC_541\Debug\ADC_DelSig_1_PM.o"
Deleting file ".\CortexM3\ARM_GCC_541\Debug\ADC_DelSig_1_INT.o"
Deleting file ".\CortexM3\ARM_GCC_541\Debug\x_ref_in.o"
Deleting file ".\CortexM3\ARM_GCC_541\Debug\ADC_DelSig_1_AMux.o"
Deleting file ".\CortexM3\ARM_GCC_541\Debug\ADC_DelSig_1_Ext_CP_Clk.o"
Deleting file ".\CortexM3\ARM_GCC_541\Debug\ADC_DelSig_1_IRQ.o"
Deleting file ".\CortexM3\ARM_GCC_541\Debug\ADC_DelSig_1_theACLK.o"
Deleting file ".\CortexM3\ARM_GCC_541\Debug\tick.o"
Deleting file ".\CortexM3\ARM_GCC_541\Debug\Clock_3.o"
Deleting file ".\CortexM3\ARM_GCC_541\Debug\Step_reg.o"
Deleting file ".\CortexM3\ARM_GCC_541\Debug\Step_reg_PM.o"
Deleting file ".\CortexM3\ARM_GCC_541\Debug\Timer_1.o"
Deleting file ".\CortexM3\ARM_GCC_541\Debug\Timer_1_PM.o"
Deleting file ".\CortexM3\ARM_GCC_541\Debug\Microstep.o"
Deleting file ".\CortexM3\ARM_GCC_541\Debug\Microstep_PM.o"
Deleting file ".\CortexM3\ARM_GCC_541\Debug\MS1.o"
Deleting file ".\CortexM3\ARM_GCC_541\Debug\MS2.o"
Deleting file ".\CortexM3\ARM_GCC_541\Debug\MS3.o"
Deleting file ".\CortexM3\ARM_GCC_541\Debug\SW1.o"
Deleting file ".\CortexM3\ARM_GCC_541\Debug\sw1_read.o"
Deleting file ".\CortexM3\ARM_GCC_541\Debug\Counter_1.o"
Deleting file ".\CortexM3\ARM_GCC_541\Debug\Counter_1_PM.o"
Deleting file ".\CortexM3\ARM_GCC_541\Debug\ShiftReg_1.o"
Deleting file ".\CortexM3\ARM_GCC_541\Debug\ShiftReg_1_PM.o"
Deleting file ".\CortexM3\ARM_GCC_541\Debug\Interrupt_t.o"
Deleting file ".\CortexM3\ARM_GCC_541\Debug\Clock_4.o"
Deleting file ".\CortexM3\ARM_GCC_541\Debug\DIR_IN.o"
Deleting file ".\CortexM3\ARM_GCC_541\Debug\STEP_IN.o"
Deleting file ".\CortexM3\ARM_GCC_541\Debug\Angle_Sensor.hex"
Deleting file ".\CortexM3\ARM_GCC_541\Debug\Angle_Sensor.elf"
Deleting file ".\CortexM3\ARM_GCC_541\Debug\Angle_Sensor.map"
Deleting file ".\Angle_Sensor.cycdx"
Deleting file ".\Angle_Sensor.svd"
Deleting file ".\Angle_Sensor.rpt"
Deleting file ".\Angle_Sensor_timing.html"
Deleting file ".\CortexM3\ARM_GCC_541\Debug\.deps\SOURCE_C__ARM_GCC_GENERIC.P"
Deleting file ".\CortexM3\ARM_GCC_541\Debug\.deps\SOURCE_ASM__ARM_GCC_GENERIC.P"
--------------- Clean Succeeded: 03/04/2019 20:00:11 ---------------
