--------------- Build Started: 04/01/2019 22:23:09 Project: Angle_Sensor, Configuration: ARM GCC 5.4-2016-q2-update Debug ---------------
cydsfit.exe -.appdatapath "C:\Users\pajoh\AppData\Local\Cypress Semiconductor\PSoC Creator\4.2" -.fdsnotice -.fdswarpdepfile=warp_dependencies.txt -.fdselabdepfile=elab_dependencies.txt -.fdsbldfile=generated_files.txt -.fdsreffile=referenced_files.txt -p C:\Users\pajoh\Desktop\closed_loop_printer\code\Angle_Sensor\Angle_Sensor.cydsn\Angle_Sensor.cyprj -d CY8C5888LTI-LP097 -s C:\Users\pajoh\Desktop\closed_loop_printer\code\Angle_Sensor\Angle_Sensor.cydsn\Generated_Source\PSoC5 -- -yv2 -q10 -ygs -o2 -v3 -.fftcfgtype=LE
Elaborating Design...
ADD: fit.M0032: warning: Clock Warning: (Clock_1's accuracy range '100  Hz -55% +100%, (45  Hz - 200  Hz)' is not within the specified tolerance range '100  Hz +/- 5%, (95  Hz - 105  Hz)'.).
 * C:\Users\pajoh\Desktop\closed_loop_printer\code\Angle_Sensor\Angle_Sensor.cydsn\Angle_Sensor.cydwr (Clock_1)
 * C:\Users\pajoh\Desktop\closed_loop_printer\code\Angle_Sensor\Angle_Sensor.cydsn\TopDesign\TopDesign.cysch (Instance:Clock_1)
HDL Generation...
Synthesis...
Tech Mapping...
ADD: pft.M0040: information: The following 2 pin(s) will be assigned a location by the fitter: DIR_IN(0), STEP_IN(0)
Analog Placement...
Info: apr.M0002: Analog signal "\ADC_DelSig_1:Net_35\" is connected to one terminal only. (App=cydsfit)
Analog Routing...
Analog Code Generation...
Digital Placement...
Digital Routing...
Bitstream Generation...
Bitstream Verification...
Static timing analysis...
API Generation...
Dependency Generation...
Cleanup...
--------------- Build Skipped: 04/01/2019 22:23:28 ---------------
